{"message":"Hello world","level":"info"}
{"message":"Warning message","level":"warn"}
{"message":"Error info","level":"error"}
{"message":"Hello world","level":"info"}
{"message":"Warning message","level":"warn"}
{"message":"Error info","level":"error"}
{"message":"Hello world","level":"info"}
{"message":"Warning message","level":"warn"}
{"message":"Error info","level":"error"}
{"message":"Hello world","level":"info"}
{"message":"Warning message","level":"warn"}
{"message":"Error info","level":"error"}
{"message":3020,"level":"info"}
{"message":"Time: 19:37:6:348; Method: GET; URl: /; Cookies: keys: Webstorm-6bd6bd74, values: 8cad0628-0259-4db3-941e-f8f4c757fe05 ; Hostname: localhost; StatusCode: 200; User agent: Mozilla/5.0 (Windows NT 10.0; Win64; x64; rv:59.0) Gecko/20100101 Firefox/59.0; \n","level":"info"}
{"message":"Time: 19:37:11:967; Method: GET; URl: /register; Cookies: keys: Webstorm-6bd6bd74, values: 8cad0628-0259-4db3-941e-f8f4c757fe05 ; Hostname: localhost; StatusCode: 200; User agent: Mozilla/5.0 (Windows NT 10.0; Win64; x64; rv:59.0) Gecko/20100101 Firefox/59.0; \n","level":"info"}
{"message":"Time: 19:37:14:662; Method: GET; URl: /login; Cookies: keys: Webstorm-6bd6bd74, values: 8cad0628-0259-4db3-941e-f8f4c757fe05 ; Hostname: localhost; StatusCode: 200; User agent: Mozilla/5.0 (Windows NT 10.0; Win64; x64; rv:59.0) Gecko/20100101 Firefox/59.0; \n","level":"info"}
{"message":"Time: 19:37:14:678; Method: GET; URl: /register; Cookies: keys: Webstorm-6bd6bd74, values: 8cad0628-0259-4db3-941e-f8f4c757fe05 ; Hostname: localhost; StatusCode: 200; User agent: Mozilla/5.0 (Windows NT 10.0; Win64; x64; rv:59.0) Gecko/20100101 Firefox/59.0; \n","level":"info"}
{"message":"Time: 19:37:17:313; Method: GET; URl: /log; Cookies: keys: Webstorm-6bd6bd74 isAdmin, values: 8cad0628-0259-4db3-941e-f8f4c757fe05 true ; Hostname: localhost; StatusCode: 200; User agent: Mozilla/5.0 (Windows NT 10.0; Win64; x64; rv:59.0) Gecko/20100101 Firefox/59.0; \n","level":"info"}
{"message":"Time: 19:37:18:739; Method: GET; URl: /log; Cookies: keys: Webstorm-6bd6bd74, values: 8cad0628-0259-4db3-941e-f8f4c757fe05 ; Hostname: localhost; StatusCode: 200; User agent: Mozilla/5.0 (Windows NT 10.0; Win64; x64; rv:59.0) Gecko/20100101 Firefox/59.0; \n","level":"info"}
{"message":3020,"level":"info"}
{"message":3020,"level":"info"}
{"message":3020,"level":"info"}
{"message":3020,"level":"info"}
{"message":3020,"level":"info"}
{"message":3020,"level":"info"}
{"message":3020,"level":"info"}
{"message":3020,"level":"info"}
{"message":3020,"level":"info"}
{"message":3020,"level":"info"}
{"message":3020,"level":"info"}
{"message":"Time: 19:55:51:279; Method: GET; URl: /; Cookies: keys: Webstorm-6bd6bd74, values: 8cad0628-0259-4db3-941e-f8f4c757fe05 ; Hostname: localhost; StatusCode: 200; User agent: Mozilla/5.0 (Windows NT 10.0; Win64; x64; rv:59.0) Gecko/20100101 Firefox/59.0; \n","level":"info"}
{"message":"Time: 19:55:52:927; Method: GET; URl: /; Cookies: keys: Webstorm-6bd6bd74, values: 8cad0628-0259-4db3-941e-f8f4c757fe05 ; Hostname: localhost; StatusCode: 200; User agent: Mozilla/5.0 (Windows NT 10.0; Win64; x64; rv:59.0) Gecko/20100101 Firefox/59.0; \n","level":"info"}
{"message":"Time: 19:55:55:155; Method: GET; URl: /log; Cookies: keys: Webstorm-6bd6bd74, values: 8cad0628-0259-4db3-941e-f8f4c757fe05 ; Hostname: localhost; StatusCode: 200; User agent: Mozilla/5.0 (Windows NT 10.0; Win64; x64; rv:59.0) Gecko/20100101 Firefox/59.0; \n","level":"info"}
{"message":"Time: 19:55:57:154; Method: GET; URl: /log; Cookies: keys: Webstorm-6bd6bd74 isAdmin, values: 8cad0628-0259-4db3-941e-f8f4c757fe05 true ; Hostname: localhost; StatusCode: 200; User agent: Mozilla/5.0 (Windows NT 10.0; Win64; x64; rv:59.0) Gecko/20100101 Firefox/59.0; \n","level":"info"}
{"message":"Time: 19:55:58:930; Method: GET; URl: /log; Cookies: keys: Webstorm-6bd6bd74 isAdmin, values: 8cad0628-0259-4db3-941e-f8f4c757fe05 true ; Hostname: localhost; StatusCode: 200; User agent: Mozilla/5.0 (Windows NT 10.0; Win64; x64; rv:59.0) Gecko/20100101 Firefox/59.0; \n","level":"info"}
{"message":"Time: 19:56:0:122; Method: GET; URl: /log; Cookies: keys: Webstorm-6bd6bd74 isAdmin, values: 8cad0628-0259-4db3-941e-f8f4c757fe05 true ; Hostname: localhost; StatusCode: 200; User agent: Mozilla/5.0 (Windows NT 10.0; Win64; x64; rv:59.0) Gecko/20100101 Firefox/59.0; \n","level":"info"}
{"message":3020,"level":"info"}
{"message":"Time: 19:56:28:739; Method: GET; URl: /; Cookies: keys: Webstorm-6bd6bd74 isAdmin, values: 8cad0628-0259-4db3-941e-f8f4c757fe05 true ; Hostname: localhost; StatusCode: 200; User agent: Mozilla/5.0 (Windows NT 10.0; Win64; x64; rv:59.0) Gecko/20100101 Firefox/59.0; \n","level":"info"}
{"message":"Time: 19:56:29:787; Method: GET; URl: /log; Cookies: keys: Webstorm-6bd6bd74 isAdmin, values: 8cad0628-0259-4db3-941e-f8f4c757fe05 true ; Hostname: localhost; StatusCode: 200; User agent: Mozilla/5.0 (Windows NT 10.0; Win64; x64; rv:59.0) Gecko/20100101 Firefox/59.0; \n","level":"info"}
{"message":3020,"level":"info"}
{"message":"Time: 19:56:50:938; Method: GET; URl: /; Cookies: keys: Webstorm-6bd6bd74 isAdmin, values: 8cad0628-0259-4db3-941e-f8f4c757fe05 true ; Hostname: localhost; StatusCode: 200; User agent: Mozilla/5.0 (Windows NT 10.0; Win64; x64; rv:59.0) Gecko/20100101 Firefox/59.0; \n","level":"info"}
{"message":"Time: 19:56:52:238; Method: GET; URl: /log; Cookies: keys: Webstorm-6bd6bd74 isAdmin, values: 8cad0628-0259-4db3-941e-f8f4c757fe05 true ; Hostname: localhost; StatusCode: 200; User agent: Mozilla/5.0 (Windows NT 10.0; Win64; x64; rv:59.0) Gecko/20100101 Firefox/59.0; \n","level":"info"}
{"message":"Time: 19:56:53:779; Method: GET; URl: /log; Cookies: keys: Webstorm-6bd6bd74, values: 8cad0628-0259-4db3-941e-f8f4c757fe05 ; Hostname: localhost; StatusCode: 200; User agent: Mozilla/5.0 (Windows NT 10.0; Win64; x64; rv:59.0) Gecko/20100101 Firefox/59.0; \n","level":"info"}
{"message":3020,"level":"info"}
{"message":3020,"level":"info"}
{"message":3020,"level":"info"}
{"message":3020,"level":"info"}
{"message":3020,"level":"info"}
{"message":"Time: 20:0:34:292; Method: GET; URl: /; Cookies: keys: Webstorm-6bd6bd74, values: 8cad0628-0259-4db3-941e-f8f4c757fe05 ; Hostname: localhost; StatusCode: 200; User agent: Mozilla/5.0 (Windows NT 10.0; Win64; x64; rv:59.0) Gecko/20100101 Firefox/59.0; \n","level":"info"}
{"message":"Time: 20:0:35:435; Method: GET; URl: /log; Cookies: keys: Webstorm-6bd6bd74 isAdmin, values: 8cad0628-0259-4db3-941e-f8f4c757fe05 true ; Hostname: localhost; StatusCode: 200; User agent: Mozilla/5.0 (Windows NT 10.0; Win64; x64; rv:59.0) Gecko/20100101 Firefox/59.0; \n","level":"info"}
{"message":3020,"level":"info"}
{"message":"Time: 20:2:10:597; Method: GET; URl: /; Cookies: keys: Webstorm-6bd6bd74 isAdmin, values: 8cad0628-0259-4db3-941e-f8f4c757fe05 true ; Hostname: localhost; StatusCode: 200; User agent: Mozilla/5.0 (Windows NT 10.0; Win64; x64; rv:59.0) Gecko/20100101 Firefox/59.0; \n","level":"info"}
{"message":"Time: 20:2:12:582; Method: GET; URl: /register; Cookies: keys: Webstorm-6bd6bd74 isAdmin, values: 8cad0628-0259-4db3-941e-f8f4c757fe05 true ; Hostname: localhost; StatusCode: 200; User agent: Mozilla/5.0 (Windows NT 10.0; Win64; x64; rv:59.0) Gecko/20100101 Firefox/59.0; \n","level":"info"}
{"message":"Time: 20:2:16:260; Method: GET; URl: /log; Cookies: keys: Webstorm-6bd6bd74 isAdmin, values: 8cad0628-0259-4db3-941e-f8f4c757fe05 true ; Hostname: localhost; StatusCode: 200; User agent: Mozilla/5.0 (Windows NT 10.0; Win64; x64; rv:59.0) Gecko/20100101 Firefox/59.0; \n","level":"info"}
{"message":"Time: 20:2:18:205; Method: GET; URl: /log; Cookies: keys: Webstorm-6bd6bd74, values: 8cad0628-0259-4db3-941e-f8f4c757fe05 ; Hostname: localhost; StatusCode: 200; User agent: Mozilla/5.0 (Windows NT 10.0; Win64; x64; rv:59.0) Gecko/20100101 Firefox/59.0; \n","level":"info"}
{"message":"Time: 20:2:26:811; Method: GET; URl: /log; Cookies: keys: Webstorm-6bd6bd74, values: 8cad0628-0259-4db3-941e-f8f4c757fe05 ; Hostname: localhost; StatusCode: 200; User agent: Mozilla/5.0 (Windows NT 10.0; Win64; x64; rv:59.0) Gecko/20100101 Firefox/59.0; \n","level":"info"}
{"message":"Time: 20:2:27:35; Method: GET; URl: /log; Cookies: keys: Webstorm-6bd6bd74, values: 8cad0628-0259-4db3-941e-f8f4c757fe05 ; Hostname: localhost; StatusCode: 200; User agent: Mozilla/5.0 (Windows NT 10.0; Win64; x64; rv:59.0) Gecko/20100101 Firefox/59.0; \n","level":"info"}
{"message":"Time: 20:2:27:219; Method: GET; URl: /log; Cookies: keys: Webstorm-6bd6bd74, values: 8cad0628-0259-4db3-941e-f8f4c757fe05 ; Hostname: localhost; StatusCode: 200; User agent: Mozilla/5.0 (Windows NT 10.0; Win64; x64; rv:59.0) Gecko/20100101 Firefox/59.0; \n","level":"info"}
{"message":"Time: 20:2:27:387; Method: GET; URl: /log; Cookies: keys: Webstorm-6bd6bd74, values: 8cad0628-0259-4db3-941e-f8f4c757fe05 ; Hostname: localhost; StatusCode: 200; User agent: Mozilla/5.0 (Windows NT 10.0; Win64; x64; rv:59.0) Gecko/20100101 Firefox/59.0; \n","level":"info"}
{"message":"Time: 20:2:27:532; Method: GET; URl: /log; Cookies: keys: Webstorm-6bd6bd74, values: 8cad0628-0259-4db3-941e-f8f4c757fe05 ; Hostname: localhost; StatusCode: 200; User agent: Mozilla/5.0 (Windows NT 10.0; Win64; x64; rv:59.0) Gecko/20100101 Firefox/59.0; \n","level":"info"}
{"message":"Time: 20:2:30:316; Method: GET; URl: /log; Cookies: keys: Webstorm-6bd6bd74, values: 8cad0628-0259-4db3-941e-f8f4c757fe05 ; Hostname: localhost; StatusCode: 200; User agent: Mozilla/5.0 (Windows NT 10.0; Win64; x64; rv:59.0) Gecko/20100101 Firefox/59.0; \n","level":"info"}
{"message":3020,"level":"info"}
{"message":"Time: 20:3:40:999; Method: GET; URl: /; Cookies: keys: Webstorm-6bd6bd74, values: 8cad0628-0259-4db3-941e-f8f4c757fe05 ; Hostname: localhost; StatusCode: 200; User agent: Mozilla/5.0 (Windows NT 10.0; Win64; x64; rv:59.0) Gecko/20100101 Firefox/59.0; \n","level":"info"}
{"message":"Time: 20:3:41:691; Method: GET; URl: /log; Cookies: keys: Webstorm-6bd6bd74, values: 8cad0628-0259-4db3-941e-f8f4c757fe05 ; Hostname: localhost; StatusCode: 200; User agent: Mozilla/5.0 (Windows NT 10.0; Win64; x64; rv:59.0) Gecko/20100101 Firefox/59.0; \n","level":"info"}
{"message":"Time: 20:3:41:868; Method: GET; URl: /log; Cookies: keys: Webstorm-6bd6bd74, values: 8cad0628-0259-4db3-941e-f8f4c757fe05 ; Hostname: localhost; StatusCode: 200; User agent: Mozilla/5.0 (Windows NT 10.0; Win64; x64; rv:59.0) Gecko/20100101 Firefox/59.0; \n","level":"info"}
{"message":"Time: 20:3:42:28; Method: GET; URl: /log; Cookies: keys: Webstorm-6bd6bd74, values: 8cad0628-0259-4db3-941e-f8f4c757fe05 ; Hostname: localhost; StatusCode: 200; User agent: Mozilla/5.0 (Windows NT 10.0; Win64; x64; rv:59.0) Gecko/20100101 Firefox/59.0; \n","level":"info"}
{"message":"Time: 20:3:42:179; Method: GET; URl: /log; Cookies: keys: Webstorm-6bd6bd74, values: 8cad0628-0259-4db3-941e-f8f4c757fe05 ; Hostname: localhost; StatusCode: 200; User agent: Mozilla/5.0 (Windows NT 10.0; Win64; x64; rv:59.0) Gecko/20100101 Firefox/59.0; \n","level":"info"}
{"message":"Time: 20:3:42:302; Method: GET; URl: /log; Cookies: keys: Webstorm-6bd6bd74, values: 8cad0628-0259-4db3-941e-f8f4c757fe05 ; Hostname: localhost; StatusCode: 200; User agent: Mozilla/5.0 (Windows NT 10.0; Win64; x64; rv:59.0) Gecko/20100101 Firefox/59.0; \n","level":"info"}
{"message":3020,"level":"info"}
{"message":"Time: 20:5:38:106; Method: GET; URl: /log; Cookies: keys: Webstorm-6bd6bd74, values: 8cad0628-0259-4db3-941e-f8f4c757fe05 ; Hostname: localhost; StatusCode: 200; User agent: Mozilla/5.0 (Windows NT 10.0; Win64; x64; rv:59.0) Gecko/20100101 Firefox/59.0; \n","level":"info"}
{"message":"Time: 20:5:38:251; Method: GET; URl: /log; Cookies: keys: Webstorm-6bd6bd74, values: 8cad0628-0259-4db3-941e-f8f4c757fe05 ; Hostname: localhost; StatusCode: 200; User agent: Mozilla/5.0 (Windows NT 10.0; Win64; x64; rv:59.0) Gecko/20100101 Firefox/59.0; \n","level":"info"}
{"message":"Time: 20:5:38:387; Method: GET; URl: /log; Cookies: keys: Webstorm-6bd6bd74, values: 8cad0628-0259-4db3-941e-f8f4c757fe05 ; Hostname: localhost; StatusCode: 200; User agent: Mozilla/5.0 (Windows NT 10.0; Win64; x64; rv:59.0) Gecko/20100101 Firefox/59.0; \n","level":"info"}
{"message":3020,"level":"info"}
{"message":"Time: 20:6:18:489; Method: GET; URl: /; Cookies: keys: Webstorm-6bd6bd74, values: 8cad0628-0259-4db3-941e-f8f4c757fe05 ; Hostname: localhost; StatusCode: 200; User agent: Mozilla/5.0 (Windows NT 10.0; Win64; x64; rv:59.0) Gecko/20100101 Firefox/59.0; \n","level":"info"}
{"message":"Time: 20:6:19:907; Method: GET; URl: /log; Cookies: keys: Webstorm-6bd6bd74, values: 8cad0628-0259-4db3-941e-f8f4c757fe05 ; Hostname: localhost; StatusCode: 200; User agent: Mozilla/5.0 (Windows NT 10.0; Win64; x64; rv:59.0) Gecko/20100101 Firefox/59.0; \n","level":"info"}
{"message":"Time: 20:6:20:635; Method: GET; URl: /log; Cookies: keys: Webstorm-6bd6bd74, values: 8cad0628-0259-4db3-941e-f8f4c757fe05 ; Hostname: localhost; StatusCode: 200; User agent: Mozilla/5.0 (Windows NT 10.0; Win64; x64; rv:59.0) Gecko/20100101 Firefox/59.0; \n","level":"info"}
{"message":"Time: 20:6:20:794; Method: GET; URl: /log; Cookies: keys: Webstorm-6bd6bd74, values: 8cad0628-0259-4db3-941e-f8f4c757fe05 ; Hostname: localhost; StatusCode: 200; User agent: Mozilla/5.0 (Windows NT 10.0; Win64; x64; rv:59.0) Gecko/20100101 Firefox/59.0; \n","level":"info"}
{"message":"Time: 20:6:20:931; Method: GET; URl: /log; Cookies: keys: Webstorm-6bd6bd74, values: 8cad0628-0259-4db3-941e-f8f4c757fe05 ; Hostname: localhost; StatusCode: 200; User agent: Mozilla/5.0 (Windows NT 10.0; Win64; x64; rv:59.0) Gecko/20100101 Firefox/59.0; \n","level":"info"}
{"message":"Time: 20:6:58:423; Method: GET; URl: /; Cookies: keys: Webstorm-6bd6bd74, values: 8cad0628-0259-4db3-941e-f8f4c757fe05 ; Hostname: localhost; StatusCode: 200; User agent: Mozilla/5.0 (Windows NT 10.0; Win64; x64; rv:59.0) Gecko/20100101 Firefox/59.0; \n","level":"info"}
{"message":3020,"level":"info"}
{"message":"Time: 20:7:5:930; Method: GET; URl: /log; Cookies: keys: Webstorm-6bd6bd74, values: 8cad0628-0259-4db3-941e-f8f4c757fe05 ; Hostname: localhost; StatusCode: 200; User agent: Mozilla/5.0 (Windows NT 10.0; Win64; x64; rv:59.0) Gecko/20100101 Firefox/59.0; \n","level":"info"}
{"message":3020,"level":"info"}
{"message":"Time: 20:7:47:980; Method: GET; URl: /; Cookies: keys: Webstorm-6bd6bd74, values: 8cad0628-0259-4db3-941e-f8f4c757fe05 ; Hostname: localhost; StatusCode: 200; User agent: Mozilla/5.0 (Windows NT 10.0; Win64; x64; rv:59.0) Gecko/20100101 Firefox/59.0; \n","level":"info"}
{"message":"Time: 20:7:48:165; Method: GET; URl: /log; Cookies: keys: Webstorm-6bd6bd74, values: 8cad0628-0259-4db3-941e-f8f4c757fe05 ; Hostname: localhost; StatusCode: 200; User agent: Mozilla/5.0 (Windows NT 10.0; Win64; x64; rv:59.0) Gecko/20100101 Firefox/59.0; \n","level":"info"}
{"message":3020,"level":"info"}
{"message":"Time: 20:8:10:464; Method: GET; URl: /; Cookies: keys: Webstorm-6bd6bd74, values: 8cad0628-0259-4db3-941e-f8f4c757fe05 ; Hostname: localhost; StatusCode: 200; User agent: Mozilla/5.0 (Windows NT 10.0; Win64; x64; rv:59.0) Gecko/20100101 Firefox/59.0; \n","level":"info"}
{"message":"Time: 20:8:10:843; Method: GET; URl: /log; Cookies: keys: Webstorm-6bd6bd74, values: 8cad0628-0259-4db3-941e-f8f4c757fe05 ; Hostname: localhost; StatusCode: 200; User agent: Mozilla/5.0 (Windows NT 10.0; Win64; x64; rv:59.0) Gecko/20100101 Firefox/59.0; \n","level":"info"}
{"message":"Time: 20:8:26:539; Method: GET; URl: /; Cookies: keys: Webstorm-6bd6bd74, values: 8cad0628-0259-4db3-941e-f8f4c757fe05 ; Hostname: localhost; StatusCode: 200; User agent: Mozilla/5.0 (Windows NT 10.0; Win64; x64; rv:59.0) Gecko/20100101 Firefox/59.0; \n","level":"info"}
{"message":3020,"level":"info"}
{"message":"Time: 20:8:27:893; Method: GET; URl: /log; Cookies: keys: Webstorm-6bd6bd74, values: 8cad0628-0259-4db3-941e-f8f4c757fe05 ; Hostname: localhost; StatusCode: 200; User agent: Mozilla/5.0 (Windows NT 10.0; Win64; x64; rv:59.0) Gecko/20100101 Firefox/59.0; \n","level":"info"}
{"message":3020,"level":"info"}
{"message":"Time: 20:8:42:575; Method: GET; URl: /; Cookies: keys: Webstorm-6bd6bd74, values: 8cad0628-0259-4db3-941e-f8f4c757fe05 ; Hostname: localhost; StatusCode: 200; User agent: Mozilla/5.0 (Windows NT 10.0; Win64; x64; rv:59.0) Gecko/20100101 Firefox/59.0; \n","level":"info"}
{"message":"Time: 20:8:43:148; Method: GET; URl: /log; Cookies: keys: Webstorm-6bd6bd74, values: 8cad0628-0259-4db3-941e-f8f4c757fe05 ; Hostname: localhost; StatusCode: 200; User agent: Mozilla/5.0 (Windows NT 10.0; Win64; x64; rv:59.0) Gecko/20100101 Firefox/59.0; \n","level":"info"}
{"message":3020,"level":"info"}
{"message":"Time: 20:10:21:572; Method: GET; URl: /; Cookies: keys: Webstorm-6bd6bd74, values: 8cad0628-0259-4db3-941e-f8f4c757fe05 ; Hostname: localhost; StatusCode: 200; User agent: Mozilla/5.0 (Windows NT 10.0; Win64; x64; rv:59.0) Gecko/20100101 Firefox/59.0; \n","level":"info"}
{"message":"Time: 20:10:34:575; Method: GET; URl: /; Cookies: keys: Webstorm-6bd6bd74, values: 8cad0628-0259-4db3-941e-f8f4c757fe05 ; Hostname: localhost; StatusCode: 200; User agent: Mozilla/5.0 (Windows NT 10.0; Win64; x64; rv:59.0) Gecko/20100101 Firefox/59.0; \n","level":"info"}
{"message":"Time: 20:10:35:669; Method: GET; URl: /log; Cookies: keys: Webstorm-6bd6bd74, values: 8cad0628-0259-4db3-941e-f8f4c757fe05 ; Hostname: localhost; StatusCode: 200; User agent: Mozilla/5.0 (Windows NT 10.0; Win64; x64; rv:59.0) Gecko/20100101 Firefox/59.0; \n","level":"info"}
{"message":3020,"level":"info"}
{"message":"Time: 20:10:43:698; Method: GET; URl: /log; Cookies: keys: Webstorm-6bd6bd74, values: 8cad0628-0259-4db3-941e-f8f4c757fe05 ; Hostname: localhost; StatusCode: 200; User agent: Mozilla/5.0 (Windows NT 10.0; Win64; x64; rv:59.0) Gecko/20100101 Firefox/59.0; \n","level":"info"}
{"message":3020,"level":"info"}
{"message":"Time: 20:10:59:643; Method: GET; URl: /log; Cookies: keys: Webstorm-6bd6bd74, values: 8cad0628-0259-4db3-941e-f8f4c757fe05 ; Hostname: localhost; StatusCode: 200; User agent: Mozilla/5.0 (Windows NT 10.0; Win64; x64; rv:59.0) Gecko/20100101 Firefox/59.0; \n","level":"info"}
{"message":3020,"level":"info"}
{"message":"Time: 20:11:20:874; Method: GET; URl: /log; Cookies: keys: Webstorm-6bd6bd74, values: 8cad0628-0259-4db3-941e-f8f4c757fe05 ; Hostname: localhost; StatusCode: 200; User agent: Mozilla/5.0 (Windows NT 10.0; Win64; x64; rv:59.0) Gecko/20100101 Firefox/59.0; \n","level":"info"}
