{"message":"Time: 14:18:5:70; Method: GET; URl: /sockjs-node/info?t=1523618280482; Cookies: keys: Webstorm-6bd6bd74, values: 8cad0628-0259-4db3-941e-f8f4c757fe05 ; StatusCode: 200; User agent: Mozilla/5.0 (Windows NT 10.0; Win64; x64; rv:59.0) Gecko/20100101 Firefox/59.0; ","level":"error"}
{"message":"Time: 14:18:6:101; Method: GET; URl: /sockjs-node/364/btzlwhmq/eventsource; Cookies: keys: Webstorm-6bd6bd74, values: 8cad0628-0259-4db3-941e-f8f4c757fe05 ; StatusCode: 200; User agent: Mozilla/5.0 (Windows NT 10.0; Win64; x64; rv:59.0) Gecko/20100101 Firefox/59.0; ","level":"error"}
{"message":"Time: 14:18:7:123; Method: GET; URl: /sockjs-node/iframe.html; Cookies: keys: Webstorm-6bd6bd74, values: 8cad0628-0259-4db3-941e-f8f4c757fe05 ; StatusCode: 200; User agent: Mozilla/5.0 (Windows NT 10.0; Win64; x64; rv:59.0) Gecko/20100101 Firefox/59.0; ","level":"error"}
{"message":"Time: 14:18:10:168; Method: GET; URl: /sockjs-node/364/f35jblad/htmlfile?c=_jp.aagdl5h; Cookies: keys: Webstorm-6bd6bd74, values: 8cad0628-0259-4db3-941e-f8f4c757fe05 ; StatusCode: 200; User agent: Mozilla/5.0 (Windows NT 10.0; Win64; x64; rv:59.0) Gecko/20100101 Firefox/59.0; ","level":"error"}
{"message":"Time: 14:18:10:168; Method: GET; URl: /sockjs-node/364/main.css; Cookies: keys: Webstorm-6bd6bd74, values: 8cad0628-0259-4db3-941e-f8f4c757fe05 ; StatusCode: 200; User agent: Mozilla/5.0 (Windows NT 10.0; Win64; x64; rv:59.0) Gecko/20100101 Firefox/59.0; ","level":"error"}
{"message":"Time: 14:18:10:168; Method: GET; URl: /sockjs-node/364/work.js; Cookies: keys: Webstorm-6bd6bd74, values: 8cad0628-0259-4db3-941e-f8f4c757fe05 ; StatusCode: 200; User agent: Mozilla/5.0 (Windows NT 10.0; Win64; x64; rv:59.0) Gecko/20100101 Firefox/59.0; ","level":"error"}
{"message":"Time: 14:18:13:215; Method: GET; URl: /sockjs-node/iframe.html; Cookies: keys: Webstorm-6bd6bd74, values: 8cad0628-0259-4db3-941e-f8f4c757fe05 ; StatusCode: 200; User agent: Mozilla/5.0 (Windows NT 10.0; Win64; x64; rv:59.0) Gecko/20100101 Firefox/59.0; ","level":"error"}
{"message":"Time: 14:18:17:260; Method: GET; URl: /sockjs-node/iframe.html; Cookies: keys: Webstorm-6bd6bd74, values: 8cad0628-0259-4db3-941e-f8f4c757fe05 ; StatusCode: 200; User agent: Mozilla/5.0 (Windows NT 10.0; Win64; x64; rv:59.0) Gecko/20100101 Firefox/59.0; ","level":"error"}
{"message":"Time: 14:18:20:328; Method: GET; URl: /sockjs-node/364/3l2ut1cq/jsonp?c=_jp.ajjsc1a; Cookies: keys: Webstorm-6bd6bd74, values: 8cad0628-0259-4db3-941e-f8f4c757fe05 ; StatusCode: 200; User agent: Mozilla/5.0 (Windows NT 10.0; Win64; x64; rv:59.0) Gecko/20100101 Firefox/59.0; ","level":"error"}
{"message":"Time: 14:18:22:558; Method: GET; URl: /sockjs-node/info?t=1523618302558; Cookies: keys: Webstorm-6bd6bd74, values: 8cad0628-0259-4db3-941e-f8f4c757fe05 ; StatusCode: 200; User agent: Mozilla/5.0 (Windows NT 10.0; Win64; x64; rv:59.0) Gecko/20100101 Firefox/59.0; ","level":"error"}
{"message":"Time: 14:18:23:573; Method: GET; URl: /sockjs-node/009/jbaphpgn/eventsource; Cookies: keys: Webstorm-6bd6bd74, values: 8cad0628-0259-4db3-941e-f8f4c757fe05 ; StatusCode: 200; User agent: Mozilla/5.0 (Windows NT 10.0; Win64; x64; rv:59.0) Gecko/20100101 Firefox/59.0; ","level":"error"}
{"message":"Time: 14:18:24:595; Method: GET; URl: /sockjs-node/iframe.html; Cookies: keys: Webstorm-6bd6bd74, values: 8cad0628-0259-4db3-941e-f8f4c757fe05 ; StatusCode: 200; User agent: Mozilla/5.0 (Windows NT 10.0; Win64; x64; rv:59.0) Gecko/20100101 Firefox/59.0; ","level":"error"}
{"message":"Time: 14:18:27:626; Method: GET; URl: /sockjs-node/009/by0rnirc/htmlfile?c=_jp.ax3al1p; Cookies: keys: Webstorm-6bd6bd74, values: 8cad0628-0259-4db3-941e-f8f4c757fe05 ; StatusCode: 200; User agent: Mozilla/5.0 (Windows NT 10.0; Win64; x64; rv:59.0) Gecko/20100101 Firefox/59.0; ","level":"error"}
{"message":"Time: 14:18:27:626; Method: GET; URl: /sockjs-node/009/main.css; Cookies: keys: Webstorm-6bd6bd74, values: 8cad0628-0259-4db3-941e-f8f4c757fe05 ; StatusCode: 200; User agent: Mozilla/5.0 (Windows NT 10.0; Win64; x64; rv:59.0) Gecko/20100101 Firefox/59.0; ","level":"error"}
{"message":"Time: 14:18:27:626; Method: GET; URl: /sockjs-node/009/work.js; Cookies: keys: Webstorm-6bd6bd74, values: 8cad0628-0259-4db3-941e-f8f4c757fe05 ; StatusCode: 200; User agent: Mozilla/5.0 (Windows NT 10.0; Win64; x64; rv:59.0) Gecko/20100101 Firefox/59.0; ","level":"error"}
{"message":"Time: 14:18:30:671; Method: GET; URl: /sockjs-node/iframe.html; Cookies: keys: Webstorm-6bd6bd74, values: 8cad0628-0259-4db3-941e-f8f4c757fe05 ; StatusCode: 200; User agent: Mozilla/5.0 (Windows NT 10.0; Win64; x64; rv:59.0) Gecko/20100101 Firefox/59.0; ","level":"error"}
{"message":"Time: 14:18:31:674; Method: GET; URl: /sockjs-node/iframe.html; Cookies: keys: Webstorm-6bd6bd74, values: 8cad0628-0259-4db3-941e-f8f4c757fe05 ; StatusCode: 200; User agent: Mozilla/5.0 (Windows NT 10.0; Win64; x64; rv:59.0) Gecko/20100101 Firefox/59.0; ","level":"error"}
{"message":"Time: 14:18:32:694; Method: GET; URl: /sockjs-node/009/teg44ou3/jsonp?c=_jp.awjjuvb; Cookies: keys: Webstorm-6bd6bd74, values: 8cad0628-0259-4db3-941e-f8f4c757fe05 ; StatusCode: 200; User agent: Mozilla/5.0 (Windows NT 10.0; Win64; x64; rv:59.0) Gecko/20100101 Firefox/59.0; ","level":"error"}
{"message":"Time: 14:18:39:460; Method: GET; URl: /sockjs-node/info?t=1523618319460; Cookies: keys: Webstorm-6bd6bd74, values: 8cad0628-0259-4db3-941e-f8f4c757fe05 ; StatusCode: 200; User agent: Mozilla/5.0 (Windows NT 10.0; Win64; x64; rv:59.0) Gecko/20100101 Firefox/59.0; ","level":"error"}
{"message":"Time: 14:18:40:475; Method: GET; URl: /sockjs-node/575/0lfnhol5/eventsource; Cookies: keys: Webstorm-6bd6bd74, values: 8cad0628-0259-4db3-941e-f8f4c757fe05 ; StatusCode: 200; User agent: Mozilla/5.0 (Windows NT 10.0; Win64; x64; rv:59.0) Gecko/20100101 Firefox/59.0; ","level":"error"}
{"message":"Time: 14:18:41:496; Method: GET; URl: /sockjs-node/iframe.html; Cookies: keys: Webstorm-6bd6bd74, values: 8cad0628-0259-4db3-941e-f8f4c757fe05 ; StatusCode: 200; User agent: Mozilla/5.0 (Windows NT 10.0; Win64; x64; rv:59.0) Gecko/20100101 Firefox/59.0; ","level":"error"}
{"message":"Time: 14:18:44:541; Method: GET; URl: /sockjs-node/575/w5v3xjgs/htmlfile?c=_jp.auyetcs; Cookies: keys: Webstorm-6bd6bd74, values: 8cad0628-0259-4db3-941e-f8f4c757fe05 ; StatusCode: 200; User agent: Mozilla/5.0 (Windows NT 10.0; Win64; x64; rv:59.0) Gecko/20100101 Firefox/59.0; ","level":"error"}
{"message":"Time: 14:18:44:541; Method: GET; URl: /sockjs-node/575/main.css; Cookies: keys: Webstorm-6bd6bd74, values: 8cad0628-0259-4db3-941e-f8f4c757fe05 ; StatusCode: 200; User agent: Mozilla/5.0 (Windows NT 10.0; Win64; x64; rv:59.0) Gecko/20100101 Firefox/59.0; ","level":"error"}
{"message":"Time: 14:18:44:541; Method: GET; URl: /sockjs-node/575/work.js; Cookies: keys: Webstorm-6bd6bd74, values: 8cad0628-0259-4db3-941e-f8f4c757fe05 ; StatusCode: 200; User agent: Mozilla/5.0 (Windows NT 10.0; Win64; x64; rv:59.0) Gecko/20100101 Firefox/59.0; ","level":"error"}
{"message":"Time: 14:18:47:593; Method: GET; URl: /sockjs-node/iframe.html; Cookies: keys: Webstorm-6bd6bd74, values: 8cad0628-0259-4db3-941e-f8f4c757fe05 ; StatusCode: 200; User agent: Mozilla/5.0 (Windows NT 10.0; Win64; x64; rv:59.0) Gecko/20100101 Firefox/59.0; ","level":"error"}
{"message":"Time: 14:18:48:608; Method: GET; URl: /sockjs-node/iframe.html; Cookies: keys: Webstorm-6bd6bd74, values: 8cad0628-0259-4db3-941e-f8f4c757fe05 ; StatusCode: 200; User agent: Mozilla/5.0 (Windows NT 10.0; Win64; x64; rv:59.0) Gecko/20100101 Firefox/59.0; ","level":"error"}
{"message":"Time: 14:18:49:623; Method: GET; URl: /sockjs-node/575/t3fpklda/jsonp?c=_jp.adqmumr; Cookies: keys: Webstorm-6bd6bd74, values: 8cad0628-0259-4db3-941e-f8f4c757fe05 ; StatusCode: 200; User agent: Mozilla/5.0 (Windows NT 10.0; Win64; x64; rv:59.0) Gecko/20100101 Firefox/59.0; ","level":"error"}
{"message":"Time: 14:19:7:792; Method: GET; URl: /sockjs-node/info?t=1523618347792; Cookies: keys: Webstorm-6bd6bd74, values: 8cad0628-0259-4db3-941e-f8f4c757fe05 ; StatusCode: 200; User agent: Mozilla/5.0 (Windows NT 10.0; Win64; x64; rv:59.0) Gecko/20100101 Firefox/59.0; ","level":"error"}
{"message":"Time: 14:19:8:809; Method: GET; URl: /sockjs-node/572/vdaxc2hs/eventsource; Cookies: keys: Webstorm-6bd6bd74, values: 8cad0628-0259-4db3-941e-f8f4c757fe05 ; StatusCode: 200; User agent: Mozilla/5.0 (Windows NT 10.0; Win64; x64; rv:59.0) Gecko/20100101 Firefox/59.0; ","level":"error"}
{"message":"Time: 14:19:9:832; Method: GET; URl: /sockjs-node/iframe.html; Cookies: keys: Webstorm-6bd6bd74, values: 8cad0628-0259-4db3-941e-f8f4c757fe05 ; StatusCode: 200; User agent: Mozilla/5.0 (Windows NT 10.0; Win64; x64; rv:59.0) Gecko/20100101 Firefox/59.0; ","level":"error"}
{"message":"Time: 14:19:12:863; Method: GET; URl: /sockjs-node/572/pwx2xsij/htmlfile?c=_jp.avatu45; Cookies: keys: Webstorm-6bd6bd74, values: 8cad0628-0259-4db3-941e-f8f4c757fe05 ; StatusCode: 200; User agent: Mozilla/5.0 (Windows NT 10.0; Win64; x64; rv:59.0) Gecko/20100101 Firefox/59.0; ","level":"error"}
{"message":"Time: 14:19:12:863; Method: GET; URl: /sockjs-node/572/main.css; Cookies: keys: Webstorm-6bd6bd74, values: 8cad0628-0259-4db3-941e-f8f4c757fe05 ; StatusCode: 200; User agent: Mozilla/5.0 (Windows NT 10.0; Win64; x64; rv:59.0) Gecko/20100101 Firefox/59.0; ","level":"error"}
{"message":"Time: 14:19:12:863; Method: GET; URl: /sockjs-node/572/work.js; Cookies: keys: Webstorm-6bd6bd74, values: 8cad0628-0259-4db3-941e-f8f4c757fe05 ; StatusCode: 200; User agent: Mozilla/5.0 (Windows NT 10.0; Win64; x64; rv:59.0) Gecko/20100101 Firefox/59.0; ","level":"error"}
{"message":"Time: 14:19:15:894; Method: GET; URl: /sockjs-node/iframe.html; Cookies: keys: Webstorm-6bd6bd74, values: 8cad0628-0259-4db3-941e-f8f4c757fe05 ; StatusCode: 200; User agent: Mozilla/5.0 (Windows NT 10.0; Win64; x64; rv:59.0) Gecko/20100101 Firefox/59.0; ","level":"error"}
{"message":"Time: 14:19:16:910; Method: GET; URl: /sockjs-node/iframe.html; Cookies: keys: Webstorm-6bd6bd74, values: 8cad0628-0259-4db3-941e-f8f4c757fe05 ; StatusCode: 200; User agent: Mozilla/5.0 (Windows NT 10.0; Win64; x64; rv:59.0) Gecko/20100101 Firefox/59.0; ","level":"error"}
{"message":"Time: 14:19:17:932; Method: GET; URl: /sockjs-node/572/ir02mgez/jsonp?c=_jp.adrqsx1; Cookies: keys: Webstorm-6bd6bd74, values: 8cad0628-0259-4db3-941e-f8f4c757fe05 ; StatusCode: 200; User agent: Mozilla/5.0 (Windows NT 10.0; Win64; x64; rv:59.0) Gecko/20100101 Firefox/59.0; ","level":"error"}
{"message":"Time: 14:19:24:764; Method: GET; URl: /sockjs-node/info?t=1523618364764; Cookies: keys: Webstorm-6bd6bd74, values: 8cad0628-0259-4db3-941e-f8f4c757fe05 ; StatusCode: 200; User agent: Mozilla/5.0 (Windows NT 10.0; Win64; x64; rv:59.0) Gecko/20100101 Firefox/59.0; ","level":"error"}
{"message":"Time: 14:19:25:795; Method: GET; URl: /sockjs-node/858/evmtskhj/eventsource; Cookies: keys: Webstorm-6bd6bd74, values: 8cad0628-0259-4db3-941e-f8f4c757fe05 ; StatusCode: 200; User agent: Mozilla/5.0 (Windows NT 10.0; Win64; x64; rv:59.0) Gecko/20100101 Firefox/59.0; ","level":"error"}
{"message":"Time: 14:19:26:811; Method: GET; URl: /sockjs-node/iframe.html; Cookies: keys: Webstorm-6bd6bd74, values: 8cad0628-0259-4db3-941e-f8f4c757fe05 ; StatusCode: 200; User agent: Mozilla/5.0 (Windows NT 10.0; Win64; x64; rv:59.0) Gecko/20100101 Firefox/59.0; ","level":"error"}
{"message":"Time: 14:19:29:863; Method: GET; URl: /sockjs-node/858/nax35l5x/htmlfile?c=_jp.a5r4m4n; Cookies: keys: Webstorm-6bd6bd74, values: 8cad0628-0259-4db3-941e-f8f4c757fe05 ; StatusCode: 200; User agent: Mozilla/5.0 (Windows NT 10.0; Win64; x64; rv:59.0) Gecko/20100101 Firefox/59.0; ","level":"error"}
{"message":"Time: 14:19:29:863; Method: GET; URl: /sockjs-node/858/main.css; Cookies: keys: Webstorm-6bd6bd74, values: 8cad0628-0259-4db3-941e-f8f4c757fe05 ; StatusCode: 200; User agent: Mozilla/5.0 (Windows NT 10.0; Win64; x64; rv:59.0) Gecko/20100101 Firefox/59.0; ","level":"error"}
{"message":"Time: 14:19:29:863; Method: GET; URl: /sockjs-node/858/work.js; Cookies: keys: Webstorm-6bd6bd74, values: 8cad0628-0259-4db3-941e-f8f4c757fe05 ; StatusCode: 200; User agent: Mozilla/5.0 (Windows NT 10.0; Win64; x64; rv:59.0) Gecko/20100101 Firefox/59.0; ","level":"error"}
{"message":"Time: 14:19:32:909; Method: GET; URl: /sockjs-node/iframe.html; Cookies: keys: Webstorm-6bd6bd74, values: 8cad0628-0259-4db3-941e-f8f4c757fe05 ; StatusCode: 200; User agent: Mozilla/5.0 (Windows NT 10.0; Win64; x64; rv:59.0) Gecko/20100101 Firefox/59.0; ","level":"error"}
{"message":"Time: 14:19:33:931; Method: GET; URl: /sockjs-node/iframe.html; Cookies: keys: Webstorm-6bd6bd74, values: 8cad0628-0259-4db3-941e-f8f4c757fe05 ; StatusCode: 200; User agent: Mozilla/5.0 (Windows NT 10.0; Win64; x64; rv:59.0) Gecko/20100101 Firefox/59.0; ","level":"error"}
{"message":"Time: 14:19:34:946; Method: GET; URl: /sockjs-node/858/rdz4kcuo/jsonp?c=_jp.ahzwr32; Cookies: keys: Webstorm-6bd6bd74, values: 8cad0628-0259-4db3-941e-f8f4c757fe05 ; StatusCode: 200; User agent: Mozilla/5.0 (Windows NT 10.0; Win64; x64; rv:59.0) Gecko/20100101 Firefox/59.0; ","level":"error"}
{"message":"Time: 14:20:25:47; Method: GET; URl: /sockjs-node/info?t=1523618425048; Cookies: keys: Webstorm-6bd6bd74, values: 8cad0628-0259-4db3-941e-f8f4c757fe05 ; StatusCode: 200; User agent: Mozilla/5.0 (Windows NT 10.0; Win64; x64; rv:59.0) Gecko/20100101 Firefox/59.0; ","level":"error"}
{"message":"Time: 14:20:26:68; Method: GET; URl: /sockjs-node/398/z3igopgp/eventsource; Cookies: keys: Webstorm-6bd6bd74, values: 8cad0628-0259-4db3-941e-f8f4c757fe05 ; StatusCode: 200; User agent: Mozilla/5.0 (Windows NT 10.0; Win64; x64; rv:59.0) Gecko/20100101 Firefox/59.0; ","level":"error"}
{"message":"Time: 14:20:27:83; Method: GET; URl: /sockjs-node/iframe.html; Cookies: keys: Webstorm-6bd6bd74, values: 8cad0628-0259-4db3-941e-f8f4c757fe05 ; StatusCode: 200; User agent: Mozilla/5.0 (Windows NT 10.0; Win64; x64; rv:59.0) Gecko/20100101 Firefox/59.0; ","level":"error"}
{"message":"Time: 14:20:30:138; Method: GET; URl: /sockjs-node/398/q3x2ssjs/htmlfile?c=_jp.aqecxhz; Cookies: keys: Webstorm-6bd6bd74, values: 8cad0628-0259-4db3-941e-f8f4c757fe05 ; StatusCode: 200; User agent: Mozilla/5.0 (Windows NT 10.0; Win64; x64; rv:59.0) Gecko/20100101 Firefox/59.0; ","level":"error"}
{"message":"Time: 14:20:30:138; Method: GET; URl: /sockjs-node/398/main.css; Cookies: keys: Webstorm-6bd6bd74, values: 8cad0628-0259-4db3-941e-f8f4c757fe05 ; StatusCode: 200; User agent: Mozilla/5.0 (Windows NT 10.0; Win64; x64; rv:59.0) Gecko/20100101 Firefox/59.0; ","level":"error"}
{"message":"Time: 14:20:30:138; Method: GET; URl: /sockjs-node/398/work.js; Cookies: keys: Webstorm-6bd6bd74, values: 8cad0628-0259-4db3-941e-f8f4c757fe05 ; StatusCode: 200; User agent: Mozilla/5.0 (Windows NT 10.0; Win64; x64; rv:59.0) Gecko/20100101 Firefox/59.0; ","level":"error"}
{"message":"Time: 14:20:33:185; Method: GET; URl: /sockjs-node/iframe.html; Cookies: keys: Webstorm-6bd6bd74, values: 8cad0628-0259-4db3-941e-f8f4c757fe05 ; StatusCode: 200; User agent: Mozilla/5.0 (Windows NT 10.0; Win64; x64; rv:59.0) Gecko/20100101 Firefox/59.0; ","level":"error"}
{"message":"Time: 14:20:34:200; Method: GET; URl: /sockjs-node/iframe.html; Cookies: keys: Webstorm-6bd6bd74, values: 8cad0628-0259-4db3-941e-f8f4c757fe05 ; StatusCode: 200; User agent: Mozilla/5.0 (Windows NT 10.0; Win64; x64; rv:59.0) Gecko/20100101 Firefox/59.0; ","level":"error"}
{"message":"Time: 14:20:35:218; Method: GET; URl: /sockjs-node/398/dqlnwz3n/jsonp?c=_jp.ahkbtxl; Cookies: keys: Webstorm-6bd6bd74, values: 8cad0628-0259-4db3-941e-f8f4c757fe05 ; StatusCode: 200; User agent: Mozilla/5.0 (Windows NT 10.0; Win64; x64; rv:59.0) Gecko/20100101 Firefox/59.0; ","level":"error"}
{"message":"Time: 14:20:42:72; Method: GET; URl: /sockjs-node/info?t=1523618442072; Cookies: keys: Webstorm-6bd6bd74, values: 8cad0628-0259-4db3-941e-f8f4c757fe05 ; StatusCode: 200; User agent: Mozilla/5.0 (Windows NT 10.0; Win64; x64; rv:59.0) Gecko/20100101 Firefox/59.0; ","level":"error"}
{"message":"Time: 14:20:43:95; Method: GET; URl: /sockjs-node/181/ski4l32a/eventsource; Cookies: keys: Webstorm-6bd6bd74, values: 8cad0628-0259-4db3-941e-f8f4c757fe05 ; StatusCode: 200; User agent: Mozilla/5.0 (Windows NT 10.0; Win64; x64; rv:59.0) Gecko/20100101 Firefox/59.0; ","level":"error"}
{"message":"Time: 14:20:44:132; Method: GET; URl: /sockjs-node/iframe.html; Cookies: keys: Webstorm-6bd6bd74, values: 8cad0628-0259-4db3-941e-f8f4c757fe05 ; StatusCode: 200; User agent: Mozilla/5.0 (Windows NT 10.0; Win64; x64; rv:59.0) Gecko/20100101 Firefox/59.0; ","level":"error"}
{"message":"Time: 14:20:47:178; Method: GET; URl: /sockjs-node/181/q0z024q1/htmlfile?c=_jp.adwjhlx; Cookies: keys: Webstorm-6bd6bd74, values: 8cad0628-0259-4db3-941e-f8f4c757fe05 ; StatusCode: 200; User agent: Mozilla/5.0 (Windows NT 10.0; Win64; x64; rv:59.0) Gecko/20100101 Firefox/59.0; ","level":"error"}
{"message":"Time: 14:20:47:178; Method: GET; URl: /sockjs-node/181/main.css; Cookies: keys: Webstorm-6bd6bd74, values: 8cad0628-0259-4db3-941e-f8f4c757fe05 ; StatusCode: 200; User agent: Mozilla/5.0 (Windows NT 10.0; Win64; x64; rv:59.0) Gecko/20100101 Firefox/59.0; ","level":"error"}
{"message":"Time: 14:20:47:178; Method: GET; URl: /sockjs-node/181/work.js; Cookies: keys: Webstorm-6bd6bd74, values: 8cad0628-0259-4db3-941e-f8f4c757fe05 ; StatusCode: 200; User agent: Mozilla/5.0 (Windows NT 10.0; Win64; x64; rv:59.0) Gecko/20100101 Firefox/59.0; ","level":"error"}
{"message":"Time: 14:20:50:219; Method: GET; URl: /sockjs-node/iframe.html; Cookies: keys: Webstorm-6bd6bd74, values: 8cad0628-0259-4db3-941e-f8f4c757fe05 ; StatusCode: 200; User agent: Mozilla/5.0 (Windows NT 10.0; Win64; x64; rv:59.0) Gecko/20100101 Firefox/59.0; ","level":"error"}
{"message":"Time: 14:20:51:234; Method: GET; URl: /sockjs-node/iframe.html; Cookies: keys: Webstorm-6bd6bd74, values: 8cad0628-0259-4db3-941e-f8f4c757fe05 ; StatusCode: 200; User agent: Mozilla/5.0 (Windows NT 10.0; Win64; x64; rv:59.0) Gecko/20100101 Firefox/59.0; ","level":"error"}
{"message":"Time: 14:20:52:249; Method: GET; URl: /sockjs-node/181/k0qnckqr/jsonp?c=_jp.aw5sk3n; Cookies: keys: Webstorm-6bd6bd74, values: 8cad0628-0259-4db3-941e-f8f4c757fe05 ; StatusCode: 200; User agent: Mozilla/5.0 (Windows NT 10.0; Win64; x64; rv:59.0) Gecko/20100101 Firefox/59.0; ","level":"error"}
{"message":"Time: 14:22:48:570; Method: GET; URl: /sockjs-node/info?t=1523618566300; Cookies: keys: Webstorm-6bd6bd74, values: 8cad0628-0259-4db3-941e-f8f4c757fe05 ; StatusCode: 200; User agent: Mozilla/5.0 (Windows NT 10.0; Win64; x64; rv:59.0) Gecko/20100101 Firefox/59.0; ","level":"error"}
{"message":"Time: 14:22:49:602; Method: GET; URl: /sockjs-node/984/vgvfvzar/eventsource; Cookies: keys: Webstorm-6bd6bd74, values: 8cad0628-0259-4db3-941e-f8f4c757fe05 ; StatusCode: 200; User agent: Mozilla/5.0 (Windows NT 10.0; Win64; x64; rv:59.0) Gecko/20100101 Firefox/59.0; ","level":"error"}
{"message":"Time: 14:22:50:618; Method: GET; URl: /sockjs-node/iframe.html; Cookies: keys: Webstorm-6bd6bd74, values: 8cad0628-0259-4db3-941e-f8f4c757fe05 ; StatusCode: 200; User agent: Mozilla/5.0 (Windows NT 10.0; Win64; x64; rv:59.0) Gecko/20100101 Firefox/59.0; ","level":"error"}
{"message":"Time: 14:22:53:669; Method: GET; URl: /sockjs-node/984/v0jsxfmb/htmlfile?c=_jp.alt2fyu; Cookies: keys: Webstorm-6bd6bd74, values: 8cad0628-0259-4db3-941e-f8f4c757fe05 ; StatusCode: 200; User agent: Mozilla/5.0 (Windows NT 10.0; Win64; x64; rv:59.0) Gecko/20100101 Firefox/59.0; ","level":"error"}
{"message":"Time: 14:22:53:669; Method: GET; URl: /sockjs-node/984/main.css; Cookies: keys: Webstorm-6bd6bd74, values: 8cad0628-0259-4db3-941e-f8f4c757fe05 ; StatusCode: 200; User agent: Mozilla/5.0 (Windows NT 10.0; Win64; x64; rv:59.0) Gecko/20100101 Firefox/59.0; ","level":"error"}
{"message":"Time: 14:22:53:669; Method: GET; URl: /sockjs-node/984/work.js; Cookies: keys: Webstorm-6bd6bd74, values: 8cad0628-0259-4db3-941e-f8f4c757fe05 ; StatusCode: 200; User agent: Mozilla/5.0 (Windows NT 10.0; Win64; x64; rv:59.0) Gecko/20100101 Firefox/59.0; ","level":"error"}
{"message":"Time: 14:22:56:715; Method: GET; URl: /sockjs-node/iframe.html; Cookies: keys: Webstorm-6bd6bd74, values: 8cad0628-0259-4db3-941e-f8f4c757fe05 ; StatusCode: 200; User agent: Mozilla/5.0 (Windows NT 10.0; Win64; x64; rv:59.0) Gecko/20100101 Firefox/59.0; ","level":"error"}
{"message":"Time: 14:23:0:781; Method: GET; URl: /sockjs-node/iframe.html; Cookies: keys: Webstorm-6bd6bd74, values: 8cad0628-0259-4db3-941e-f8f4c757fe05 ; StatusCode: 200; User agent: Mozilla/5.0 (Windows NT 10.0; Win64; x64; rv:59.0) Gecko/20100101 Firefox/59.0; ","level":"error"}
{"message":"Time: 14:23:3:396; Method: GET; URl: /sockjs-node/info?t=1523618583396; Cookies: keys: Webstorm-6bd6bd74, values: 8cad0628-0259-4db3-941e-f8f4c757fe05 ; StatusCode: 200; User agent: Mozilla/5.0 (Windows NT 10.0; Win64; x64; rv:59.0) Gecko/20100101 Firefox/59.0; ","level":"error"}
{"message":"Time: 14:23:3:848; Method: GET; URl: /sockjs-node/984/axitvuuo/jsonp?c=_jp.ace5hht; Cookies: keys: Webstorm-6bd6bd74, values: 8cad0628-0259-4db3-941e-f8f4c757fe05 ; StatusCode: 200; User agent: Mozilla/5.0 (Windows NT 10.0; Win64; x64; rv:59.0) Gecko/20100101 Firefox/59.0; ","level":"error"}
{"message":"Time: 14:23:4:427; Method: GET; URl: /sockjs-node/764/wsgftfqb/eventsource; Cookies: keys: Webstorm-6bd6bd74, values: 8cad0628-0259-4db3-941e-f8f4c757fe05 ; StatusCode: 200; User agent: Mozilla/5.0 (Windows NT 10.0; Win64; x64; rv:59.0) Gecko/20100101 Firefox/59.0; ","level":"error"}
{"message":"Time: 14:23:5:448; Method: GET; URl: /sockjs-node/iframe.html; Cookies: keys: Webstorm-6bd6bd74, values: 8cad0628-0259-4db3-941e-f8f4c757fe05 ; StatusCode: 200; User agent: Mozilla/5.0 (Windows NT 10.0; Win64; x64; rv:59.0) Gecko/20100101 Firefox/59.0; ","level":"error"}
{"message":"Time: 14:23:8:496; Method: GET; URl: /sockjs-node/764/fxepttoy/htmlfile?c=_jp.adkuvex; Cookies: keys: Webstorm-6bd6bd74, values: 8cad0628-0259-4db3-941e-f8f4c757fe05 ; StatusCode: 200; User agent: Mozilla/5.0 (Windows NT 10.0; Win64; x64; rv:59.0) Gecko/20100101 Firefox/59.0; ","level":"error"}
{"message":"Time: 14:23:8:496; Method: GET; URl: /sockjs-node/764/main.css; Cookies: keys: Webstorm-6bd6bd74, values: 8cad0628-0259-4db3-941e-f8f4c757fe05 ; StatusCode: 200; User agent: Mozilla/5.0 (Windows NT 10.0; Win64; x64; rv:59.0) Gecko/20100101 Firefox/59.0; ","level":"error"}
{"message":"Time: 14:23:8:496; Method: GET; URl: /sockjs-node/764/work.js; Cookies: keys: Webstorm-6bd6bd74, values: 8cad0628-0259-4db3-941e-f8f4c757fe05 ; StatusCode: 200; User agent: Mozilla/5.0 (Windows NT 10.0; Win64; x64; rv:59.0) Gecko/20100101 Firefox/59.0; ","level":"error"}
{"message":"Time: 14:23:11:548; Method: GET; URl: /sockjs-node/iframe.html; Cookies: keys: Webstorm-6bd6bd74, values: 8cad0628-0259-4db3-941e-f8f4c757fe05 ; StatusCode: 200; User agent: Mozilla/5.0 (Windows NT 10.0; Win64; x64; rv:59.0) Gecko/20100101 Firefox/59.0; ","level":"error"}
{"message":"Time: 14:23:12:563; Method: GET; URl: /sockjs-node/iframe.html; Cookies: keys: Webstorm-6bd6bd74, values: 8cad0628-0259-4db3-941e-f8f4c757fe05 ; StatusCode: 200; User agent: Mozilla/5.0 (Windows NT 10.0; Win64; x64; rv:59.0) Gecko/20100101 Firefox/59.0; ","level":"error"}
{"message":"Time: 14:23:13:578; Method: GET; URl: /sockjs-node/764/vtrchgxv/jsonp?c=_jp.alpn5l3; Cookies: keys: Webstorm-6bd6bd74, values: 8cad0628-0259-4db3-941e-f8f4c757fe05 ; StatusCode: 200; User agent: Mozilla/5.0 (Windows NT 10.0; Win64; x64; rv:59.0) Gecko/20100101 Firefox/59.0; ","level":"error"}
{"message":"Time: 14:27:22:912; Method: GET; URl: /sockjs-node/info?t=1523618842912; Cookies: keys: Webstorm-6bd6bd74, values: 8cad0628-0259-4db3-941e-f8f4c757fe05 ; StatusCode: 200; User agent: Mozilla/5.0 (Windows NT 10.0; Win64; x64; rv:59.0) Gecko/20100101 Firefox/59.0; ","level":"error"}
{"message":"Time: 14:27:23:928; Method: GET; URl: /sockjs-node/105/tzhanjaf/eventsource; Cookies: keys: Webstorm-6bd6bd74, values: 8cad0628-0259-4db3-941e-f8f4c757fe05 ; StatusCode: 200; User agent: Mozilla/5.0 (Windows NT 10.0; Win64; x64; rv:59.0) Gecko/20100101 Firefox/59.0; ","level":"error"}
{"message":"Time: 14:27:24:943; Method: GET; URl: /sockjs-node/iframe.html; Cookies: keys: Webstorm-6bd6bd74, values: 8cad0628-0259-4db3-941e-f8f4c757fe05 ; StatusCode: 200; User agent: Mozilla/5.0 (Windows NT 10.0; Win64; x64; rv:59.0) Gecko/20100101 Firefox/59.0; ","level":"error"}
{"message":"Time: 14:27:27:995; Method: GET; URl: /sockjs-node/105/vgjhucdh/htmlfile?c=_jp.as1gz40; Cookies: keys: Webstorm-6bd6bd74, values: 8cad0628-0259-4db3-941e-f8f4c757fe05 ; StatusCode: 200; User agent: Mozilla/5.0 (Windows NT 10.0; Win64; x64; rv:59.0) Gecko/20100101 Firefox/59.0; ","level":"error"}
{"message":"Time: 14:27:27:995; Method: GET; URl: /sockjs-node/105/main.css; Cookies: keys: Webstorm-6bd6bd74, values: 8cad0628-0259-4db3-941e-f8f4c757fe05 ; StatusCode: 200; User agent: Mozilla/5.0 (Windows NT 10.0; Win64; x64; rv:59.0) Gecko/20100101 Firefox/59.0; ","level":"error"}
{"message":"Time: 14:27:27:995; Method: GET; URl: /sockjs-node/105/work.js; Cookies: keys: Webstorm-6bd6bd74, values: 8cad0628-0259-4db3-941e-f8f4c757fe05 ; StatusCode: 200; User agent: Mozilla/5.0 (Windows NT 10.0; Win64; x64; rv:59.0) Gecko/20100101 Firefox/59.0; ","level":"error"}
{"message":"Time: 14:27:31:27; Method: GET; URl: /sockjs-node/iframe.html; Cookies: keys: Webstorm-6bd6bd74, values: 8cad0628-0259-4db3-941e-f8f4c757fe05 ; StatusCode: 200; User agent: Mozilla/5.0 (Windows NT 10.0; Win64; x64; rv:59.0) Gecko/20100101 Firefox/59.0; ","level":"error"}
{"message":"Time: 14:27:32:42; Method: GET; URl: /sockjs-node/iframe.html; Cookies: keys: Webstorm-6bd6bd74, values: 8cad0628-0259-4db3-941e-f8f4c757fe05 ; StatusCode: 200; User agent: Mozilla/5.0 (Windows NT 10.0; Win64; x64; rv:59.0) Gecko/20100101 Firefox/59.0; ","level":"error"}
{"message":"Time: 14:27:33:63; Method: GET; URl: /sockjs-node/105/baqb14n2/jsonp?c=_jp.acrvtek; Cookies: keys: Webstorm-6bd6bd74, values: 8cad0628-0259-4db3-941e-f8f4c757fe05 ; StatusCode: 200; User agent: Mozilla/5.0 (Windows NT 10.0; Win64; x64; rv:59.0) Gecko/20100101 Firefox/59.0; ","level":"error"}
{"message":"Time: 14:36:8:135; Method: GET; URl: /sockjs-node/info?t=1523619368134; Cookies: keys: Webstorm-6bd6bd74, values: 8cad0628-0259-4db3-941e-f8f4c757fe05 ; StatusCode: 200; User agent: Mozilla/5.0 (Windows NT 10.0; Win64; x64; rv:59.0) Gecko/20100101 Firefox/59.0; ","level":"error"}
{"message":"Time: 14:36:9:150; Method: GET; URl: /sockjs-node/870/btgekq2w/eventsource; Cookies: keys: Webstorm-6bd6bd74, values: 8cad0628-0259-4db3-941e-f8f4c757fe05 ; StatusCode: 200; User agent: Mozilla/5.0 (Windows NT 10.0; Win64; x64; rv:59.0) Gecko/20100101 Firefox/59.0; ","level":"error"}
{"message":"Time: 14:36:10:165; Method: GET; URl: /sockjs-node/iframe.html; Cookies: keys: Webstorm-6bd6bd74, values: 8cad0628-0259-4db3-941e-f8f4c757fe05 ; StatusCode: 200; User agent: Mozilla/5.0 (Windows NT 10.0; Win64; x64; rv:59.0) Gecko/20100101 Firefox/59.0; ","level":"error"}
{"message":"Time: 14:36:13:231; Method: GET; URl: /sockjs-node/870/wc40hzu4/htmlfile?c=_jp.aqcd1cu; Cookies: keys: Webstorm-6bd6bd74, values: 8cad0628-0259-4db3-941e-f8f4c757fe05 ; StatusCode: 200; User agent: Mozilla/5.0 (Windows NT 10.0; Win64; x64; rv:59.0) Gecko/20100101 Firefox/59.0; ","level":"error"}
{"message":"Time: 14:36:13:231; Method: GET; URl: /sockjs-node/870/main.css; Cookies: keys: Webstorm-6bd6bd74, values: 8cad0628-0259-4db3-941e-f8f4c757fe05 ; StatusCode: 200; User agent: Mozilla/5.0 (Windows NT 10.0; Win64; x64; rv:59.0) Gecko/20100101 Firefox/59.0; ","level":"error"}
{"message":"Time: 14:36:13:231; Method: GET; URl: /sockjs-node/870/work.js; Cookies: keys: Webstorm-6bd6bd74, values: 8cad0628-0259-4db3-941e-f8f4c757fe05 ; StatusCode: 200; User agent: Mozilla/5.0 (Windows NT 10.0; Win64; x64; rv:59.0) Gecko/20100101 Firefox/59.0; ","level":"error"}
{"message":"Time: 14:36:16:276; Method: GET; URl: /sockjs-node/iframe.html; Cookies: keys: Webstorm-6bd6bd74, values: 8cad0628-0259-4db3-941e-f8f4c757fe05 ; StatusCode: 200; User agent: Mozilla/5.0 (Windows NT 10.0; Win64; x64; rv:59.0) Gecko/20100101 Firefox/59.0; ","level":"error"}
{"message":"Time: 14:36:17:297; Method: GET; URl: /sockjs-node/iframe.html; Cookies: keys: Webstorm-6bd6bd74, values: 8cad0628-0259-4db3-941e-f8f4c757fe05 ; StatusCode: 200; User agent: Mozilla/5.0 (Windows NT 10.0; Win64; x64; rv:59.0) Gecko/20100101 Firefox/59.0; ","level":"error"}
{"message":"Time: 14:36:18:312; Method: GET; URl: /sockjs-node/870/i1gezlfe/jsonp?c=_jp.ahpzp1r; Cookies: keys: Webstorm-6bd6bd74, values: 8cad0628-0259-4db3-941e-f8f4c757fe05 ; StatusCode: 200; User agent: Mozilla/5.0 (Windows NT 10.0; Win64; x64; rv:59.0) Gecko/20100101 Firefox/59.0; ","level":"error"}
{"message":"Time: 14:53:25:354; Method: GET; URl: /sockjs-node/info?t=1523620405348; Cookies: keys: Webstorm-6bd6bd74, values: 8cad0628-0259-4db3-941e-f8f4c757fe05 ; StatusCode: 200; User agent: Mozilla/5.0 (Windows NT 10.0; Win64; x64; rv:59.0) Gecko/20100101 Firefox/59.0; ","level":"error"}
{"message":"Time: 14:53:26:369; Method: GET; URl: /sockjs-node/742/14ozgtfs/eventsource; Cookies: keys: Webstorm-6bd6bd74, values: 8cad0628-0259-4db3-941e-f8f4c757fe05 ; StatusCode: 200; User agent: Mozilla/5.0 (Windows NT 10.0; Win64; x64; rv:59.0) Gecko/20100101 Firefox/59.0; ","level":"error"}
{"message":"Time: 14:53:27:385; Method: GET; URl: /sockjs-node/iframe.html; Cookies: keys: Webstorm-6bd6bd74, values: 8cad0628-0259-4db3-941e-f8f4c757fe05 ; StatusCode: 200; User agent: Mozilla/5.0 (Windows NT 10.0; Win64; x64; rv:59.0) Gecko/20100101 Firefox/59.0; ","level":"error"}
{"message":"Time: 14:53:30:431; Method: GET; URl: /sockjs-node/742/vdiaffyw/htmlfile?c=_jp.azr5tk2; Cookies: keys: Webstorm-6bd6bd74, values: 8cad0628-0259-4db3-941e-f8f4c757fe05 ; StatusCode: 200; User agent: Mozilla/5.0 (Windows NT 10.0; Win64; x64; rv:59.0) Gecko/20100101 Firefox/59.0; ","level":"error"}
{"message":"Time: 14:53:30:431; Method: GET; URl: /sockjs-node/742/main.css; Cookies: keys: Webstorm-6bd6bd74, values: 8cad0628-0259-4db3-941e-f8f4c757fe05 ; StatusCode: 200; User agent: Mozilla/5.0 (Windows NT 10.0; Win64; x64; rv:59.0) Gecko/20100101 Firefox/59.0; ","level":"error"}
{"message":"Time: 14:53:30:431; Method: GET; URl: /sockjs-node/742/work.js; Cookies: keys: Webstorm-6bd6bd74, values: 8cad0628-0259-4db3-941e-f8f4c757fe05 ; StatusCode: 200; User agent: Mozilla/5.0 (Windows NT 10.0; Win64; x64; rv:59.0) Gecko/20100101 Firefox/59.0; ","level":"error"}
{"message":"Time: 14:53:33:483; Method: GET; URl: /sockjs-node/iframe.html; Cookies: keys: Webstorm-6bd6bd74, values: 8cad0628-0259-4db3-941e-f8f4c757fe05 ; StatusCode: 200; User agent: Mozilla/5.0 (Windows NT 10.0; Win64; x64; rv:59.0) Gecko/20100101 Firefox/59.0; ","level":"error"}
{"message":"Time: 14:53:34:498; Method: GET; URl: /sockjs-node/iframe.html; Cookies: keys: Webstorm-6bd6bd74, values: 8cad0628-0259-4db3-941e-f8f4c757fe05 ; StatusCode: 200; User agent: Mozilla/5.0 (Windows NT 10.0; Win64; x64; rv:59.0) Gecko/20100101 Firefox/59.0; ","level":"error"}
{"message":"Time: 14:53:35:513; Method: GET; URl: /sockjs-node/742/lsts5ta2/jsonp?c=_jp.ahxtkgx; Cookies: keys: Webstorm-6bd6bd74, values: 8cad0628-0259-4db3-941e-f8f4c757fe05 ; StatusCode: 200; User agent: Mozilla/5.0 (Windows NT 10.0; Win64; x64; rv:59.0) Gecko/20100101 Firefox/59.0; ","level":"error"}
{"message":"Time: 11:43:9:272; Method: GET; URl: /favicon.ico; Cookies: keys: Webstorm-6bd6bd74, values: 8cad0628-0259-4db3-941e-f8f4c757fe05 ; StatusCode: 200; User agent: Mozilla/5.0 (Windows NT 10.0; Win64; x64; rv:59.0) Gecko/20100101 Firefox/59.0; ","level":"error"}
{"message":"Time: 11:43:9:282; Method: GET; URl: /favicon.ico; Cookies: keys: Webstorm-6bd6bd74, values: 8cad0628-0259-4db3-941e-f8f4c757fe05 ; StatusCode: 200; User agent: Mozilla/5.0 (Windows NT 10.0; Win64; x64; rv:59.0) Gecko/20100101 Firefox/59.0; ","level":"error"}
{"message":"Time: 18:35:23:702; Method: GET; URl: /login; Cookies: keys: , values:  ; StatusCode: 200; User agent: Mozilla/5.0 (Windows NT 10.0; Win64; x64; rv:59.0) Gecko/20100101 Firefox/59.0; ","level":"error"}
{"message":"Time: 18:35:53:841; Method: GET; URl: /login; Cookies: keys: , values:  ; StatusCode: 200; User agent: Mozilla/5.0 (Windows NT 10.0; Win64; x64; rv:59.0) Gecko/20100101 Firefox/59.0; ","level":"error"}
{"message":"Time: 18:36:34:264; Method: GET; URl: /login; Cookies: keys: , values:  ; StatusCode: 200; User agent: Mozilla/5.0 (Windows NT 10.0; Win64; x64; rv:59.0) Gecko/20100101 Firefox/59.0; ","level":"error"}
{"message":"Time: 18:36:40:843; Method: GET; URl: /login; Cookies: keys: , values:  ; StatusCode: 200; User agent: Mozilla/5.0 (Windows NT 10.0; Win64; x64; rv:59.0) Gecko/20100101 Firefox/59.0; ","level":"error"}
{"message":"Time: 18:38:15:760; Method: GET; URl: /login; Cookies: keys: , values:  ; StatusCode: 200; User agent: Mozilla/5.0 (Windows NT 10.0; Win64; x64; rv:59.0) Gecko/20100101 Firefox/59.0; ","level":"error"}
{"message":"Time: 18:39:36:936; Method: GET; URl: /login; Cookies: keys: , values:  ; StatusCode: 200; User agent: Mozilla/5.0 (Windows NT 10.0; Win64; x64; rv:59.0) Gecko/20100101 Firefox/59.0; ","level":"error"}
{"message":"Time: 18:49:50:323; Method: GET; URl: /login; Cookies: keys: , values:  ; StatusCode: 200; User agent: Mozilla/5.0 (Windows NT 10.0; Win64; x64; rv:59.0) Gecko/20100101 Firefox/59.0; ","level":"error"}
{"message":"Time: 18:49:52:55; Method: GET; URl: /login; Cookies: keys: , values:  ; StatusCode: 200; User agent: Mozilla/5.0 (Windows NT 10.0; Win64; x64; rv:59.0) Gecko/20100101 Firefox/59.0; ","level":"error"}
{"message":"Time: 18:53:55:456; Method: GET; URl: /login; Cookies: keys: , values:  ; StatusCode: 200; User agent: Mozilla/5.0 (Windows NT 10.0; Win64; x64; rv:59.0) Gecko/20100101 Firefox/59.0; ","level":"error"}
{"message":"Time: 13:3:7:790; Method: GET; URl: /login; Cookies: keys: , values:  ; StatusCode: 200; User agent: Mozilla/5.0 (Windows NT 10.0; Win64; x64; rv:59.0) Gecko/20100101 Firefox/59.0; ","level":"error"}
{"message":"Time: 13:4:5:126; Method: GET; URl: /login; Cookies: keys: , values:  ; StatusCode: 200; User agent: Mozilla/5.0 (Windows NT 10.0; Win64; x64; rv:59.0) Gecko/20100101 Firefox/59.0; ","level":"error"}
{"message":"Time: 13:5:17:672; Method: GET; URl: /login; Cookies: keys: , values:  ; StatusCode: 200; User agent: Mozilla/5.0 (Windows NT 10.0; Win64; x64; rv:59.0) Gecko/20100101 Firefox/59.0; ","level":"error"}
{"message":"Time: 13:6:36:61; Method: GET; URl: /login; Cookies: keys: , values:  ; StatusCode: 200; User agent: Mozilla/5.0 (Windows NT 10.0; Win64; x64; rv:59.0) Gecko/20100101 Firefox/59.0; ","level":"error"}
{"message":"Time: 13:7:0:203; Method: GET; URl: /login; Cookies: keys: , values:  ; StatusCode: 200; User agent: Mozilla/5.0 (Windows NT 10.0; Win64; x64; rv:59.0) Gecko/20100101 Firefox/59.0; ","level":"error"}
{"message":"Time: 14:37:18:570; Method: GET; URl: /favicon.ico; Cookies: keys: Webstorm-6bd6bd74 connect.sid, values: 8cad0628-0259-4db3-941e-f8f4c757fe05 s:CH6oRgx7k3sNUj5MIwDfe5w2u83i33ui.LNgT+/CDHK6ZYmGN39L8yGT01OZZZ8GMobrjJi1p8QM ; StatusCode: 200; User agent: Mozilla/5.0 (Windows NT 10.0; Win64; x64; rv:59.0) Gecko/20100101 Firefox/59.0; ","level":"error"}
{"message":"Time: 14:37:18:575; Method: GET; URl: /favicon.ico; Cookies: keys: Webstorm-6bd6bd74 connect.sid, values: 8cad0628-0259-4db3-941e-f8f4c757fe05 s:CH6oRgx7k3sNUj5MIwDfe5w2u83i33ui.LNgT+/CDHK6ZYmGN39L8yGT01OZZZ8GMobrjJi1p8QM ; StatusCode: 200; User agent: Mozilla/5.0 (Windows NT 10.0; Win64; x64; rv:59.0) Gecko/20100101 Firefox/59.0; ","level":"error"}
