Time: 18:26:17:278; Method: GET; URl: /; Cookies: keys: Webstorm-6bd6bd74 isAdmin, values: 8cad0628-0259-4db3-941e-f8f4c757fe05 true ; Hostname: localhost; StatusCode: 200; User agent: Mozilla/5.0 (Windows NT 10.0; Win64; x64; rv:59.0) Gecko/20100101 Firefox/59.0; 
Time: 18:26:19:393; Method: GET; URl: /log; Cookies: keys: Webstorm-6bd6bd74 isAdmin, values: 8cad0628-0259-4db3-941e-f8f4c757fe05 true ; Hostname: localhost; StatusCode: 200; User agent: Mozilla/5.0 (Windows NT 10.0; Win64; x64; rv:59.0) Gecko/20100101 Firefox/59.0; 
Time: 18:26:20:440; Method: GET; URl: /log; Cookies: keys: Webstorm-6bd6bd74 isAdmin, values: 8cad0628-0259-4db3-941e-f8f4c757fe05 true ; Hostname: localhost; StatusCode: 200; User agent: Mozilla/5.0 (Windows NT 10.0; Win64; x64; rv:59.0) Gecko/20100101 Firefox/59.0; 
Time: 18:26:21:411; Method: GET; URl: /log; Cookies: keys: Webstorm-6bd6bd74 isAdmin, values: 8cad0628-0259-4db3-941e-f8f4c757fe05 true ; Hostname: localhost; StatusCode: 200; User agent: Mozilla/5.0 (Windows NT 10.0; Win64; x64; rv:59.0) Gecko/20100101 Firefox/59.0; 
Time: 18:26:22:195; Method: GET; URl: /log; Cookies: keys: Webstorm-6bd6bd74 isAdmin, values: 8cad0628-0259-4db3-941e-f8f4c757fe05 true ; Hostname: localhost; StatusCode: 200; User agent: Mozilla/5.0 (Windows NT 10.0; Win64; x64; rv:59.0) Gecko/20100101 Firefox/59.0; 
Time: 18:26:23:881; Method: GET; URl: /log; Cookies: keys: Webstorm-6bd6bd74, values: 8cad0628-0259-4db3-941e-f8f4c757fe05 ; Hostname: localhost; StatusCode: 200; User agent: Mozilla/5.0 (Windows NT 10.0; Win64; x64; rv:59.0) Gecko/20100101 Firefox/59.0; 
Time: 18:26:24:943; Method: GET; URl: /log; Cookies: keys: Webstorm-6bd6bd74, values: 8cad0628-0259-4db3-941e-f8f4c757fe05 ; Hostname: localhost; StatusCode: 200; User agent: Mozilla/5.0 (Windows NT 10.0; Win64; x64; rv:59.0) Gecko/20100101 Firefox/59.0; 
Time: 18:26:25:958; Method: GET; URl: /log; Cookies: keys: Webstorm-6bd6bd74, values: 8cad0628-0259-4db3-941e-f8f4c757fe05 ; Hostname: localhost; StatusCode: 200; User agent: Mozilla/5.0 (Windows NT 10.0; Win64; x64; rv:59.0) Gecko/20100101 Firefox/59.0; 
Time: 18:26:26:911; Method: GET; URl: /log; Cookies: keys: Webstorm-6bd6bd74, values: 8cad0628-0259-4db3-941e-f8f4c757fe05 ; Hostname: localhost; StatusCode: 200; User agent: Mozilla/5.0 (Windows NT 10.0; Win64; x64; rv:59.0) Gecko/20100101 Firefox/59.0; 
Time: 18:26:46:985; Method: GET; URl: /log; Cookies: keys: Webstorm-6bd6bd74, values: 8cad0628-0259-4db3-941e-f8f4c757fe05 ; Hostname: localhost; StatusCode: 200; User agent: Mozilla/5.0 (Windows NT 10.0; Win64; x64; rv:59.0) Gecko/20100101 Firefox/59.0; 
Time: 19:29:0:7; Method: GET; URl: /; Cookies: keys: Webstorm-6bd6bd74 isAdmin, values: 8cad0628-0259-4db3-941e-f8f4c757fe05 true ; Hostname: localhost; StatusCode: 200; User agent: Mozilla/5.0 (Windows NT 10.0; Win64; x64; rv:59.0) Gecko/20100101 Firefox/59.0; 
Time: 19:29:2:961; Method: GET; URl: /log; Cookies: keys: Webstorm-6bd6bd74 isAdmin, values: 8cad0628-0259-4db3-941e-f8f4c757fe05 true ; Hostname: localhost; StatusCode: 200; User agent: Mozilla/5.0 (Windows NT 10.0; Win64; x64; rv:59.0) Gecko/20100101 Firefox/59.0; 
Time: 19:29:16:741; Method: GET; URl: /log; Cookies: keys: Webstorm-6bd6bd74 isAdmin, values: 8cad0628-0259-4db3-941e-f8f4c757fe05 true ; Hostname: localhost; StatusCode: 200; User agent: Mozilla/5.0 (Windows NT 10.0; Win64; x64; rv:59.0) Gecko/20100101 Firefox/59.0; 
Time: 19:29:30:795; Method: GET; URl: /log; Cookies: keys: Webstorm-6bd6bd74 isAdmin, values: 8cad0628-0259-4db3-941e-f8f4c757fe05 true ; Hostname: localhost; StatusCode: 200; User agent: Mozilla/5.0 (Windows NT 10.0; Win64; x64; rv:59.0) Gecko/20100101 Firefox/59.0; 
Time: 19:29:39:658; Method: GET; URl: /log; Cookies: keys: Webstorm-6bd6bd74, values: 8cad0628-0259-4db3-941e-f8f4c757fe05 ; Hostname: localhost; StatusCode: 200; User agent: Mozilla/5.0 (Windows NT 10.0; Win64; x64; rv:59.0) Gecko/20100101 Firefox/59.0; 
Time: 19:30:37:524; Method: GET; URl: /; Cookies: keys: Webstorm-6bd6bd74 isAdmin, values: 8cad0628-0259-4db3-941e-f8f4c757fe05 true ; Hostname: localhost; StatusCode: 200; User agent: Mozilla/5.0 (Windows NT 10.0; Win64; x64; rv:59.0) Gecko/20100101 Firefox/59.0; 
Time: 19:30:38:824; Method: GET; URl: /register; Cookies: keys: Webstorm-6bd6bd74 isAdmin, values: 8cad0628-0259-4db3-941e-f8f4c757fe05 true ; Hostname: localhost; StatusCode: 200; User agent: Mozilla/5.0 (Windows NT 10.0; Win64; x64; rv:59.0) Gecko/20100101 Firefox/59.0; 
Time: 19:30:39:855; Method: POST; URl: /register; Cookies: keys: Webstorm-6bd6bd74 isAdmin, values: 8cad0628-0259-4db3-941e-f8f4c757fe05 true ; Hostname: localhost; StatusCode: 200; User agent: Mozilla/5.0 (Windows NT 10.0; Win64; x64; rv:59.0) Gecko/20100101 Firefox/59.0; 
Time: 19:30:41:494; Method: GET; URl: /; Cookies: keys: Webstorm-6bd6bd74 isAdmin, values: 8cad0628-0259-4db3-941e-f8f4c757fe05 true ; Hostname: localhost; StatusCode: 200; User agent: Mozilla/5.0 (Windows NT 10.0; Win64; x64; rv:59.0) Gecko/20100101 Firefox/59.0; 
Time: 19:31:14:379; Method: GET; URl: /; Cookies: keys: Webstorm-6bd6bd74 isAdmin, values: 8cad0628-0259-4db3-941e-f8f4c757fe05 true ; Hostname: localhost; StatusCode: 200; User agent: Mozilla/5.0 (Windows NT 10.0; Win64; x64; rv:59.0) Gecko/20100101 Firefox/59.0; 
Time: 19:31:16:612; Method: GET; URl: /log; Cookies: keys: Webstorm-6bd6bd74 isAdmin, values: 8cad0628-0259-4db3-941e-f8f4c757fe05 true ; Hostname: localhost; StatusCode: 200; User agent: Mozilla/5.0 (Windows NT 10.0; Win64; x64; rv:59.0) Gecko/20100101 Firefox/59.0; 
Time: 19:31:18:411; Method: GET; URl: /log; Cookies: keys: Webstorm-6bd6bd74 isAdmin, values: 8cad0628-0259-4db3-941e-f8f4c757fe05 true ; Hostname: localhost; StatusCode: 200; User agent: Mozilla/5.0 (Windows NT 10.0; Win64; x64; rv:59.0) Gecko/20100101 Firefox/59.0; 
Time: 19:32:1:237; Method: GET; URl: /; Cookies: keys: Webstorm-6bd6bd74 isAdmin, values: 8cad0628-0259-4db3-941e-f8f4c757fe05 true ; Hostname: localhost; StatusCode: 200; User agent: Mozilla/5.0 (Windows NT 10.0; Win64; x64; rv:59.0) Gecko/20100101 Firefox/59.0; 
Time: 19:32:3:413; Method: GET; URl: /log; Cookies: keys: Webstorm-6bd6bd74 isAdmin, values: 8cad0628-0259-4db3-941e-f8f4c757fe05 true ; Hostname: localhost; StatusCode: 200; User agent: Mozilla/5.0 (Windows NT 10.0; Win64; x64; rv:59.0) Gecko/20100101 Firefox/59.0; 
Time: 19:32:4:428; Method: GET; URl: /log; Cookies: keys: Webstorm-6bd6bd74 isAdmin, values: 8cad0628-0259-4db3-941e-f8f4c757fe05 true ; Hostname: localhost; StatusCode: 200; User agent: Mozilla/5.0 (Windows NT 10.0; Win64; x64; rv:59.0) Gecko/20100101 Firefox/59.0; 
Time: 19:37:3:699; Method: GET; URl: /; Cookies: keys: Webstorm-6bd6bd74 isAdmin, values: 8cad0628-0259-4db3-941e-f8f4c757fe05 true ; Hostname: localhost; StatusCode: 200; User agent: Mozilla/5.0 (Windows NT 10.0; Win64; x64; rv:59.0) Gecko/20100101 Firefox/59.0; 
Time: 19:37:7:103; Method: GET; URl: /log; Cookies: keys: Webstorm-6bd6bd74 isAdmin, values: 8cad0628-0259-4db3-941e-f8f4c757fe05 true ; Hostname: localhost; StatusCode: 200; User agent: Mozilla/5.0 (Windows NT 10.0; Win64; x64; rv:59.0) Gecko/20100101 Firefox/59.0; 
Time: 19:37:8:34; Method: GET; URl: /log; Cookies: keys: Webstorm-6bd6bd74 isAdmin, values: 8cad0628-0259-4db3-941e-f8f4c757fe05 true ; Hostname: localhost; StatusCode: 200; User agent: Mozilla/5.0 (Windows NT 10.0; Win64; x64; rv:59.0) Gecko/20100101 Firefox/59.0; 
Time: 19:37:8:234; Method: GET; URl: /log; Cookies: keys: Webstorm-6bd6bd74 isAdmin, values: 8cad0628-0259-4db3-941e-f8f4c757fe05 true ; Hostname: localhost; StatusCode: 200; User agent: Mozilla/5.0 (Windows NT 10.0; Win64; x64; rv:59.0) Gecko/20100101 Firefox/59.0; 
Time: 19:37:9:234; Method: GET; URl: /log; Cookies: keys: Webstorm-6bd6bd74 isAdmin, values: 8cad0628-0259-4db3-941e-f8f4c757fe05 true ; Hostname: localhost; StatusCode: 200; User agent: Mozilla/5.0 (Windows NT 10.0; Win64; x64; rv:59.0) Gecko/20100101 Firefox/59.0; 
Time: 19:37:52:569; Method: GET; URl: /; Cookies: keys: Webstorm-6bd6bd74 isAdmin, values: 8cad0628-0259-4db3-941e-f8f4c757fe05 true ; Hostname: localhost; StatusCode: 200; User agent: Mozilla/5.0 (Windows NT 10.0; Win64; x64; rv:59.0) Gecko/20100101 Firefox/59.0; 
Time: 19:37:53:749; Method: GET; URl: /log; Cookies: keys: Webstorm-6bd6bd74 isAdmin, values: 8cad0628-0259-4db3-941e-f8f4c757fe05 true ; Hostname: localhost; StatusCode: 200; User agent: Mozilla/5.0 (Windows NT 10.0; Win64; x64; rv:59.0) Gecko/20100101 Firefox/59.0; 
Time: 19:38:8:344; Method: GET; URl: /; Cookies: keys: Webstorm-6bd6bd74 isAdmin, values: 8cad0628-0259-4db3-941e-f8f4c757fe05 true ; Hostname: localhost; StatusCode: 200; User agent: Mozilla/5.0 (Windows NT 10.0; Win64; x64; rv:59.0) Gecko/20100101 Firefox/59.0; 
Time: 19:38:9:746; Method: GET; URl: /log; Cookies: keys: Webstorm-6bd6bd74 isAdmin, values: 8cad0628-0259-4db3-941e-f8f4c757fe05 true ; Hostname: localhost; StatusCode: 200; User agent: Mozilla/5.0 (Windows NT 10.0; Win64; x64; rv:59.0) Gecko/20100101 Firefox/59.0; 
Time: 19:38:28:525; Method: GET; URl: /; Cookies: keys: Webstorm-6bd6bd74 isAdmin, values: 8cad0628-0259-4db3-941e-f8f4c757fe05 true ; Hostname: localhost; StatusCode: 200; User agent: Mozilla/5.0 (Windows NT 10.0; Win64; x64; rv:59.0) Gecko/20100101 Firefox/59.0; 
Time: 19:40:35:659; Method: GET; URl: /log; Cookies: keys: Webstorm-6bd6bd74 isAdmin, values: 8cad0628-0259-4db3-941e-f8f4c757fe05 true ; Hostname: localhost; StatusCode: 200; User agent: Mozilla/5.0 (Windows NT 10.0; Win64; x64; rv:59.0) Gecko/20100101 Firefox/59.0; 
Time: 19:41:5:866; Method: GET; URl: /; Cookies: keys: Webstorm-6bd6bd74 isAdmin, values: 8cad0628-0259-4db3-941e-f8f4c757fe05 true ; Hostname: localhost; StatusCode: 200; User agent: Mozilla/5.0 (Windows NT 10.0; Win64; x64; rv:59.0) Gecko/20100101 Firefox/59.0; 
Time: 19:41:40:338; Method: GET; URl: /log; Cookies: keys: Webstorm-6bd6bd74 isAdmin, values: 8cad0628-0259-4db3-941e-f8f4c757fe05 true ; Hostname: localhost; StatusCode: 200; User agent: Mozilla/5.0 (Windows NT 10.0; Win64; x64; rv:59.0) Gecko/20100101 Firefox/59.0; 
Time: 19:42:22:822; Method: GET; URl: /; Cookies: keys: Webstorm-6bd6bd74 isAdmin, values: 8cad0628-0259-4db3-941e-f8f4c757fe05 true ; Hostname: localhost; StatusCode: 200; User agent: Mozilla/5.0 (Windows NT 10.0; Win64; x64; rv:59.0) Gecko/20100101 Firefox/59.0; 
Time: 19:42:24:788; Method: GET; URl: /log; Cookies: keys: Webstorm-6bd6bd74 isAdmin, values: 8cad0628-0259-4db3-941e-f8f4c757fe05 true ; Hostname: localhost; StatusCode: 200; User agent: Mozilla/5.0 (Windows NT 10.0; Win64; x64; rv:59.0) Gecko/20100101 Firefox/59.0; 
Time: 19:42:25:823; Method: GET; URl: /log; Cookies: keys: Webstorm-6bd6bd74 isAdmin, values: 8cad0628-0259-4db3-941e-f8f4c757fe05 true ; Hostname: localhost; StatusCode: 200; User agent: Mozilla/5.0 (Windows NT 10.0; Win64; x64; rv:59.0) Gecko/20100101 Firefox/59.0; 
Time: 19:43:22:323; Method: GET; URl: /; Cookies: keys: Webstorm-6bd6bd74 isAdmin, values: 8cad0628-0259-4db3-941e-f8f4c757fe05 true ; Hostname: localhost; StatusCode: 200; User agent: Mozilla/5.0 (Windows NT 10.0; Win64; x64; rv:59.0) Gecko/20100101 Firefox/59.0; 
Time: 19:43:24:133; Method: GET; URl: /log; Cookies: keys: Webstorm-6bd6bd74 isAdmin, values: 8cad0628-0259-4db3-941e-f8f4c757fe05 true ; Hostname: localhost; StatusCode: 200; User agent: Mozilla/5.0 (Windows NT 10.0; Win64; x64; rv:59.0) Gecko/20100101 Firefox/59.0; 
Time: 19:43:35:543; Method: GET; URl: /log; Cookies: keys: Webstorm-6bd6bd74 isAdmin, values: 8cad0628-0259-4db3-941e-f8f4c757fe05 true ; Hostname: localhost; StatusCode: 200; User agent: Mozilla/5.0 (Windows NT 10.0; Win64; x64; rv:59.0) Gecko/20100101 Firefox/59.0; 
Time: 19:46:36:316; Method: GET; URl: /; Cookies: keys: Webstorm-6bd6bd74 isAdmin, values: 8cad0628-0259-4db3-941e-f8f4c757fe05 true ; Hostname: localhost; StatusCode: 200; User agent: Mozilla/5.0 (Windows NT 10.0; Win64; x64; rv:59.0) Gecko/20100101 Firefox/59.0; 
Time: 19:46:43:79; Method: GET; URl: /log; Cookies: keys: Webstorm-6bd6bd74 isAdmin, values: 8cad0628-0259-4db3-941e-f8f4c757fe05 true ; Hostname: localhost; StatusCode: 200; User agent: Mozilla/5.0 (Windows NT 10.0; Win64; x64; rv:59.0) Gecko/20100101 Firefox/59.0; 
Time: 19:46:58:169; Method: GET; URl: /; Cookies: keys: Webstorm-6bd6bd74 isAdmin, values: 8cad0628-0259-4db3-941e-f8f4c757fe05 true ; Hostname: localhost; StatusCode: 200; User agent: Mozilla/5.0 (Windows NT 10.0; Win64; x64; rv:59.0) Gecko/20100101 Firefox/59.0; 
Time: 19:47:54:792; Method: GET; URl: /; Cookies: keys: Webstorm-6bd6bd74 isAdmin, values: 8cad0628-0259-4db3-941e-f8f4c757fe05 true ; Hostname: localhost; StatusCode: 200; User agent: Mozilla/5.0 (Windows NT 10.0; Win64; x64; rv:59.0) Gecko/20100101 Firefox/59.0; 
Time: 19:48:19:292; Method: GET; URl: /; Cookies: keys: Webstorm-6bd6bd74 isAdmin, values: 8cad0628-0259-4db3-941e-f8f4c757fe05 true ; Hostname: localhost; StatusCode: 200; User agent: Mozilla/5.0 (Windows NT 10.0; Win64; x64; rv:59.0) Gecko/20100101 Firefox/59.0; 
Time: 19:48:20:194; Method: GET; URl: /; Cookies: keys: Webstorm-6bd6bd74 isAdmin, values: 8cad0628-0259-4db3-941e-f8f4c757fe05 true ; Hostname: localhost; StatusCode: 200; User agent: Mozilla/5.0 (Windows NT 10.0; Win64; x64; rv:59.0) Gecko/20100101 Firefox/59.0; 
Time: 19:48:20:625; Method: GET; URl: /; Cookies: keys: Webstorm-6bd6bd74 isAdmin, values: 8cad0628-0259-4db3-941e-f8f4c757fe05 true ; Hostname: localhost; StatusCode: 200; User agent: Mozilla/5.0 (Windows NT 10.0; Win64; x64; rv:59.0) Gecko/20100101 Firefox/59.0; 
Time: 19:48:20:770; Method: GET; URl: /; Cookies: keys: Webstorm-6bd6bd74 isAdmin, values: 8cad0628-0259-4db3-941e-f8f4c757fe05 true ; Hostname: localhost; StatusCode: 200; User agent: Mozilla/5.0 (Windows NT 10.0; Win64; x64; rv:59.0) Gecko/20100101 Firefox/59.0; 
Time: 19:48:37:648; Method: GET; URl: /home; Cookies: keys: Webstorm-6bd6bd74 isAdmin, values: 8cad0628-0259-4db3-941e-f8f4c757fe05 true ; Hostname: localhost; StatusCode: 200; User agent: Mozilla/5.0 (Windows NT 10.0; Win64; x64; rv:59.0) Gecko/20100101 Firefox/59.0; 
Time: 19:48:38:979; Method: GET; URl: /; Cookies: keys: Webstorm-6bd6bd74 isAdmin, values: 8cad0628-0259-4db3-941e-f8f4c757fe05 true ; Hostname: localhost; StatusCode: 200; User agent: Mozilla/5.0 (Windows NT 10.0; Win64; x64; rv:59.0) Gecko/20100101 Firefox/59.0; 
Time: 19:48:40:280; Method: GET; URl: /register; Cookies: keys: Webstorm-6bd6bd74 isAdmin, values: 8cad0628-0259-4db3-941e-f8f4c757fe05 true ; Hostname: localhost; StatusCode: 200; User agent: Mozilla/5.0 (Windows NT 10.0; Win64; x64; rv:59.0) Gecko/20100101 Firefox/59.0; 
Time: 19:48:43:579; Method: GET; URl: /log; Cookies: keys: Webstorm-6bd6bd74 isAdmin, values: 8cad0628-0259-4db3-941e-f8f4c757fe05 true ; Hostname: localhost; StatusCode: 200; User agent: Mozilla/5.0 (Windows NT 10.0; Win64; x64; rv:59.0) Gecko/20100101 Firefox/59.0; 
Time: 19:49:4:906; Method: GET; URl: /; Cookies: keys: Webstorm-6bd6bd74 isAdmin, values: 8cad0628-0259-4db3-941e-f8f4c757fe05 true ; Hostname: localhost; StatusCode: 200; User agent: Mozilla/5.0 (Windows NT 10.0; Win64; x64; rv:59.0) Gecko/20100101 Firefox/59.0; 
Time: 19:49:7:191; Method: GET; URl: /log; Cookies: keys: Webstorm-6bd6bd74 isAdmin, values: 8cad0628-0259-4db3-941e-f8f4c757fe05 true ; Hostname: localhost; StatusCode: 200; User agent: Mozilla/5.0 (Windows NT 10.0; Win64; x64; rv:59.0) Gecko/20100101 Firefox/59.0; 
Time: 20:30:34:622; Method: GET; URl: /register/; Cookies: keys: Webstorm-6bd6bd74 isAdmin, values: 8cad0628-0259-4db3-941e-f8f4c757fe05 true ; Hostname: localhost; StatusCode: 200; User agent: Mozilla/5.0 (Windows NT 10.0; Win64; x64; rv:59.0) Gecko/20100101 Firefox/59.0; 
Time: 20:32:1:232; Method: GET; URl: /register/; Cookies: keys: Webstorm-6bd6bd74 isAdmin, values: 8cad0628-0259-4db3-941e-f8f4c757fe05 true ; Hostname: localhost; StatusCode: 200; User agent: Mozilla/5.0 (Windows NT 10.0; Win64; x64; rv:59.0) Gecko/20100101 Firefox/59.0; 
Time: 20:32:2:100; Method: GET; URl: /register/; Cookies: keys: Webstorm-6bd6bd74 isAdmin, values: 8cad0628-0259-4db3-941e-f8f4c757fe05 true ; Hostname: localhost; StatusCode: 200; User agent: Mozilla/5.0 (Windows NT 10.0; Win64; x64; rv:59.0) Gecko/20100101 Firefox/59.0; 
Time: 20:32:2:384; Method: GET; URl: /register/; Cookies: keys: Webstorm-6bd6bd74 isAdmin, values: 8cad0628-0259-4db3-941e-f8f4c757fe05 true ; Hostname: localhost; StatusCode: 200; User agent: Mozilla/5.0 (Windows NT 10.0; Win64; x64; rv:59.0) Gecko/20100101 Firefox/59.0; 
Time: 20:32:2:568; Method: GET; URl: /register/; Cookies: keys: Webstorm-6bd6bd74 isAdmin, values: 8cad0628-0259-4db3-941e-f8f4c757fe05 true ; Hostname: localhost; StatusCode: 200; User agent: Mozilla/5.0 (Windows NT 10.0; Win64; x64; rv:59.0) Gecko/20100101 Firefox/59.0; 
Time: 20:32:2:715; Method: GET; URl: /register/; Cookies: keys: Webstorm-6bd6bd74 isAdmin, values: 8cad0628-0259-4db3-941e-f8f4c757fe05 true ; Hostname: localhost; StatusCode: 200; User agent: Mozilla/5.0 (Windows NT 10.0; Win64; x64; rv:59.0) Gecko/20100101 Firefox/59.0; 
Time: 20:32:2:867; Method: GET; URl: /register/; Cookies: keys: Webstorm-6bd6bd74 isAdmin, values: 8cad0628-0259-4db3-941e-f8f4c757fe05 true ; Hostname: localhost; StatusCode: 200; User agent: Mozilla/5.0 (Windows NT 10.0; Win64; x64; rv:59.0) Gecko/20100101 Firefox/59.0; 
Time: 20:32:2:999; Method: GET; URl: /register/; Cookies: keys: Webstorm-6bd6bd74 isAdmin, values: 8cad0628-0259-4db3-941e-f8f4c757fe05 true ; Hostname: localhost; StatusCode: 200; User agent: Mozilla/5.0 (Windows NT 10.0; Win64; x64; rv:59.0) Gecko/20100101 Firefox/59.0; 
Time: 20:32:5:529; Method: GET; URl: /register; Cookies: keys: Webstorm-6bd6bd74 isAdmin, values: 8cad0628-0259-4db3-941e-f8f4c757fe05 true ; Hostname: localhost; StatusCode: 200; User agent: Mozilla/5.0 (Windows NT 10.0; Win64; x64; rv:59.0) Gecko/20100101 Firefox/59.0; 
Time: 20:33:15:501; Method: GET; URl: /; Cookies: keys: Webstorm-6bd6bd74 isAdmin, values: 8cad0628-0259-4db3-941e-f8f4c757fe05 true ; Hostname: localhost; StatusCode: 200; User agent: Mozilla/5.0 (Windows NT 10.0; Win64; x64; rv:59.0) Gecko/20100101 Firefox/59.0; 
Time: 20:33:20:950; Method: GET; URl: /register; Cookies: keys: Webstorm-6bd6bd74 isAdmin, values: 8cad0628-0259-4db3-941e-f8f4c757fe05 true ; Hostname: localhost; StatusCode: 200; User agent: Mozilla/5.0 (Windows NT 10.0; Win64; x64; rv:59.0) Gecko/20100101 Firefox/59.0; 
Time: 20:33:21:534; Method: GET; URl: /register; Cookies: keys: Webstorm-6bd6bd74 isAdmin, values: 8cad0628-0259-4db3-941e-f8f4c757fe05 true ; Hostname: localhost; StatusCode: 200; User agent: Mozilla/5.0 (Windows NT 10.0; Win64; x64; rv:59.0) Gecko/20100101 Firefox/59.0; 
Time: 20:33:21:718; Method: GET; URl: /register; Cookies: keys: Webstorm-6bd6bd74 isAdmin, values: 8cad0628-0259-4db3-941e-f8f4c757fe05 true ; Hostname: localhost; StatusCode: 200; User agent: Mozilla/5.0 (Windows NT 10.0; Win64; x64; rv:59.0) Gecko/20100101 Firefox/59.0; 
Time: 20:33:21:885; Method: GET; URl: /register; Cookies: keys: Webstorm-6bd6bd74 isAdmin, values: 8cad0628-0259-4db3-941e-f8f4c757fe05 true ; Hostname: localhost; StatusCode: 200; User agent: Mozilla/5.0 (Windows NT 10.0; Win64; x64; rv:59.0) Gecko/20100101 Firefox/59.0; 
Time: 20:33:22:18; Method: GET; URl: /register; Cookies: keys: Webstorm-6bd6bd74 isAdmin, values: 8cad0628-0259-4db3-941e-f8f4c757fe05 true ; Hostname: localhost; StatusCode: 200; User agent: Mozilla/5.0 (Windows NT 10.0; Win64; x64; rv:59.0) Gecko/20100101 Firefox/59.0; 
Time: 20:33:23:342; Method: GET; URl: /; Cookies: keys: Webstorm-6bd6bd74 isAdmin, values: 8cad0628-0259-4db3-941e-f8f4c757fe05 true ; Hostname: localhost; StatusCode: 200; User agent: Mozilla/5.0 (Windows NT 10.0; Win64; x64; rv:59.0) Gecko/20100101 Firefox/59.0; 
Time: 20:33:23:532; Method: GET; URl: /; Cookies: keys: Webstorm-6bd6bd74 isAdmin, values: 8cad0628-0259-4db3-941e-f8f4c757fe05 true ; Hostname: localhost; StatusCode: 200; User agent: Mozilla/5.0 (Windows NT 10.0; Win64; x64; rv:59.0) Gecko/20100101 Firefox/59.0; 
Time: 20:33:23:664; Method: GET; URl: /; Cookies: keys: Webstorm-6bd6bd74 isAdmin, values: 8cad0628-0259-4db3-941e-f8f4c757fe05 true ; Hostname: localhost; StatusCode: 200; User agent: Mozilla/5.0 (Windows NT 10.0; Win64; x64; rv:59.0) Gecko/20100101 Firefox/59.0; 
Time: 20:34:19:633; Method: GET; URl: /; Cookies: keys: Webstorm-6bd6bd74 isAdmin, values: 8cad0628-0259-4db3-941e-f8f4c757fe05 true ; Hostname: localhost; StatusCode: 200; User agent: Mozilla/5.0 (Windows NT 10.0; Win64; x64; rv:59.0) Gecko/20100101 Firefox/59.0; 
Time: 20:34:21:500; Method: GET; URl: /; Cookies: keys: Webstorm-6bd6bd74 isAdmin, values: 8cad0628-0259-4db3-941e-f8f4c757fe05 true ; Hostname: localhost; StatusCode: 200; User agent: Mozilla/5.0 (Windows NT 10.0; Win64; x64; rv:59.0) Gecko/20100101 Firefox/59.0; 
Time: 20:34:41:522; Method: GET; URl: /; Cookies: keys: Webstorm-6bd6bd74 isAdmin, values: 8cad0628-0259-4db3-941e-f8f4c757fe05 true ; Hostname: localhost; StatusCode: 200; User agent: Mozilla/5.0 (Windows NT 10.0; Win64; x64; rv:59.0) Gecko/20100101 Firefox/59.0; 
Time: 20:37:17:80; Method: GET; URl: /; Cookies: keys: Webstorm-6bd6bd74 isAdmin, values: 8cad0628-0259-4db3-941e-f8f4c757fe05 true ; Hostname: localhost; StatusCode: 200; User agent: Mozilla/5.0 (Windows NT 10.0; Win64; x64; rv:59.0) Gecko/20100101 Firefox/59.0; 
Time: 20:37:23:102; Method: GET; URl: /log; Cookies: keys: Webstorm-6bd6bd74 isAdmin, values: 8cad0628-0259-4db3-941e-f8f4c757fe05 true ; Hostname: localhost; StatusCode: 200; User agent: Mozilla/5.0 (Windows NT 10.0; Win64; x64; rv:59.0) Gecko/20100101 Firefox/59.0; 
Time: 20:37:36:714; Method: GET; URl: /; Cookies: keys: Webstorm-6bd6bd74 isAdmin, values: 8cad0628-0259-4db3-941e-f8f4c757fe05 true ; Hostname: localhost; StatusCode: 200; User agent: Mozilla/5.0 (Windows NT 10.0; Win64; x64; rv:59.0) Gecko/20100101 Firefox/59.0; 
Time: 20:37:37:711; Method: GET; URl: /log; Cookies: keys: Webstorm-6bd6bd74 isAdmin, values: 8cad0628-0259-4db3-941e-f8f4c757fe05 true ; Hostname: localhost; StatusCode: 200; User agent: Mozilla/5.0 (Windows NT 10.0; Win64; x64; rv:59.0) Gecko/20100101 Firefox/59.0; 
Time: 20:37:38:979; Method: GET; URl: /log; Cookies: keys: Webstorm-6bd6bd74, values: 8cad0628-0259-4db3-941e-f8f4c757fe05 ; Hostname: localhost; StatusCode: 200; User agent: Mozilla/5.0 (Windows NT 10.0; Win64; x64; rv:59.0) Gecko/20100101 Firefox/59.0; 
Time: 20:37:40:10; Method: GET; URl: /log; Cookies: keys: Webstorm-6bd6bd74 isAdmin, values: 8cad0628-0259-4db3-941e-f8f4c757fe05 true ; Hostname: localhost; StatusCode: 200; User agent: Mozilla/5.0 (Windows NT 10.0; Win64; x64; rv:59.0) Gecko/20100101 Firefox/59.0; 
Time: 20:38:52:233; Method: GET; URl: /8; Cookies: keys: Webstorm-6bd6bd74 isAdmin, values: 8cad0628-0259-4db3-941e-f8f4c757fe05 true ; Hostname: localhost; StatusCode: 200; User agent: Mozilla/5.0 (Windows NT 10.0; Win64; x64; rv:59.0) Gecko/20100101 Firefox/59.0; 
Time: 20:38:59:517; Method: GET; URl: /; Cookies: keys: Webstorm-6bd6bd74 isAdmin, values: 8cad0628-0259-4db3-941e-f8f4c757fe05 true ; Hostname: localhost; StatusCode: 200; User agent: Mozilla/5.0 (Windows NT 10.0; Win64; x64; rv:59.0) Gecko/20100101 Firefox/59.0; 
Time: 13:7:47:207; Method: GET; URl: /; Cookies: keys: Webstorm-6bd6bd74, values: 8cad0628-0259-4db3-941e-f8f4c757fe05 ; Hostname: localhost; StatusCode: 200; User agent: Mozilla/5.0 (Windows NT 10.0; Win64; x64; rv:59.0) Gecko/20100101 Firefox/59.0; 
Time: 13:7:47:354; Method: GET; URl: /favicon.ico; Cookies: keys: Webstorm-6bd6bd74, values: 8cad0628-0259-4db3-941e-f8f4c757fe05 ; Hostname: localhost; StatusCode: 200; User agent: Mozilla/5.0 (Windows NT 10.0; Win64; x64; rv:59.0) Gecko/20100101 Firefox/59.0; 
Time: 13:24:13:115; Method: GET; URl: /log; Cookies: keys: Webstorm-6bd6bd74 isAdmin, values: 8cad0628-0259-4db3-941e-f8f4c757fe05 true ; Hostname: localhost; StatusCode: 200; User agent: Mozilla/5.0 (Windows NT 10.0; Win64; x64; rv:59.0) Gecko/20100101 Firefox/59.0; 
Time: 13:24:14:894; Method: GET; URl: /log; Cookies: keys: Webstorm-6bd6bd74 isAdmin, values: 8cad0628-0259-4db3-941e-f8f4c757fe05 true ; Hostname: localhost; StatusCode: 200; User agent: Mozilla/5.0 (Windows NT 10.0; Win64; x64; rv:59.0) Gecko/20100101 Firefox/59.0; 
Time: 13:24:15:816; Method: GET; URl: /log; Cookies: keys: Webstorm-6bd6bd74, values: 8cad0628-0259-4db3-941e-f8f4c757fe05 ; Hostname: localhost; StatusCode: 200; User agent: Mozilla/5.0 (Windows NT 10.0; Win64; x64; rv:59.0) Gecko/20100101 Firefox/59.0; 
Time: 13:27:30:635; Method: GET; URl: /register; Cookies: keys: Webstorm-6bd6bd74, values: 8cad0628-0259-4db3-941e-f8f4c757fe05 ; Hostname: localhost; StatusCode: 200; User agent: Mozilla/5.0 (Windows NT 10.0; Win64; x64; rv:59.0) Gecko/20100101 Firefox/59.0; 
Time: 13:27:31:667; Method: POST; URl: /register; Cookies: keys: Webstorm-6bd6bd74, values: 8cad0628-0259-4db3-941e-f8f4c757fe05 ; Hostname: localhost; StatusCode: 200; User agent: Mozilla/5.0 (Windows NT 10.0; Win64; x64; rv:59.0) Gecko/20100101 Firefox/59.0; 
Time: 13:27:33:75; Method: GET; URl: /; Cookies: keys: Webstorm-6bd6bd74, values: 8cad0628-0259-4db3-941e-f8f4c757fe05 ; Hostname: localhost; StatusCode: 200; User agent: Mozilla/5.0 (Windows NT 10.0; Win64; x64; rv:59.0) Gecko/20100101 Firefox/59.0; 
Time: 13:31:39:398; Method: GET; URl: /register; Cookies: keys: Webstorm-6bd6bd74, values: 8cad0628-0259-4db3-941e-f8f4c757fe05 ; Hostname: localhost; StatusCode: 200; User agent: Mozilla/5.0 (Windows NT 10.0; Win64; x64; rv:59.0) Gecko/20100101 Firefox/59.0; 
Time: 13:32:0:22; Method: GET; URl: /register; Cookies: keys: Webstorm-6bd6bd74, values: 8cad0628-0259-4db3-941e-f8f4c757fe05 ; Hostname: localhost; StatusCode: 200; User agent: Mozilla/5.0 (Windows NT 10.0; Win64; x64; rv:59.0) Gecko/20100101 Firefox/59.0; 
Time: 13:32:0:837; Method: GET; URl: /register; Cookies: keys: Webstorm-6bd6bd74, values: 8cad0628-0259-4db3-941e-f8f4c757fe05 ; Hostname: localhost; StatusCode: 200; User agent: Mozilla/5.0 (Windows NT 10.0; Win64; x64; rv:59.0) Gecko/20100101 Firefox/59.0; 
Time: 13:32:1:152; Method: GET; URl: /register; Cookies: keys: Webstorm-6bd6bd74, values: 8cad0628-0259-4db3-941e-f8f4c757fe05 ; Hostname: localhost; StatusCode: 200; User agent: Mozilla/5.0 (Windows NT 10.0; Win64; x64; rv:59.0) Gecko/20100101 Firefox/59.0; 
Time: 13:32:1:374; Method: GET; URl: /register; Cookies: keys: Webstorm-6bd6bd74, values: 8cad0628-0259-4db3-941e-f8f4c757fe05 ; Hostname: localhost; StatusCode: 200; User agent: Mozilla/5.0 (Windows NT 10.0; Win64; x64; rv:59.0) Gecko/20100101 Firefox/59.0; 
Time: 13:32:3:106; Method: POST; URl: /register; Cookies: keys: Webstorm-6bd6bd74, values: 8cad0628-0259-4db3-941e-f8f4c757fe05 ; Hostname: localhost; StatusCode: 200; User agent: Mozilla/5.0 (Windows NT 10.0; Win64; x64; rv:59.0) Gecko/20100101 Firefox/59.0; 
Time: 13:32:4:53; Method: GET; URl: /; Cookies: keys: Webstorm-6bd6bd74, values: 8cad0628-0259-4db3-941e-f8f4c757fe05 ; Hostname: localhost; StatusCode: 200; User agent: Mozilla/5.0 (Windows NT 10.0; Win64; x64; rv:59.0) Gecko/20100101 Firefox/59.0; 
Time: 13:34:44:71; Method: GET; URl: /; Cookies: keys: Webstorm-6bd6bd74, values: 8cad0628-0259-4db3-941e-f8f4c757fe05 ; Hostname: localhost; StatusCode: 200; User agent: Mozilla/5.0 (Windows NT 10.0; Win64; x64; rv:59.0) Gecko/20100101 Firefox/59.0; 
Time: 13:36:36:271; Method: GET; URl: /; Cookies: keys: Webstorm-6bd6bd74, values: 8cad0628-0259-4db3-941e-f8f4c757fe05 ; Hostname: localhost; StatusCode: 200; User agent: Mozilla/5.0 (Windows NT 10.0; Win64; x64; rv:59.0) Gecko/20100101 Firefox/59.0; 
Time: 13:36:37:220; Method: GET; URl: /; Cookies: keys: Webstorm-6bd6bd74, values: 8cad0628-0259-4db3-941e-f8f4c757fe05 ; Hostname: localhost; StatusCode: 200; User agent: Mozilla/5.0 (Windows NT 10.0; Win64; x64; rv:59.0) Gecko/20100101 Firefox/59.0; 
Time: 14:5:13:34; Method: GET; URl: /; Cookies: keys: Webstorm-6bd6bd74, values: 8cad0628-0259-4db3-941e-f8f4c757fe05 ; Hostname: localhost; StatusCode: 200; User agent: Mozilla/5.0 (Windows NT 10.0; Win64; x64; rv:59.0) Gecko/20100101 Firefox/59.0; 
Time: 15:35:30:380; Method: GET; URl: /; Cookies: keys: Webstorm-6bd6bd74, values: 8cad0628-0259-4db3-941e-f8f4c757fe05 ; Hostname: localhost; StatusCode: 200; User agent: Mozilla/5.0 (Windows NT 10.0; Win64; x64; rv:59.0) Gecko/20100101 Firefox/59.0; 
Time: 15:35:30:580; Method: GET; URl: /favicon.ico; Cookies: keys: Webstorm-6bd6bd74, values: 8cad0628-0259-4db3-941e-f8f4c757fe05 ; Hostname: localhost; StatusCode: 200; User agent: Mozilla/5.0 (Windows NT 10.0; Win64; x64; rv:59.0) Gecko/20100101 Firefox/59.0; 
Time: 15:35:56:858; Method: GET; URl: /; Cookies: keys: Webstorm-6bd6bd74, values: 8cad0628-0259-4db3-941e-f8f4c757fe05 ; Hostname: localhost; StatusCode: 200; User agent: Mozilla/5.0 (Windows NT 10.0; Win64; x64; rv:59.0) Gecko/20100101 Firefox/59.0; 
Time: 13:47:38:937; Method: GET; URl: /; Cookies: keys: Webstorm-6bd6bd74, values: 8cad0628-0259-4db3-941e-f8f4c757fe05 ; Hostname: localhost; StatusCode: 200; User agent: Mozilla/5.0 (Windows NT 10.0; Win64; x64; rv:59.0) Gecko/20100101 Firefox/59.0; 
Time: 13:47:39:86; Method: GET; URl: /favicon.ico; Cookies: keys: Webstorm-6bd6bd74, values: 8cad0628-0259-4db3-941e-f8f4c757fe05 ; Hostname: localhost; StatusCode: 200; User agent: Mozilla/5.0 (Windows NT 10.0; Win64; x64; rv:59.0) Gecko/20100101 Firefox/59.0; 
Time: 13:47:39:103; Method: GET; URl: /favicon.ico; Cookies: keys: Webstorm-6bd6bd74, values: 8cad0628-0259-4db3-941e-f8f4c757fe05 ; Hostname: localhost; StatusCode: 200; User agent: Mozilla/5.0 (Windows NT 10.0; Win64; x64; rv:59.0) Gecko/20100101 Firefox/59.0; 
Time: 13:47:40:262; Method: GET; URl: /register; Cookies: keys: Webstorm-6bd6bd74, values: 8cad0628-0259-4db3-941e-f8f4c757fe05 ; Hostname: localhost; StatusCode: 200; User agent: Mozilla/5.0 (Windows NT 10.0; Win64; x64; rv:59.0) Gecko/20100101 Firefox/59.0; 
Time: 13:47:42:145; Method: POST; URl: /register; Cookies: keys: Webstorm-6bd6bd74, values: 8cad0628-0259-4db3-941e-f8f4c757fe05 ; Hostname: localhost; StatusCode: 200; User agent: Mozilla/5.0 (Windows NT 10.0; Win64; x64; rv:59.0) Gecko/20100101 Firefox/59.0; 
Time: 13:48:4:470; Method: GET; URl: /register; Cookies: keys: Webstorm-6bd6bd74, values: 8cad0628-0259-4db3-941e-f8f4c757fe05 ; Hostname: localhost; StatusCode: 200; User agent: Mozilla/5.0 (Windows NT 10.0; Win64; x64; rv:59.0) Gecko/20100101 Firefox/59.0; 
Time: 13:48:5:896; Method: GET; URl: /register?name=&surname=; Cookies: keys: Webstorm-6bd6bd74, values: 8cad0628-0259-4db3-941e-f8f4c757fe05 ; Hostname: localhost; StatusCode: 200; User agent: Mozilla/5.0 (Windows NT 10.0; Win64; x64; rv:59.0) Gecko/20100101 Firefox/59.0; 
Time: 13:48:12:87; Method: GET; URl: /register?name=&surname=; Cookies: keys: Webstorm-6bd6bd74, values: 8cad0628-0259-4db3-941e-f8f4c757fe05 ; Hostname: localhost; StatusCode: 200; User agent: Mozilla/5.0 (Windows NT 10.0; Win64; x64; rv:59.0) Gecko/20100101 Firefox/59.0; 
Time: 13:49:10:407; Method: GET; URl: /register?name=&surname=; Cookies: keys: Webstorm-6bd6bd74, values: 8cad0628-0259-4db3-941e-f8f4c757fe05 ; Hostname: localhost; StatusCode: 200; User agent: Mozilla/5.0 (Windows NT 10.0; Win64; x64; rv:59.0) Gecko/20100101 Firefox/59.0; 
Time: 13:49:11:72; Method: GET; URl: /register?name=&surname=; Cookies: keys: Webstorm-6bd6bd74, values: 8cad0628-0259-4db3-941e-f8f4c757fe05 ; Hostname: localhost; StatusCode: 200; User agent: Mozilla/5.0 (Windows NT 10.0; Win64; x64; rv:59.0) Gecko/20100101 Firefox/59.0; 
Time: 13:49:11:747; Method: GET; URl: /register?name=&surname=; Cookies: keys: Webstorm-6bd6bd74, values: 8cad0628-0259-4db3-941e-f8f4c757fe05 ; Hostname: localhost; StatusCode: 200; User agent: Mozilla/5.0 (Windows NT 10.0; Win64; x64; rv:59.0) Gecko/20100101 Firefox/59.0; 
Time: 13:49:12:654; Method: GET; URl: /register?name=&surname=; Cookies: keys: Webstorm-6bd6bd74, values: 8cad0628-0259-4db3-941e-f8f4c757fe05 ; Hostname: localhost; StatusCode: 200; User agent: Mozilla/5.0 (Windows NT 10.0; Win64; x64; rv:59.0) Gecko/20100101 Firefox/59.0; 
Time: 13:49:13:280; Method: GET; URl: /register?name=&surname=; Cookies: keys: Webstorm-6bd6bd74, values: 8cad0628-0259-4db3-941e-f8f4c757fe05 ; Hostname: localhost; StatusCode: 200; User agent: Mozilla/5.0 (Windows NT 10.0; Win64; x64; rv:59.0) Gecko/20100101 Firefox/59.0; 
Time: 13:50:9:88; Method: GET; URl: /register?name=&surname=; Cookies: keys: Webstorm-6bd6bd74, values: 8cad0628-0259-4db3-941e-f8f4c757fe05 ; Hostname: localhost; StatusCode: 200; User agent: Mozilla/5.0 (Windows NT 10.0; Win64; x64; rv:59.0) Gecko/20100101 Firefox/59.0; 
Time: 13:51:25:71; Method: GET; URl: /register?name=&surname=; Cookies: keys: Webstorm-6bd6bd74, values: 8cad0628-0259-4db3-941e-f8f4c757fe05 ; Hostname: localhost; StatusCode: 200; User agent: Mozilla/5.0 (Windows NT 10.0; Win64; x64; rv:59.0) Gecko/20100101 Firefox/59.0; 
Time: 13:52:18:267; Method: GET; URl: /register?name=&surname=; Cookies: keys: Webstorm-6bd6bd74, values: 8cad0628-0259-4db3-941e-f8f4c757fe05 ; Hostname: localhost; StatusCode: 200; User agent: Mozilla/5.0 (Windows NT 10.0; Win64; x64; rv:59.0) Gecko/20100101 Firefox/59.0; 
Time: 13:52:36:996; Method: GET; URl: /register?name=&surname=; Cookies: keys: Webstorm-6bd6bd74, values: 8cad0628-0259-4db3-941e-f8f4c757fe05 ; Hostname: localhost; StatusCode: 200; User agent: Mozilla/5.0 (Windows NT 10.0; Win64; x64; rv:59.0) Gecko/20100101 Firefox/59.0; 
Time: 13:53:26:189; Method: GET; URl: /register?name=&surname=; Cookies: keys: Webstorm-6bd6bd74, values: 8cad0628-0259-4db3-941e-f8f4c757fe05 ; Hostname: localhost; StatusCode: 200; User agent: Mozilla/5.0 (Windows NT 10.0; Win64; x64; rv:59.0) Gecko/20100101 Firefox/59.0; 
Time: 13:53:34:995; Method: GET; URl: /register?name=&surname=; Cookies: keys: Webstorm-6bd6bd74, values: 8cad0628-0259-4db3-941e-f8f4c757fe05 ; Hostname: localhost; StatusCode: 200; User agent: Mozilla/5.0 (Windows NT 10.0; Win64; x64; rv:59.0) Gecko/20100101 Firefox/59.0; 
Time: 13:57:3:29; Method: GET; URl: /register?name=&surname=; Cookies: keys: Webstorm-6bd6bd74, values: 8cad0628-0259-4db3-941e-f8f4c757fe05 ; Hostname: localhost; StatusCode: 200; User agent: Mozilla/5.0 (Windows NT 10.0; Win64; x64; rv:59.0) Gecko/20100101 Firefox/59.0; 
Time: 13:57:4:339; Method: POST; URl: /register; Cookies: keys: Webstorm-6bd6bd74, values: 8cad0628-0259-4db3-941e-f8f4c757fe05 ; Hostname: localhost; StatusCode: 200; User agent: Mozilla/5.0 (Windows NT 10.0; Win64; x64; rv:59.0) Gecko/20100101 Firefox/59.0; 
Time: 13:59:13:919; Method: GET; URl: /register?name=&surname=; Cookies: keys: Webstorm-6bd6bd74, values: 8cad0628-0259-4db3-941e-f8f4c757fe05 ; Hostname: localhost; StatusCode: 200; User agent: Mozilla/5.0 (Windows NT 10.0; Win64; x64; rv:59.0) Gecko/20100101 Firefox/59.0; 
Time: 13:59:14:760; Method: POST; URl: /register; Cookies: keys: Webstorm-6bd6bd74, values: 8cad0628-0259-4db3-941e-f8f4c757fe05 ; Hostname: localhost; StatusCode: 200; User agent: Mozilla/5.0 (Windows NT 10.0; Win64; x64; rv:59.0) Gecko/20100101 Firefox/59.0; 
Time: 13:59:51:865; Method: GET; URl: /register?name=&surname=; Cookies: keys: Webstorm-6bd6bd74, values: 8cad0628-0259-4db3-941e-f8f4c757fe05 ; Hostname: localhost; StatusCode: 200; User agent: Mozilla/5.0 (Windows NT 10.0; Win64; x64; rv:59.0) Gecko/20100101 Firefox/59.0; 
Time: 13:59:52:616; Method: POST; URl: /register; Cookies: keys: Webstorm-6bd6bd74, values: 8cad0628-0259-4db3-941e-f8f4c757fe05 ; Hostname: localhost; StatusCode: 200; User agent: Mozilla/5.0 (Windows NT 10.0; Win64; x64; rv:59.0) Gecko/20100101 Firefox/59.0; 
Time: 14:1:54:121; Method: POST; URl: /register; Cookies: keys: Webstorm-6bd6bd74, values: 8cad0628-0259-4db3-941e-f8f4c757fe05 ; Hostname: localhost; StatusCode: 200; User agent: Mozilla/5.0 (Windows NT 10.0; Win64; x64; rv:59.0) Gecko/20100101 Firefox/59.0; 
Time: 14:1:55:798; Method: GET; URl: /register?name=&surname=; Cookies: keys: Webstorm-6bd6bd74, values: 8cad0628-0259-4db3-941e-f8f4c757fe05 ; Hostname: localhost; StatusCode: 200; User agent: Mozilla/5.0 (Windows NT 10.0; Win64; x64; rv:59.0) Gecko/20100101 Firefox/59.0; 
Time: 14:1:56:556; Method: POST; URl: /register; Cookies: keys: Webstorm-6bd6bd74, values: 8cad0628-0259-4db3-941e-f8f4c757fe05 ; Hostname: localhost; StatusCode: 200; User agent: Mozilla/5.0 (Windows NT 10.0; Win64; x64; rv:59.0) Gecko/20100101 Firefox/59.0; 
Time: 14:3:21:705; Method: POST; URl: /register; Cookies: keys: Webstorm-6bd6bd74, values: 8cad0628-0259-4db3-941e-f8f4c757fe05 ; Hostname: localhost; StatusCode: 200; User agent: Mozilla/5.0 (Windows NT 10.0; Win64; x64; rv:59.0) Gecko/20100101 Firefox/59.0; 
Time: 14:3:45:784; Method: POST; URl: /register; Cookies: keys: Webstorm-6bd6bd74, values: 8cad0628-0259-4db3-941e-f8f4c757fe05 ; Hostname: localhost; StatusCode: 200; User agent: Mozilla/5.0 (Windows NT 10.0; Win64; x64; rv:59.0) Gecko/20100101 Firefox/59.0; 
Time: 14:4:10:668; Method: POST; URl: /register; Cookies: keys: Webstorm-6bd6bd74, values: 8cad0628-0259-4db3-941e-f8f4c757fe05 ; Hostname: localhost; StatusCode: 200; User agent: Mozilla/5.0 (Windows NT 10.0; Win64; x64; rv:59.0) Gecko/20100101 Firefox/59.0; 
Time: 14:4:26:281; Method: POST; URl: /register; Cookies: keys: Webstorm-6bd6bd74, values: 8cad0628-0259-4db3-941e-f8f4c757fe05 ; Hostname: localhost; StatusCode: 200; User agent: Mozilla/5.0 (Windows NT 10.0; Win64; x64; rv:59.0) Gecko/20100101 Firefox/59.0; 
Time: 14:4:42:505; Method: POST; URl: /register; Cookies: keys: Webstorm-6bd6bd74, values: 8cad0628-0259-4db3-941e-f8f4c757fe05 ; Hostname: localhost; StatusCode: 200; User agent: Mozilla/5.0 (Windows NT 10.0; Win64; x64; rv:59.0) Gecko/20100101 Firefox/59.0; 
Time: 14:5:17:439; Method: POST; URl: /register; Cookies: keys: Webstorm-6bd6bd74, values: 8cad0628-0259-4db3-941e-f8f4c757fe05 ; Hostname: localhost; StatusCode: 200; User agent: Mozilla/5.0 (Windows NT 10.0; Win64; x64; rv:59.0) Gecko/20100101 Firefox/59.0; 
Time: 14:5:49:272; Method: POST; URl: /register; Cookies: keys: Webstorm-6bd6bd74, values: 8cad0628-0259-4db3-941e-f8f4c757fe05 ; Hostname: localhost; StatusCode: 200; User agent: Mozilla/5.0 (Windows NT 10.0; Win64; x64; rv:59.0) Gecko/20100101 Firefox/59.0; 
Time: 14:6:13:224; Method: POST; URl: /register; Cookies: keys: Webstorm-6bd6bd74, values: 8cad0628-0259-4db3-941e-f8f4c757fe05 ; Hostname: localhost; StatusCode: 200; User agent: Mozilla/5.0 (Windows NT 10.0; Win64; x64; rv:59.0) Gecko/20100101 Firefox/59.0; 
Time: 14:6:35:229; Method: POST; URl: /register; Cookies: keys: Webstorm-6bd6bd74, values: 8cad0628-0259-4db3-941e-f8f4c757fe05 ; Hostname: localhost; StatusCode: 200; User agent: Mozilla/5.0 (Windows NT 10.0; Win64; x64; rv:59.0) Gecko/20100101 Firefox/59.0; 
Time: 14:6:54:396; Method: POST; URl: /register; Cookies: keys: Webstorm-6bd6bd74, values: 8cad0628-0259-4db3-941e-f8f4c757fe05 ; Hostname: localhost; StatusCode: 200; User agent: Mozilla/5.0 (Windows NT 10.0; Win64; x64; rv:59.0) Gecko/20100101 Firefox/59.0; 
Time: 14:7:2:438; Method: POST; URl: /register; Cookies: keys: Webstorm-6bd6bd74, values: 8cad0628-0259-4db3-941e-f8f4c757fe05 ; Hostname: localhost; StatusCode: 200; User agent: Mozilla/5.0 (Windows NT 10.0; Win64; x64; rv:59.0) Gecko/20100101 Firefox/59.0; 
Time: 14:7:29:167; Method: POST; URl: /register; Cookies: keys: Webstorm-6bd6bd74, values: 8cad0628-0259-4db3-941e-f8f4c757fe05 ; Hostname: localhost; StatusCode: 200; User agent: Mozilla/5.0 (Windows NT 10.0; Win64; x64; rv:59.0) Gecko/20100101 Firefox/59.0; 
Time: 14:8:1:922; Method: POST; URl: /register; Cookies: keys: Webstorm-6bd6bd74, values: 8cad0628-0259-4db3-941e-f8f4c757fe05 ; Hostname: localhost; StatusCode: 200; User agent: Mozilla/5.0 (Windows NT 10.0; Win64; x64; rv:59.0) Gecko/20100101 Firefox/59.0; 
Time: 14:8:13:739; Method: POST; URl: /register; Cookies: keys: Webstorm-6bd6bd74, values: 8cad0628-0259-4db3-941e-f8f4c757fe05 ; Hostname: localhost; StatusCode: 200; User agent: Mozilla/5.0 (Windows NT 10.0; Win64; x64; rv:59.0) Gecko/20100101 Firefox/59.0; 
Time: 14:8:14:812; Method: POST; URl: /register; Cookies: keys: Webstorm-6bd6bd74, values: 8cad0628-0259-4db3-941e-f8f4c757fe05 ; Hostname: localhost; StatusCode: 200; User agent: Mozilla/5.0 (Windows NT 10.0; Win64; x64; rv:59.0) Gecko/20100101 Firefox/59.0; 
Time: 14:8:15:969; Method: GET; URl: /register?name=&surname=; Cookies: keys: Webstorm-6bd6bd74, values: 8cad0628-0259-4db3-941e-f8f4c757fe05 ; Hostname: localhost; StatusCode: 200; User agent: Mozilla/5.0 (Windows NT 10.0; Win64; x64; rv:59.0) Gecko/20100101 Firefox/59.0; 
Time: 14:8:16:787; Method: POST; URl: /register; Cookies: keys: Webstorm-6bd6bd74, values: 8cad0628-0259-4db3-941e-f8f4c757fe05 ; Hostname: localhost; StatusCode: 200; User agent: Mozilla/5.0 (Windows NT 10.0; Win64; x64; rv:59.0) Gecko/20100101 Firefox/59.0; 
Time: 14:8:33:165; Method: GET; URl: /register?name=&surname=; Cookies: keys: Webstorm-6bd6bd74, values: 8cad0628-0259-4db3-941e-f8f4c757fe05 ; Hostname: localhost; StatusCode: 200; User agent: Mozilla/5.0 (Windows NT 10.0; Win64; x64; rv:59.0) Gecko/20100101 Firefox/59.0; 
Time: 14:8:34:116; Method: POST; URl: /register; Cookies: keys: Webstorm-6bd6bd74, values: 8cad0628-0259-4db3-941e-f8f4c757fe05 ; Hostname: localhost; StatusCode: 200; User agent: Mozilla/5.0 (Windows NT 10.0; Win64; x64; rv:59.0) Gecko/20100101 Firefox/59.0; 
Time: 14:10:51:441; Method: GET; URl: /register?name=&surname=; Cookies: keys: Webstorm-6bd6bd74, values: 8cad0628-0259-4db3-941e-f8f4c757fe05 ; Hostname: localhost; StatusCode: 200; User agent: Mozilla/5.0 (Windows NT 10.0; Win64; x64; rv:59.0) Gecko/20100101 Firefox/59.0; 
Time: 14:10:52:242; Method: POST; URl: /register; Cookies: keys: Webstorm-6bd6bd74, values: 8cad0628-0259-4db3-941e-f8f4c757fe05 ; Hostname: localhost; StatusCode: 200; User agent: Mozilla/5.0 (Windows NT 10.0; Win64; x64; rv:59.0) Gecko/20100101 Firefox/59.0; 
Time: 14:30:32:74; Method: GET; URl: /register?name=&surname=; Cookies: keys: Webstorm-6bd6bd74, values: 8cad0628-0259-4db3-941e-f8f4c757fe05 ; Hostname: localhost; StatusCode: 200; User agent: Mozilla/5.0 (Windows NT 10.0; Win64; x64; rv:59.0) Gecko/20100101 Firefox/59.0; 
Time: 14:30:56:879; Method: POST; URl: /register; Cookies: keys: Webstorm-6bd6bd74, values: 8cad0628-0259-4db3-941e-f8f4c757fe05 ; Hostname: localhost; StatusCode: 200; User agent: Mozilla/5.0 (Windows NT 10.0; Win64; x64; rv:59.0) Gecko/20100101 Firefox/59.0; 
Time: 14:31:51:117; Method: GET; URl: /register?name=&surname=; Cookies: keys: Webstorm-6bd6bd74, values: 8cad0628-0259-4db3-941e-f8f4c757fe05 ; Hostname: localhost; StatusCode: 200; User agent: Mozilla/5.0 (Windows NT 10.0; Win64; x64; rv:59.0) Gecko/20100101 Firefox/59.0; 
Time: 14:31:52:171; Method: POST; URl: /register; Cookies: keys: Webstorm-6bd6bd74, values: 8cad0628-0259-4db3-941e-f8f4c757fe05 ; Hostname: localhost; StatusCode: 200; User agent: Mozilla/5.0 (Windows NT 10.0; Win64; x64; rv:59.0) Gecko/20100101 Firefox/59.0; 
Time: 14:35:32:984; Method: GET; URl: /register?name=&surname=; Cookies: keys: Webstorm-6bd6bd74, values: 8cad0628-0259-4db3-941e-f8f4c757fe05 ; Hostname: localhost; StatusCode: 200; User agent: Mozilla/5.0 (Windows NT 10.0; Win64; x64; rv:59.0) Gecko/20100101 Firefox/59.0; 
Time: 14:35:35:612; Method: POST; URl: /register; Cookies: keys: Webstorm-6bd6bd74, values: 8cad0628-0259-4db3-941e-f8f4c757fe05 ; Hostname: localhost; StatusCode: 200; User agent: Mozilla/5.0 (Windows NT 10.0; Win64; x64; rv:59.0) Gecko/20100101 Firefox/59.0; 
Time: 14:35:36:621; Method: POST; URl: /register; Cookies: keys: Webstorm-6bd6bd74, values: 8cad0628-0259-4db3-941e-f8f4c757fe05 ; Hostname: localhost; StatusCode: 200; User agent: Mozilla/5.0 (Windows NT 10.0; Win64; x64; rv:59.0) Gecko/20100101 Firefox/59.0; 
Time: 14:35:36:812; Method: POST; URl: /register; Cookies: keys: Webstorm-6bd6bd74, values: 8cad0628-0259-4db3-941e-f8f4c757fe05 ; Hostname: localhost; StatusCode: 200; User agent: Mozilla/5.0 (Windows NT 10.0; Win64; x64; rv:59.0) Gecko/20100101 Firefox/59.0; 
Time: 14:35:37:29; Method: POST; URl: /register; Cookies: keys: Webstorm-6bd6bd74, values: 8cad0628-0259-4db3-941e-f8f4c757fe05 ; Hostname: localhost; StatusCode: 200; User agent: Mozilla/5.0 (Windows NT 10.0; Win64; x64; rv:59.0) Gecko/20100101 Firefox/59.0; 
Time: 14:36:48:34; Method: GET; URl: /register?name=&surname=; Cookies: keys: Webstorm-6bd6bd74, values: 8cad0628-0259-4db3-941e-f8f4c757fe05 ; Hostname: localhost; StatusCode: 200; User agent: Mozilla/5.0 (Windows NT 10.0; Win64; x64; rv:59.0) Gecko/20100101 Firefox/59.0; 
Time: 14:36:49:292; Method: POST; URl: /register; Cookies: keys: Webstorm-6bd6bd74, values: 8cad0628-0259-4db3-941e-f8f4c757fe05 ; Hostname: localhost; StatusCode: 200; User agent: Mozilla/5.0 (Windows NT 10.0; Win64; x64; rv:59.0) Gecko/20100101 Firefox/59.0; 
Time: 14:37:4:111; Method: POST; URl: /register; Cookies: keys: Webstorm-6bd6bd74, values: 8cad0628-0259-4db3-941e-f8f4c757fe05 ; Hostname: localhost; StatusCode: 200; User agent: Mozilla/5.0 (Windows NT 10.0; Win64; x64; rv:59.0) Gecko/20100101 Firefox/59.0; 
Time: 14:37:24:677; Method: GET; URl: /register?name=&surname=; Cookies: keys: Webstorm-6bd6bd74, values: 8cad0628-0259-4db3-941e-f8f4c757fe05 ; Hostname: localhost; StatusCode: 200; User agent: Mozilla/5.0 (Windows NT 10.0; Win64; x64; rv:59.0) Gecko/20100101 Firefox/59.0; 
Time: 14:37:26:603; Method: POST; URl: /register; Cookies: keys: Webstorm-6bd6bd74, values: 8cad0628-0259-4db3-941e-f8f4c757fe05 ; Hostname: localhost; StatusCode: 200; User agent: Mozilla/5.0 (Windows NT 10.0; Win64; x64; rv:59.0) Gecko/20100101 Firefox/59.0; 
Time: 14:39:8:262; Method: GET; URl: /register?name=&surname=; Cookies: keys: Webstorm-6bd6bd74, values: 8cad0628-0259-4db3-941e-f8f4c757fe05 ; Hostname: localhost; StatusCode: 200; User agent: Mozilla/5.0 (Windows NT 10.0; Win64; x64; rv:59.0) Gecko/20100101 Firefox/59.0; 
Time: 14:39:8:948; Method: POST; URl: /register; Cookies: keys: Webstorm-6bd6bd74, values: 8cad0628-0259-4db3-941e-f8f4c757fe05 ; Hostname: localhost; StatusCode: 200; User agent: Mozilla/5.0 (Windows NT 10.0; Win64; x64; rv:59.0) Gecko/20100101 Firefox/59.0; 
Time: 14:39:34:784; Method: POST; URl: /register; Cookies: keys: Webstorm-6bd6bd74, values: 8cad0628-0259-4db3-941e-f8f4c757fe05 ; Hostname: localhost; StatusCode: 200; User agent: Mozilla/5.0 (Windows NT 10.0; Win64; x64; rv:59.0) Gecko/20100101 Firefox/59.0; 
Time: 14:39:35:249; Method: GET; URl: /register?name=&surname=; Cookies: keys: Webstorm-6bd6bd74, values: 8cad0628-0259-4db3-941e-f8f4c757fe05 ; Hostname: localhost; StatusCode: 200; User agent: Mozilla/5.0 (Windows NT 10.0; Win64; x64; rv:59.0) Gecko/20100101 Firefox/59.0; 
Time: 14:39:36:110; Method: POST; URl: /register; Cookies: keys: Webstorm-6bd6bd74, values: 8cad0628-0259-4db3-941e-f8f4c757fe05 ; Hostname: localhost; StatusCode: 200; User agent: Mozilla/5.0 (Windows NT 10.0; Win64; x64; rv:59.0) Gecko/20100101 Firefox/59.0; 
Time: 14:40:18:476; Method: POST; URl: /register; Cookies: keys: Webstorm-6bd6bd74, values: 8cad0628-0259-4db3-941e-f8f4c757fe05 ; Hostname: localhost; StatusCode: 200; User agent: Mozilla/5.0 (Windows NT 10.0; Win64; x64; rv:59.0) Gecko/20100101 Firefox/59.0; 
Time: 14:40:20:273; Method: GET; URl: /register?name=&surname=; Cookies: keys: Webstorm-6bd6bd74, values: 8cad0628-0259-4db3-941e-f8f4c757fe05 ; Hostname: localhost; StatusCode: 200; User agent: Mozilla/5.0 (Windows NT 10.0; Win64; x64; rv:59.0) Gecko/20100101 Firefox/59.0; 
Time: 14:40:21:117; Method: POST; URl: /register; Cookies: keys: Webstorm-6bd6bd74, values: 8cad0628-0259-4db3-941e-f8f4c757fe05 ; Hostname: localhost; StatusCode: 200; User agent: Mozilla/5.0 (Windows NT 10.0; Win64; x64; rv:59.0) Gecko/20100101 Firefox/59.0; 
Time: 14:41:37:240; Method: POST; URl: /register; Cookies: keys: Webstorm-6bd6bd74, values: 8cad0628-0259-4db3-941e-f8f4c757fe05 ; Hostname: localhost; StatusCode: 200; User agent: Mozilla/5.0 (Windows NT 10.0; Win64; x64; rv:59.0) Gecko/20100101 Firefox/59.0; 
Time: 14:42:46:39; Method: GET; URl: /register?name=&surname=; Cookies: keys: Webstorm-6bd6bd74, values: 8cad0628-0259-4db3-941e-f8f4c757fe05 ; Hostname: localhost; StatusCode: 200; User agent: Mozilla/5.0 (Windows NT 10.0; Win64; x64; rv:59.0) Gecko/20100101 Firefox/59.0; 
Time: 14:42:57:852; Method: POST; URl: /register; Cookies: keys: Webstorm-6bd6bd74, values: 8cad0628-0259-4db3-941e-f8f4c757fe05 ; Hostname: localhost; StatusCode: 200; User agent: Mozilla/5.0 (Windows NT 10.0; Win64; x64; rv:59.0) Gecko/20100101 Firefox/59.0; 
Time: 14:44:57:853; Method: POST; URl: /register; Cookies: keys: Webstorm-6bd6bd74, values: 8cad0628-0259-4db3-941e-f8f4c757fe05 ; Hostname: localhost; StatusCode: 200; User agent: Mozilla/5.0 (Windows NT 10.0; Win64; x64; rv:59.0) Gecko/20100101 Firefox/59.0; 
Time: 14:45:39:65; Method: GET; URl: /register?name=&surname=; Cookies: keys: Webstorm-6bd6bd74, values: 8cad0628-0259-4db3-941e-f8f4c757fe05 ; Hostname: localhost; StatusCode: 200; User agent: Mozilla/5.0 (Windows NT 10.0; Win64; x64; rv:59.0) Gecko/20100101 Firefox/59.0; 
Time: 14:45:39:964; Method: POST; URl: /register; Cookies: keys: Webstorm-6bd6bd74, values: 8cad0628-0259-4db3-941e-f8f4c757fe05 ; Hostname: localhost; StatusCode: 200; User agent: Mozilla/5.0 (Windows NT 10.0; Win64; x64; rv:59.0) Gecko/20100101 Firefox/59.0; 
Time: 14:45:58:743; Method: POST; URl: /register; Cookies: keys: Webstorm-6bd6bd74, values: 8cad0628-0259-4db3-941e-f8f4c757fe05 ; Hostname: localhost; StatusCode: 200; User agent: Mozilla/5.0 (Windows NT 10.0; Win64; x64; rv:59.0) Gecko/20100101 Firefox/59.0; 
Time: 14:46:0:694; Method: POST; URl: /register; Cookies: keys: Webstorm-6bd6bd74, values: 8cad0628-0259-4db3-941e-f8f4c757fe05 ; Hostname: localhost; StatusCode: 200; User agent: Mozilla/5.0 (Windows NT 10.0; Win64; x64; rv:59.0) Gecko/20100101 Firefox/59.0; 
Time: 14:48:0:696; Method: POST; URl: /register; Cookies: keys: Webstorm-6bd6bd74, values: 8cad0628-0259-4db3-941e-f8f4c757fe05 ; Hostname: localhost; StatusCode: 200; User agent: Mozilla/5.0 (Windows NT 10.0; Win64; x64; rv:59.0) Gecko/20100101 Firefox/59.0; 
Time: 15:3:46:450; Method: GET; URl: /register?name=&surname=; Cookies: keys: Webstorm-6bd6bd74, values: 8cad0628-0259-4db3-941e-f8f4c757fe05 ; Hostname: localhost; StatusCode: 200; User agent: Mozilla/5.0 (Windows NT 10.0; Win64; x64; rv:59.0) Gecko/20100101 Firefox/59.0; 
Time: 15:3:47:597; Method: POST; URl: /register; Cookies: keys: Webstorm-6bd6bd74, values: 8cad0628-0259-4db3-941e-f8f4c757fe05 ; Hostname: localhost; StatusCode: 200; User agent: Mozilla/5.0 (Windows NT 10.0; Win64; x64; rv:59.0) Gecko/20100101 Firefox/59.0; 
Time: 15:4:13:951; Method: POST; URl: /register; Cookies: keys: Webstorm-6bd6bd74, values: 8cad0628-0259-4db3-941e-f8f4c757fe05 ; Hostname: localhost; StatusCode: 200; User agent: Mozilla/5.0 (Windows NT 10.0; Win64; x64; rv:59.0) Gecko/20100101 Firefox/59.0; 
Time: 15:5:54:823; Method: POST; URl: /register; Cookies: keys: Webstorm-6bd6bd74, values: 8cad0628-0259-4db3-941e-f8f4c757fe05 ; Hostname: localhost; StatusCode: 200; User agent: Mozilla/5.0 (Windows NT 10.0; Win64; x64; rv:59.0) Gecko/20100101 Firefox/59.0; 
Time: 15:6:3:215; Method: POST; URl: /register; Cookies: keys: Webstorm-6bd6bd74, values: 8cad0628-0259-4db3-941e-f8f4c757fe05 ; Hostname: localhost; StatusCode: 200; User agent: Mozilla/5.0 (Windows NT 10.0; Win64; x64; rv:59.0) Gecko/20100101 Firefox/59.0; 
Time: 15:25:24:370; Method: GET; URl: /register?name=&surname=; Cookies: keys: Webstorm-6bd6bd74, values: 8cad0628-0259-4db3-941e-f8f4c757fe05 ; Hostname: localhost; StatusCode: 200; User agent: Mozilla/5.0 (Windows NT 10.0; Win64; x64; rv:59.0) Gecko/20100101 Firefox/59.0; 
Time: 15:25:28:149; Method: POST; URl: /register; Cookies: keys: Webstorm-6bd6bd74, values: 8cad0628-0259-4db3-941e-f8f4c757fe05 ; Hostname: localhost; StatusCode: 200; User agent: Mozilla/5.0 (Windows NT 10.0; Win64; x64; rv:59.0) Gecko/20100101 Firefox/59.0; 
Time: 15:25:35:249; Method: GET; URl: /; Cookies: keys: Webstorm-6bd6bd74, values: 8cad0628-0259-4db3-941e-f8f4c757fe05 ; Hostname: localhost; StatusCode: 200; User agent: Mozilla/5.0 (Windows NT 10.0; Win64; x64; rv:59.0) Gecko/20100101 Firefox/59.0; 
Time: 15:26:6:158; Method: GET; URl: /; Cookies: keys: Webstorm-6bd6bd74, values: 8cad0628-0259-4db3-941e-f8f4c757fe05 ; Hostname: localhost; StatusCode: 200; User agent: Mozilla/5.0 (Windows NT 10.0; Win64; x64; rv:59.0) Gecko/20100101 Firefox/59.0; 
Time: 15:27:43:596; Method: GET; URl: /; Cookies: keys: Webstorm-6bd6bd74, values: 8cad0628-0259-4db3-941e-f8f4c757fe05 ; Hostname: localhost; StatusCode: 200; User agent: Mozilla/5.0 (Windows NT 10.0; Win64; x64; rv:59.0) Gecko/20100101 Firefox/59.0; 
Time: 15:27:45:261; Method: GET; URl: /register; Cookies: keys: Webstorm-6bd6bd74, values: 8cad0628-0259-4db3-941e-f8f4c757fe05 ; Hostname: localhost; StatusCode: 200; User agent: Mozilla/5.0 (Windows NT 10.0; Win64; x64; rv:59.0) Gecko/20100101 Firefox/59.0; 
Time: 15:27:46:965; Method: POST; URl: /register; Cookies: keys: Webstorm-6bd6bd74, values: 8cad0628-0259-4db3-941e-f8f4c757fe05 ; Hostname: localhost; StatusCode: 200; User agent: Mozilla/5.0 (Windows NT 10.0; Win64; x64; rv:59.0) Gecko/20100101 Firefox/59.0; 
Time: 15:27:55:192; Method: GET; URl: /; Cookies: keys: Webstorm-6bd6bd74, values: 8cad0628-0259-4db3-941e-f8f4c757fe05 ; Hostname: localhost; StatusCode: 200; User agent: Mozilla/5.0 (Windows NT 10.0; Win64; x64; rv:59.0) Gecko/20100101 Firefox/59.0; 
Time: 15:27:57:414; Method: GET; URl: /register; Cookies: keys: Webstorm-6bd6bd74, values: 8cad0628-0259-4db3-941e-f8f4c757fe05 ; Hostname: localhost; StatusCode: 200; User agent: Mozilla/5.0 (Windows NT 10.0; Win64; x64; rv:59.0) Gecko/20100101 Firefox/59.0; 
Time: 15:28:0:87; Method: POST; URl: /register; Cookies: keys: Webstorm-6bd6bd74, values: 8cad0628-0259-4db3-941e-f8f4c757fe05 ; Hostname: localhost; StatusCode: 200; User agent: Mozilla/5.0 (Windows NT 10.0; Win64; x64; rv:59.0) Gecko/20100101 Firefox/59.0; 
Time: 15:28:6:256; Method: GET; URl: /; Cookies: keys: Webstorm-6bd6bd74, values: 8cad0628-0259-4db3-941e-f8f4c757fe05 ; Hostname: localhost; StatusCode: 200; User agent: Mozilla/5.0 (Windows NT 10.0; Win64; x64; rv:59.0) Gecko/20100101 Firefox/59.0; 
Time: 15:36:30:213; Method: GET; URl: /; Cookies: keys: Webstorm-6bd6bd74, values: 8cad0628-0259-4db3-941e-f8f4c757fe05 ; Hostname: localhost; StatusCode: 200; User agent: Mozilla/5.0 (Windows NT 10.0; Win64; x64; rv:59.0) Gecko/20100101 Firefox/59.0; 
Time: 15:36:31:155; Method: GET; URl: /register; Cookies: keys: Webstorm-6bd6bd74, values: 8cad0628-0259-4db3-941e-f8f4c757fe05 ; Hostname: localhost; StatusCode: 200; User agent: Mozilla/5.0 (Windows NT 10.0; Win64; x64; rv:59.0) Gecko/20100101 Firefox/59.0; 
Time: 15:36:32:837; Method: POST; URl: /register; Cookies: keys: Webstorm-6bd6bd74, values: 8cad0628-0259-4db3-941e-f8f4c757fe05 ; Hostname: localhost; StatusCode: 200; User agent: Mozilla/5.0 (Windows NT 10.0; Win64; x64; rv:59.0) Gecko/20100101 Firefox/59.0; 
Time: 15:36:39:925; Method: GET; URl: /; Cookies: keys: Webstorm-6bd6bd74, values: 8cad0628-0259-4db3-941e-f8f4c757fe05 ; Hostname: localhost; StatusCode: 200; User agent: Mozilla/5.0 (Windows NT 10.0; Win64; x64; rv:59.0) Gecko/20100101 Firefox/59.0; 
Time: 15:36:43:297; Method: GET; URl: /register; Cookies: keys: Webstorm-6bd6bd74, values: 8cad0628-0259-4db3-941e-f8f4c757fe05 ; Hostname: localhost; StatusCode: 200; User agent: Mozilla/5.0 (Windows NT 10.0; Win64; x64; rv:59.0) Gecko/20100101 Firefox/59.0; 
Time: 15:36:44:437; Method: POST; URl: /register; Cookies: keys: Webstorm-6bd6bd74, values: 8cad0628-0259-4db3-941e-f8f4c757fe05 ; Hostname: localhost; StatusCode: 200; User agent: Mozilla/5.0 (Windows NT 10.0; Win64; x64; rv:59.0) Gecko/20100101 Firefox/59.0; 
Time: 15:36:51:527; Method: GET; URl: /; Cookies: keys: Webstorm-6bd6bd74, values: 8cad0628-0259-4db3-941e-f8f4c757fe05 ; Hostname: localhost; StatusCode: 200; User agent: Mozilla/5.0 (Windows NT 10.0; Win64; x64; rv:59.0) Gecko/20100101 Firefox/59.0; 
Time: 15:39:2:498; Method: GET; URl: /register; Cookies: keys: Webstorm-6bd6bd74, values: 8cad0628-0259-4db3-941e-f8f4c757fe05 ; Hostname: localhost; StatusCode: 200; User agent: Mozilla/5.0 (Windows NT 10.0; Win64; x64; rv:59.0) Gecko/20100101 Firefox/59.0; 
Time: 15:39:3:542; Method: POST; URl: /register; Cookies: keys: Webstorm-6bd6bd74, values: 8cad0628-0259-4db3-941e-f8f4c757fe05 ; Hostname: localhost; StatusCode: 200; User agent: Mozilla/5.0 (Windows NT 10.0; Win64; x64; rv:59.0) Gecko/20100101 Firefox/59.0; 
Time: 15:39:45:674; Method: GET; URl: /; Cookies: keys: Webstorm-6bd6bd74, values: 8cad0628-0259-4db3-941e-f8f4c757fe05 ; Hostname: localhost; StatusCode: 200; User agent: Mozilla/5.0 (Windows NT 10.0; Win64; x64; rv:59.0) Gecko/20100101 Firefox/59.0; 
Time: 15:39:46:774; Method: GET; URl: /register; Cookies: keys: Webstorm-6bd6bd74, values: 8cad0628-0259-4db3-941e-f8f4c757fe05 ; Hostname: localhost; StatusCode: 200; User agent: Mozilla/5.0 (Windows NT 10.0; Win64; x64; rv:59.0) Gecko/20100101 Firefox/59.0; 
Time: 15:39:49:118; Method: POST; URl: /register; Cookies: keys: Webstorm-6bd6bd74, values: 8cad0628-0259-4db3-941e-f8f4c757fe05 ; Hostname: localhost; StatusCode: 200; User agent: Mozilla/5.0 (Windows NT 10.0; Win64; x64; rv:59.0) Gecko/20100101 Firefox/59.0; 
Time: 15:41:52:266; Method: GET; URl: /register; Cookies: keys: Webstorm-6bd6bd74, values: 8cad0628-0259-4db3-941e-f8f4c757fe05 ; Hostname: localhost; StatusCode: 200; User agent: Mozilla/5.0 (Windows NT 10.0; Win64; x64; rv:59.0) Gecko/20100101 Firefox/59.0; 
Time: 15:41:53:631; Method: POST; URl: /register; Cookies: keys: Webstorm-6bd6bd74, values: 8cad0628-0259-4db3-941e-f8f4c757fe05 ; Hostname: localhost; StatusCode: 200; User agent: Mozilla/5.0 (Windows NT 10.0; Win64; x64; rv:59.0) Gecko/20100101 Firefox/59.0; 
Time: 15:44:37:315; Method: GET; URl: /; Cookies: keys: Webstorm-6bd6bd74, values: 8cad0628-0259-4db3-941e-f8f4c757fe05 ; Hostname: localhost; StatusCode: 200; User agent: Mozilla/5.0 (Windows NT 10.0; Win64; x64; rv:59.0) Gecko/20100101 Firefox/59.0; 
Time: 15:44:40:374; Method: GET; URl: /register; Cookies: keys: Webstorm-6bd6bd74, values: 8cad0628-0259-4db3-941e-f8f4c757fe05 ; Hostname: localhost; StatusCode: 200; User agent: Mozilla/5.0 (Windows NT 10.0; Win64; x64; rv:59.0) Gecko/20100101 Firefox/59.0; 
Time: 15:44:41:438; Method: POST; URl: /register; Cookies: keys: Webstorm-6bd6bd74, values: 8cad0628-0259-4db3-941e-f8f4c757fe05 ; Hostname: localhost; StatusCode: 200; User agent: Mozilla/5.0 (Windows NT 10.0; Win64; x64; rv:59.0) Gecko/20100101 Firefox/59.0; 
Time: 15:45:44:250; Method: GET; URl: /register; Cookies: keys: Webstorm-6bd6bd74, values: 8cad0628-0259-4db3-941e-f8f4c757fe05 ; Hostname: localhost; StatusCode: 200; User agent: Mozilla/5.0 (Windows NT 10.0; Win64; x64; rv:59.0) Gecko/20100101 Firefox/59.0; 
Time: 15:45:45:254; Method: POST; URl: /register; Cookies: keys: Webstorm-6bd6bd74, values: 8cad0628-0259-4db3-941e-f8f4c757fe05 ; Hostname: localhost; StatusCode: 200; User agent: Mozilla/5.0 (Windows NT 10.0; Win64; x64; rv:59.0) Gecko/20100101 Firefox/59.0; 
Time: 15:47:40:606; Method: GET; URl: /register; Cookies: keys: Webstorm-6bd6bd74, values: 8cad0628-0259-4db3-941e-f8f4c757fe05 ; Hostname: localhost; StatusCode: 200; User agent: Mozilla/5.0 (Windows NT 10.0; Win64; x64; rv:59.0) Gecko/20100101 Firefox/59.0; 
Time: 15:47:42:15; Method: POST; URl: /register; Cookies: keys: Webstorm-6bd6bd74, values: 8cad0628-0259-4db3-941e-f8f4c757fe05 ; Hostname: localhost; StatusCode: 200; User agent: Mozilla/5.0 (Windows NT 10.0; Win64; x64; rv:59.0) Gecko/20100101 Firefox/59.0; 
Time: 15:49:15:370; Method: POST; URl: /register; Cookies: keys: Webstorm-6bd6bd74, values: 8cad0628-0259-4db3-941e-f8f4c757fe05 ; Hostname: localhost; StatusCode: 200; User agent: Mozilla/5.0 (Windows NT 10.0; Win64; x64; rv:59.0) Gecko/20100101 Firefox/59.0; 
Time: 15:53:37:58; Method: GET; URl: /register; Cookies: keys: Webstorm-6bd6bd74, values: 8cad0628-0259-4db3-941e-f8f4c757fe05 ; Hostname: localhost; StatusCode: 200; User agent: Mozilla/5.0 (Windows NT 10.0; Win64; x64; rv:59.0) Gecko/20100101 Firefox/59.0; 
Time: 15:56:2:313; Method: GET; URl: /register; Cookies: keys: Webstorm-6bd6bd74, values: 8cad0628-0259-4db3-941e-f8f4c757fe05 ; Hostname: localhost; StatusCode: 200; User agent: Mozilla/5.0 (Windows NT 10.0; Win64; x64; rv:59.0) Gecko/20100101 Firefox/59.0; 
Time: 15:56:3:908; Method: GET; URl: /register; Cookies: keys: Webstorm-6bd6bd74, values: 8cad0628-0259-4db3-941e-f8f4c757fe05 ; Hostname: localhost; StatusCode: 200; User agent: Mozilla/5.0 (Windows NT 10.0; Win64; x64; rv:59.0) Gecko/20100101 Firefox/59.0; 
Time: 15:56:6:792; Method: GET; URl: /register; Cookies: keys: Webstorm-6bd6bd74, values: 8cad0628-0259-4db3-941e-f8f4c757fe05 ; Hostname: localhost; StatusCode: 200; User agent: Mozilla/5.0 (Windows NT 10.0; Win64; x64; rv:59.0) Gecko/20100101 Firefox/59.0; 
Time: 15:57:14:27; Method: GET; URl: /register; Cookies: keys: Webstorm-6bd6bd74, values: 8cad0628-0259-4db3-941e-f8f4c757fe05 ; Hostname: localhost; StatusCode: 200; User agent: Mozilla/5.0 (Windows NT 10.0; Win64; x64; rv:59.0) Gecko/20100101 Firefox/59.0; 
Time: 15:58:37:202; Method: GET; URl: /register; Cookies: keys: Webstorm-6bd6bd74, values: 8cad0628-0259-4db3-941e-f8f4c757fe05 ; Hostname: localhost; StatusCode: 200; User agent: Mozilla/5.0 (Windows NT 10.0; Win64; x64; rv:59.0) Gecko/20100101 Firefox/59.0; 
Time: 15:58:59:104; Method: POST; URl: /register; Cookies: keys: Webstorm-6bd6bd74, values: 8cad0628-0259-4db3-941e-f8f4c757fe05 ; Hostname: localhost; StatusCode: 200; User agent: Mozilla/5.0 (Windows NT 10.0; Win64; x64; rv:59.0) Gecko/20100101 Firefox/59.0; 
Time: 15:59:28:192; Method: GET; URl: /register; Cookies: keys: Webstorm-6bd6bd74, values: 8cad0628-0259-4db3-941e-f8f4c757fe05 ; Hostname: localhost; StatusCode: 200; User agent: Mozilla/5.0 (Windows NT 10.0; Win64; x64; rv:59.0) Gecko/20100101 Firefox/59.0; 
Time: 15:59:42:896; Method: GET; URl: /register; Cookies: keys: Webstorm-6bd6bd74, values: 8cad0628-0259-4db3-941e-f8f4c757fe05 ; Hostname: localhost; StatusCode: 200; User agent: Mozilla/5.0 (Windows NT 10.0; Win64; x64; rv:59.0) Gecko/20100101 Firefox/59.0; 
Time: 15:59:44:908; Method: GET; URl: /register; Cookies: keys: Webstorm-6bd6bd74, values: 8cad0628-0259-4db3-941e-f8f4c757fe05 ; Hostname: localhost; StatusCode: 200; User agent: Mozilla/5.0 (Windows NT 10.0; Win64; x64; rv:59.0) Gecko/20100101 Firefox/59.0; 
Time: 15:59:54:779; Method: GET; URl: /register; Cookies: keys: Webstorm-6bd6bd74, values: 8cad0628-0259-4db3-941e-f8f4c757fe05 ; Hostname: localhost; StatusCode: 200; User agent: Mozilla/5.0 (Windows NT 10.0; Win64; x64; rv:59.0) Gecko/20100101 Firefox/59.0; 
Time: 16:0:9:622; Method: GET; URl: /register; Cookies: keys: Webstorm-6bd6bd74, values: 8cad0628-0259-4db3-941e-f8f4c757fe05 ; Hostname: localhost; StatusCode: 200; User agent: Mozilla/5.0 (Windows NT 10.0; Win64; x64; rv:59.0) Gecko/20100101 Firefox/59.0; 
Time: 16:0:16:670; Method: POST; URl: /register; Cookies: keys: Webstorm-6bd6bd74, values: 8cad0628-0259-4db3-941e-f8f4c757fe05 ; Hostname: localhost; StatusCode: 200; User agent: Mozilla/5.0 (Windows NT 10.0; Win64; x64; rv:59.0) Gecko/20100101 Firefox/59.0; 
Time: 16:36:32:515; Method: GET; URl: /; Cookies: keys: , values:  ; Hostname: localhost; StatusCode: 200; User agent: Mozilla/5.0 (Windows NT 10.0; Win64; x64) AppleWebKit/537.36 (KHTML, like Gecko) Chrome/58.0.3029.110 Safari/537.36 Edge/16.16299; 
Time: 16:42:49:848; Method: GET; URl: /; Cookies: keys: Webstorm-6bd6bd74, values: 8cad0628-0259-4db3-941e-f8f4c757fe05 ; Hostname: localhost; StatusCode: 200; User agent: Mozilla/5.0 (Windows NT 10.0; Win64; x64; rv:59.0) Gecko/20100101 Firefox/59.0; 
Time: 16:43:51:455; Method: GET; URl: /; Cookies: keys: Webstorm-6bd6bd74, values: 8cad0628-0259-4db3-941e-f8f4c757fe05 ; Hostname: localhost; StatusCode: 200; User agent: Mozilla/5.0 (Windows NT 10.0; Win64; x64; rv:59.0) Gecko/20100101 Firefox/59.0; 
Time: 16:44:18:159; Method: GET; URl: /; Cookies: keys: Webstorm-6bd6bd74, values: 8cad0628-0259-4db3-941e-f8f4c757fe05 ; Hostname: localhost; StatusCode: 200; User agent: Mozilla/5.0 (Windows NT 10.0; Win64; x64; rv:59.0) Gecko/20100101 Firefox/59.0; 
Time: 16:44:18:305; Method: GET; URl: /favicon.ico; Cookies: keys: Webstorm-6bd6bd74, values: 8cad0628-0259-4db3-941e-f8f4c757fe05 ; Hostname: localhost; StatusCode: 200; User agent: Mozilla/5.0 (Windows NT 10.0; Win64; x64; rv:59.0) Gecko/20100101 Firefox/59.0; 
Time: 16:44:18:314; Method: GET; URl: /favicon.ico; Cookies: keys: Webstorm-6bd6bd74, values: 8cad0628-0259-4db3-941e-f8f4c757fe05 ; Hostname: localhost; StatusCode: 200; User agent: Mozilla/5.0 (Windows NT 10.0; Win64; x64; rv:59.0) Gecko/20100101 Firefox/59.0; 
Time: 17:1:6:38; Method: GET; URl: /; Cookies: keys: Webstorm-6bd6bd74, values: 8cad0628-0259-4db3-941e-f8f4c757fe05 ; Hostname: localhost; StatusCode: 200; User agent: Mozilla/5.0 (Windows NT 10.0; Win64; x64; rv:59.0) Gecko/20100101 Firefox/59.0; 
Time: 17:1:11:293; Method: GET; URl: /dimas; Cookies: keys: Webstorm-6bd6bd74, values: 8cad0628-0259-4db3-941e-f8f4c757fe05 ; Hostname: localhost; StatusCode: 200; User agent: Mozilla/5.0 (Windows NT 10.0; Win64; x64; rv:59.0) Gecko/20100101 Firefox/59.0; 
Time: 17:24:36:267; Method: GET; URl: /dimas; Cookies: keys: Webstorm-6bd6bd74, values: 8cad0628-0259-4db3-941e-f8f4c757fe05 ; Hostname: localhost; StatusCode: 200; User agent: Mozilla/5.0 (Windows NT 10.0; Win64; x64; rv:59.0) Gecko/20100101 Firefox/59.0; 
Time: 17:25:10:561; Method: GET; URl: /dimas; Cookies: keys: Webstorm-6bd6bd74, values: 8cad0628-0259-4db3-941e-f8f4c757fe05 ; Hostname: localhost; StatusCode: 200; User agent: Mozilla/5.0 (Windows NT 10.0; Win64; x64; rv:59.0) Gecko/20100101 Firefox/59.0; 
Time: 17:25:49:593; Method: GET; URl: /dimas; Cookies: keys: Webstorm-6bd6bd74, values: 8cad0628-0259-4db3-941e-f8f4c757fe05 ; Hostname: localhost; StatusCode: 200; User agent: Mozilla/5.0 (Windows NT 10.0; Win64; x64; rv:59.0) Gecko/20100101 Firefox/59.0; 
Time: 17:27:47:312; Method: GET; URl: /dimas; Cookies: keys: Webstorm-6bd6bd74, values: 8cad0628-0259-4db3-941e-f8f4c757fe05 ; Hostname: localhost; StatusCode: 200; User agent: Mozilla/5.0 (Windows NT 10.0; Win64; x64; rv:59.0) Gecko/20100101 Firefox/59.0; 
Time: 17:28:41:906; Method: GET; URl: /dimas; Cookies: keys: Webstorm-6bd6bd74, values: 8cad0628-0259-4db3-941e-f8f4c757fe05 ; Hostname: localhost; StatusCode: 200; User agent: Mozilla/5.0 (Windows NT 10.0; Win64; x64; rv:59.0) Gecko/20100101 Firefox/59.0; 
Time: 17:28:52:783; Method: GET; URl: /dimas; Cookies: keys: Webstorm-6bd6bd74, values: 8cad0628-0259-4db3-941e-f8f4c757fe05 ; Hostname: localhost; StatusCode: 200; User agent: Mozilla/5.0 (Windows NT 10.0; Win64; x64; rv:59.0) Gecko/20100101 Firefox/59.0; 
Time: 17:28:55:902; Method: GET; URl: /; Cookies: keys: Webstorm-6bd6bd74, values: 8cad0628-0259-4db3-941e-f8f4c757fe05 ; Hostname: localhost; StatusCode: 200; User agent: Mozilla/5.0 (Windows NT 10.0; Win64; x64; rv:59.0) Gecko/20100101 Firefox/59.0; 
Time: 17:35:55:756; Method: GET; URl: /; Cookies: keys: Webstorm-6bd6bd74, values: 8cad0628-0259-4db3-941e-f8f4c757fe05 ; Hostname: localhost; StatusCode: 200; User agent: Mozilla/5.0 (Windows NT 10.0; Win64; x64; rv:59.0) Gecko/20100101 Firefox/59.0; 
Time: 17:37:10:315; Method: GET; URl: /; Cookies: keys: Webstorm-6bd6bd74, values: 8cad0628-0259-4db3-941e-f8f4c757fe05 ; Hostname: localhost; StatusCode: 200; User agent: Mozilla/5.0 (Windows NT 10.0; Win64; x64; rv:59.0) Gecko/20100101 Firefox/59.0; 
Time: 17:37:53:610; Method: GET; URl: /; Cookies: keys: Webstorm-6bd6bd74, values: 8cad0628-0259-4db3-941e-f8f4c757fe05 ; Hostname: localhost; StatusCode: 200; User agent: Mozilla/5.0 (Windows NT 10.0; Win64; x64; rv:59.0) Gecko/20100101 Firefox/59.0; 
Time: 17:37:59:325; Method: GET; URl: /; Cookies: keys: Webstorm-6bd6bd74, values: 8cad0628-0259-4db3-941e-f8f4c757fe05 ; Hostname: localhost; StatusCode: 200; User agent: Mozilla/5.0 (Windows NT 10.0; Win64; x64; rv:59.0) Gecko/20100101 Firefox/59.0; 
Time: 17:41:23:464; Method: GET; URl: /; Cookies: keys: Webstorm-6bd6bd74, values: 8cad0628-0259-4db3-941e-f8f4c757fe05 ; Hostname: localhost; StatusCode: 200; User agent: Mozilla/5.0 (Windows NT 10.0; Win64; x64; rv:59.0) Gecko/20100101 Firefox/59.0; 
Time: 17:41:36:926; Method: GET; URl: /login; Cookies: keys: Webstorm-6bd6bd74, values: 8cad0628-0259-4db3-941e-f8f4c757fe05 ; Hostname: localhost; StatusCode: 200; User agent: Mozilla/5.0 (Windows NT 10.0; Win64; x64; rv:59.0) Gecko/20100101 Firefox/59.0; 
Time: 17:41:36:949; Method: GET; URl: /register; Cookies: keys: Webstorm-6bd6bd74, values: 8cad0628-0259-4db3-941e-f8f4c757fe05 ; Hostname: localhost; StatusCode: 200; User agent: Mozilla/5.0 (Windows NT 10.0; Win64; x64; rv:59.0) Gecko/20100101 Firefox/59.0; 
Time: 17:42:27:198; Method: GET; URl: /register; Cookies: keys: Webstorm-6bd6bd74, values: 8cad0628-0259-4db3-941e-f8f4c757fe05 ; Hostname: localhost; StatusCode: 200; User agent: Mozilla/5.0 (Windows NT 10.0; Win64; x64; rv:59.0) Gecko/20100101 Firefox/59.0; 
Time: 17:42:44:514; Method: GET; URl: /register; Cookies: keys: Webstorm-6bd6bd74, values: 8cad0628-0259-4db3-941e-f8f4c757fe05 ; Hostname: localhost; StatusCode: 200; User agent: Mozilla/5.0 (Windows NT 10.0; Win64; x64; rv:59.0) Gecko/20100101 Firefox/59.0; 
Time: 17:43:5:724; Method: POST; URl: /register; Cookies: keys: Webstorm-6bd6bd74, values: 8cad0628-0259-4db3-941e-f8f4c757fe05 ; Hostname: localhost; StatusCode: 200; User agent: Mozilla/5.0 (Windows NT 10.0; Win64; x64; rv:59.0) Gecko/20100101 Firefox/59.0; 
Time: 17:43:17:254; Method: GET; URl: /register; Cookies: keys: Webstorm-6bd6bd74, values: 8cad0628-0259-4db3-941e-f8f4c757fe05 ; Hostname: localhost; StatusCode: 200; User agent: Mozilla/5.0 (Windows NT 10.0; Win64; x64; rv:59.0) Gecko/20100101 Firefox/59.0; 
Time: 17:43:22:707; Method: GET; URl: /login; Cookies: keys: Webstorm-6bd6bd74, values: 8cad0628-0259-4db3-941e-f8f4c757fe05 ; Hostname: localhost; StatusCode: 200; User agent: Mozilla/5.0 (Windows NT 10.0; Win64; x64; rv:59.0) Gecko/20100101 Firefox/59.0; 
Time: 17:43:22:725; Method: GET; URl: /register; Cookies: keys: Webstorm-6bd6bd74, values: 8cad0628-0259-4db3-941e-f8f4c757fe05 ; Hostname: localhost; StatusCode: 200; User agent: Mozilla/5.0 (Windows NT 10.0; Win64; x64; rv:59.0) Gecko/20100101 Firefox/59.0; 
Time: 17:43:26:674; Method: GET; URl: /; Cookies: keys: Webstorm-6bd6bd74, values: 8cad0628-0259-4db3-941e-f8f4c757fe05 ; Hostname: localhost; StatusCode: 200; User agent: Mozilla/5.0 (Windows NT 10.0; Win64; x64; rv:59.0) Gecko/20100101 Firefox/59.0; 
Time: 17:43:28:528; Method: GET; URl: /login; Cookies: keys: Webstorm-6bd6bd74, values: 8cad0628-0259-4db3-941e-f8f4c757fe05 ; Hostname: localhost; StatusCode: 200; User agent: Mozilla/5.0 (Windows NT 10.0; Win64; x64; rv:59.0) Gecko/20100101 Firefox/59.0; 
Time: 17:43:28:540; Method: GET; URl: /register; Cookies: keys: Webstorm-6bd6bd74, values: 8cad0628-0259-4db3-941e-f8f4c757fe05 ; Hostname: localhost; StatusCode: 200; User agent: Mozilla/5.0 (Windows NT 10.0; Win64; x64; rv:59.0) Gecko/20100101 Firefox/59.0; 
Time: 17:43:31:485; Method: GET; URl: /home; Cookies: keys: Webstorm-6bd6bd74, values: 8cad0628-0259-4db3-941e-f8f4c757fe05 ; Hostname: localhost; StatusCode: 200; User agent: Mozilla/5.0 (Windows NT 10.0; Win64; x64; rv:59.0) Gecko/20100101 Firefox/59.0; 
Time: 17:43:36:93; Method: GET; URl: /log; Cookies: keys: Webstorm-6bd6bd74 isAdmin, values: 8cad0628-0259-4db3-941e-f8f4c757fe05 true ; Hostname: localhost; StatusCode: 200; User agent: Mozilla/5.0 (Windows NT 10.0; Win64; x64; rv:59.0) Gecko/20100101 Firefox/59.0; 
Time: 17:43:57:259; Method: GET; URl: /; Cookies: keys: Webstorm-6bd6bd74 isAdmin, values: 8cad0628-0259-4db3-941e-f8f4c757fe05 true ; Hostname: localhost; StatusCode: 200; User agent: Mozilla/5.0 (Windows NT 10.0; Win64; x64; rv:59.0) Gecko/20100101 Firefox/59.0; 
Time: 17:43:58:600; Method: GET; URl: /log; Cookies: keys: Webstorm-6bd6bd74 isAdmin, values: 8cad0628-0259-4db3-941e-f8f4c757fe05 true ; Hostname: localhost; StatusCode: 200; User agent: Mozilla/5.0 (Windows NT 10.0; Win64; x64; rv:59.0) Gecko/20100101 Firefox/59.0; 
Time: 17:44:3:188; Method: GET; URl: /log; Cookies: keys: Webstorm-6bd6bd74 isAdmin, values: 8cad0628-0259-4db3-941e-f8f4c757fe05 true ; Hostname: localhost; StatusCode: 200; User agent: Mozilla/5.0 (Windows NT 10.0; Win64; x64; rv:59.0) Gecko/20100101 Firefox/59.0; 
Time: 17:44:5:766; Method: GET; URl: /log; Cookies: keys: Webstorm-6bd6bd74, values: 8cad0628-0259-4db3-941e-f8f4c757fe05 ; Hostname: localhost; StatusCode: 200; User agent: Mozilla/5.0 (Windows NT 10.0; Win64; x64; rv:59.0) Gecko/20100101 Firefox/59.0; 
Time: 17:44:6:782; Method: GET; URl: /log; Cookies: keys: Webstorm-6bd6bd74, values: 8cad0628-0259-4db3-941e-f8f4c757fe05 ; Hostname: localhost; StatusCode: 200; User agent: Mozilla/5.0 (Windows NT 10.0; Win64; x64; rv:59.0) Gecko/20100101 Firefox/59.0; 
Time: 17:44:7:157; Method: GET; URl: /log; Cookies: keys: Webstorm-6bd6bd74, values: 8cad0628-0259-4db3-941e-f8f4c757fe05 ; Hostname: localhost; StatusCode: 200; User agent: Mozilla/5.0 (Windows NT 10.0; Win64; x64; rv:59.0) Gecko/20100101 Firefox/59.0; 
Time: 17:44:10:917; Method: GET; URl: /log; Cookies: keys: Webstorm-6bd6bd74, values: 8cad0628-0259-4db3-941e-f8f4c757fe05 ; Hostname: localhost; StatusCode: 200; User agent: Mozilla/5.0 (Windows NT 10.0; Win64; x64; rv:59.0) Gecko/20100101 Firefox/59.0; 
Time: 17:44:11:900; Method: GET; URl: /log; Cookies: keys: Webstorm-6bd6bd74, values: 8cad0628-0259-4db3-941e-f8f4c757fe05 ; Hostname: localhost; StatusCode: 200; User agent: Mozilla/5.0 (Windows NT 10.0; Win64; x64; rv:59.0) Gecko/20100101 Firefox/59.0; 
Time: 17:44:13:508; Method: GET; URl: /log; Cookies: keys: Webstorm-6bd6bd74 isAdmin, values: 8cad0628-0259-4db3-941e-f8f4c757fe05 true ; Hostname: localhost; StatusCode: 200; User agent: Mozilla/5.0 (Windows NT 10.0; Win64; x64; rv:59.0) Gecko/20100101 Firefox/59.0; 
Time: 17:44:15:821; Method: GET; URl: /log; Cookies: keys: Webstorm-6bd6bd74 isAdmin, values: 8cad0628-0259-4db3-941e-f8f4c757fe05 true ; Hostname: localhost; StatusCode: 200; User agent: Mozilla/5.0 (Windows NT 10.0; Win64; x64; rv:59.0) Gecko/20100101 Firefox/59.0; 
Time: 17:44:17:429; Method: GET; URl: /log; Cookies: keys: Webstorm-6bd6bd74, values: 8cad0628-0259-4db3-941e-f8f4c757fe05 ; Hostname: localhost; StatusCode: 200; User agent: Mozilla/5.0 (Windows NT 10.0; Win64; x64; rv:59.0) Gecko/20100101 Firefox/59.0; 
Time: 17:54:32:389; Method: GET; URl: /; Cookies: keys: Webstorm-6bd6bd74, values: 8cad0628-0259-4db3-941e-f8f4c757fe05 ; Hostname: localhost; StatusCode: 200; User agent: Mozilla/5.0 (Windows NT 10.0; Win64; x64; rv:59.0) Gecko/20100101 Firefox/59.0; 
Time: 17:54:33:986; Method: GET; URl: /register; Cookies: keys: Webstorm-6bd6bd74, values: 8cad0628-0259-4db3-941e-f8f4c757fe05 ; Hostname: localhost; StatusCode: 200; User agent: Mozilla/5.0 (Windows NT 10.0; Win64; x64; rv:59.0) Gecko/20100101 Firefox/59.0; 
Time: 17:55:16:835; Method: GET; URl: /register; Cookies: keys: Webstorm-6bd6bd74, values: 8cad0628-0259-4db3-941e-f8f4c757fe05 ; Hostname: localhost; StatusCode: 200; User agent: Mozilla/5.0 (Windows NT 10.0; Win64; x64; rv:59.0) Gecko/20100101 Firefox/59.0; 
Time: 18:10:38:457; Method: GET; URl: /register; Cookies: keys: Webstorm-6bd6bd74, values: 8cad0628-0259-4db3-941e-f8f4c757fe05 ; Hostname: localhost; StatusCode: 200; User agent: Mozilla/5.0 (Windows NT 10.0; Win64; x64; rv:59.0) Gecko/20100101 Firefox/59.0; 
Time: 18:15:0:586; Method: GET; URl: /register; Cookies: keys: Webstorm-6bd6bd74, values: 8cad0628-0259-4db3-941e-f8f4c757fe05 ; Hostname: localhost; StatusCode: 200; User agent: Mozilla/5.0 (Windows NT 10.0; Win64; x64; rv:59.0) Gecko/20100101 Firefox/59.0; 
Time: 18:15:18:708; Method: GET; URl: /register; Cookies: keys: Webstorm-6bd6bd74, values: 8cad0628-0259-4db3-941e-f8f4c757fe05 ; Hostname: localhost; StatusCode: 200; User agent: Mozilla/5.0 (Windows NT 10.0; Win64; x64; rv:59.0) Gecko/20100101 Firefox/59.0; 
Time: 18:15:26:599; Method: POST; URl: /register; Cookies: keys: Webstorm-6bd6bd74, values: 8cad0628-0259-4db3-941e-f8f4c757fe05 ; Hostname: localhost; StatusCode: 200; User agent: Mozilla/5.0 (Windows NT 10.0; Win64; x64; rv:59.0) Gecko/20100101 Firefox/59.0; 
Time: 18:15:47:960; Method: POST; URl: /register; Cookies: keys: Webstorm-6bd6bd74, values: 8cad0628-0259-4db3-941e-f8f4c757fe05 ; Hostname: localhost; StatusCode: 200; User agent: Mozilla/5.0 (Windows NT 10.0; Win64; x64; rv:59.0) Gecko/20100101 Firefox/59.0; 
Time: 18:15:51:560; Method: POST; URl: /register; Cookies: keys: Webstorm-6bd6bd74, values: 8cad0628-0259-4db3-941e-f8f4c757fe05 ; Hostname: localhost; StatusCode: 200; User agent: Mozilla/5.0 (Windows NT 10.0; Win64; x64; rv:59.0) Gecko/20100101 Firefox/59.0; 
Time: 18:15:53:519; Method: POST; URl: /register; Cookies: keys: Webstorm-6bd6bd74, values: 8cad0628-0259-4db3-941e-f8f4c757fe05 ; Hostname: localhost; StatusCode: 200; User agent: Mozilla/5.0 (Windows NT 10.0; Win64; x64; rv:59.0) Gecko/20100101 Firefox/59.0; 
Time: 18:15:55:119; Method: POST; URl: /register; Cookies: keys: Webstorm-6bd6bd74, values: 8cad0628-0259-4db3-941e-f8f4c757fe05 ; Hostname: localhost; StatusCode: 200; User agent: Mozilla/5.0 (Windows NT 10.0; Win64; x64; rv:59.0) Gecko/20100101 Firefox/59.0; 
Time: 18:16:45:71; Method: GET; URl: /register; Cookies: keys: Webstorm-6bd6bd74, values: 8cad0628-0259-4db3-941e-f8f4c757fe05 ; Hostname: localhost; StatusCode: 200; User agent: Mozilla/5.0 (Windows NT 10.0; Win64; x64; rv:59.0) Gecko/20100101 Firefox/59.0; 
Time: 18:16:52:770; Method: POST; URl: /register; Cookies: keys: Webstorm-6bd6bd74, values: 8cad0628-0259-4db3-941e-f8f4c757fe05 ; Hostname: localhost; StatusCode: 200; User agent: Mozilla/5.0 (Windows NT 10.0; Win64; x64; rv:59.0) Gecko/20100101 Firefox/59.0; 
Time: 18:24:20:959; Method: POST; URl: /register; Cookies: keys: Webstorm-6bd6bd74, values: 8cad0628-0259-4db3-941e-f8f4c757fe05 ; Hostname: localhost; StatusCode: 200; User agent: Mozilla/5.0 (Windows NT 10.0; Win64; x64; rv:59.0) Gecko/20100101 Firefox/59.0; 
Time: 18:24:28:771; Method: POST; URl: /register; Cookies: keys: Webstorm-6bd6bd74, values: 8cad0628-0259-4db3-941e-f8f4c757fe05 ; Hostname: localhost; StatusCode: 200; User agent: Mozilla/5.0 (Windows NT 10.0; Win64; x64; rv:59.0) Gecko/20100101 Firefox/59.0; 
Time: 18:24:28:938; Method: POST; URl: /register; Cookies: keys: Webstorm-6bd6bd74, values: 8cad0628-0259-4db3-941e-f8f4c757fe05 ; Hostname: localhost; StatusCode: 200; User agent: Mozilla/5.0 (Windows NT 10.0; Win64; x64; rv:59.0) Gecko/20100101 Firefox/59.0; 
Time: 18:24:29:90; Method: POST; URl: /register; Cookies: keys: Webstorm-6bd6bd74, values: 8cad0628-0259-4db3-941e-f8f4c757fe05 ; Hostname: localhost; StatusCode: 200; User agent: Mozilla/5.0 (Windows NT 10.0; Win64; x64; rv:59.0) Gecko/20100101 Firefox/59.0; 
Time: 18:24:29:233; Method: POST; URl: /register; Cookies: keys: Webstorm-6bd6bd74, values: 8cad0628-0259-4db3-941e-f8f4c757fe05 ; Hostname: localhost; StatusCode: 200; User agent: Mozilla/5.0 (Windows NT 10.0; Win64; x64; rv:59.0) Gecko/20100101 Firefox/59.0; 
Time: 18:24:29:385; Method: POST; URl: /register; Cookies: keys: Webstorm-6bd6bd74, values: 8cad0628-0259-4db3-941e-f8f4c757fe05 ; Hostname: localhost; StatusCode: 200; User agent: Mozilla/5.0 (Windows NT 10.0; Win64; x64; rv:59.0) Gecko/20100101 Firefox/59.0; 
Time: 18:24:29:537; Method: POST; URl: /register; Cookies: keys: Webstorm-6bd6bd74, values: 8cad0628-0259-4db3-941e-f8f4c757fe05 ; Hostname: localhost; StatusCode: 200; User agent: Mozilla/5.0 (Windows NT 10.0; Win64; x64; rv:59.0) Gecko/20100101 Firefox/59.0; 
Time: 18:29:53:85; Method: GET; URl: /register; Cookies: keys: Webstorm-6bd6bd74, values: 8cad0628-0259-4db3-941e-f8f4c757fe05 ; Hostname: localhost; StatusCode: 200; User agent: Mozilla/5.0 (Windows NT 10.0; Win64; x64; rv:59.0) Gecko/20100101 Firefox/59.0; 
Time: 18:29:59:64; Method: POST; URl: /register; Cookies: keys: Webstorm-6bd6bd74, values: 8cad0628-0259-4db3-941e-f8f4c757fe05 ; Hostname: localhost; StatusCode: 200; User agent: Mozilla/5.0 (Windows NT 10.0; Win64; x64; rv:59.0) Gecko/20100101 Firefox/59.0; 
Time: 18:30:1:57; Method: POST; URl: /register; Cookies: keys: Webstorm-6bd6bd74, values: 8cad0628-0259-4db3-941e-f8f4c757fe05 ; Hostname: localhost; StatusCode: 200; User agent: Mozilla/5.0 (Windows NT 10.0; Win64; x64; rv:59.0) Gecko/20100101 Firefox/59.0; 
Time: 18:30:1:450; Method: POST; URl: /register; Cookies: keys: Webstorm-6bd6bd74, values: 8cad0628-0259-4db3-941e-f8f4c757fe05 ; Hostname: localhost; StatusCode: 200; User agent: Mozilla/5.0 (Windows NT 10.0; Win64; x64; rv:59.0) Gecko/20100101 Firefox/59.0; 
Time: 18:30:1:794; Method: POST; URl: /register; Cookies: keys: Webstorm-6bd6bd74, values: 8cad0628-0259-4db3-941e-f8f4c757fe05 ; Hostname: localhost; StatusCode: 200; User agent: Mozilla/5.0 (Windows NT 10.0; Win64; x64; rv:59.0) Gecko/20100101 Firefox/59.0; 
Time: 18:30:2:148; Method: POST; URl: /register; Cookies: keys: Webstorm-6bd6bd74, values: 8cad0628-0259-4db3-941e-f8f4c757fe05 ; Hostname: localhost; StatusCode: 200; User agent: Mozilla/5.0 (Windows NT 10.0; Win64; x64; rv:59.0) Gecko/20100101 Firefox/59.0; 
Time: 18:30:2:505; Method: POST; URl: /register; Cookies: keys: Webstorm-6bd6bd74, values: 8cad0628-0259-4db3-941e-f8f4c757fe05 ; Hostname: localhost; StatusCode: 200; User agent: Mozilla/5.0 (Windows NT 10.0; Win64; x64; rv:59.0) Gecko/20100101 Firefox/59.0; 
Time: 18:30:2:867; Method: POST; URl: /register; Cookies: keys: Webstorm-6bd6bd74, values: 8cad0628-0259-4db3-941e-f8f4c757fe05 ; Hostname: localhost; StatusCode: 200; User agent: Mozilla/5.0 (Windows NT 10.0; Win64; x64; rv:59.0) Gecko/20100101 Firefox/59.0; 
Time: 18:30:3:209; Method: POST; URl: /register; Cookies: keys: Webstorm-6bd6bd74, values: 8cad0628-0259-4db3-941e-f8f4c757fe05 ; Hostname: localhost; StatusCode: 200; User agent: Mozilla/5.0 (Windows NT 10.0; Win64; x64; rv:59.0) Gecko/20100101 Firefox/59.0; 
Time: 18:32:44:690; Method: GET; URl: /register; Cookies: keys: Webstorm-6bd6bd74, values: 8cad0628-0259-4db3-941e-f8f4c757fe05 ; Hostname: localhost; StatusCode: 200; User agent: Mozilla/5.0 (Windows NT 10.0; Win64; x64; rv:59.0) Gecko/20100101 Firefox/59.0; 
Time: 18:32:58:248; Method: POST; URl: /register; Cookies: keys: Webstorm-6bd6bd74, values: 8cad0628-0259-4db3-941e-f8f4c757fe05 ; Hostname: localhost; StatusCode: 200; User agent: Mozilla/5.0 (Windows NT 10.0; Win64; x64; rv:59.0) Gecko/20100101 Firefox/59.0; 
Time: 18:33:26:56; Method: POST; URl: /register; Cookies: keys: Webstorm-6bd6bd74, values: 8cad0628-0259-4db3-941e-f8f4c757fe05 ; Hostname: localhost; StatusCode: 200; User agent: Mozilla/5.0 (Windows NT 10.0; Win64; x64; rv:59.0) Gecko/20100101 Firefox/59.0; 
Time: 18:33:26:116; Method: POST; URl: /register; Cookies: keys: Webstorm-6bd6bd74, values: 8cad0628-0259-4db3-941e-f8f4c757fe05 ; Hostname: localhost; StatusCode: 200; User agent: Mozilla/5.0 (Windows NT 10.0; Win64; x64; rv:59.0) Gecko/20100101 Firefox/59.0; 
Time: 18:33:26:202; Method: POST; URl: /register; Cookies: keys: Webstorm-6bd6bd74, values: 8cad0628-0259-4db3-941e-f8f4c757fe05 ; Hostname: localhost; StatusCode: 200; User agent: Mozilla/5.0 (Windows NT 10.0; Win64; x64; rv:59.0) Gecko/20100101 Firefox/59.0; 
Time: 18:33:26:361; Method: POST; URl: /register; Cookies: keys: Webstorm-6bd6bd74, values: 8cad0628-0259-4db3-941e-f8f4c757fe05 ; Hostname: localhost; StatusCode: 200; User agent: Mozilla/5.0 (Windows NT 10.0; Win64; x64; rv:59.0) Gecko/20100101 Firefox/59.0; 
Time: 18:33:26:504; Method: POST; URl: /register; Cookies: keys: Webstorm-6bd6bd74, values: 8cad0628-0259-4db3-941e-f8f4c757fe05 ; Hostname: localhost; StatusCode: 200; User agent: Mozilla/5.0 (Windows NT 10.0; Win64; x64; rv:59.0) Gecko/20100101 Firefox/59.0; 
Time: 18:33:26:664; Method: POST; URl: /register; Cookies: keys: Webstorm-6bd6bd74, values: 8cad0628-0259-4db3-941e-f8f4c757fe05 ; Hostname: localhost; StatusCode: 200; User agent: Mozilla/5.0 (Windows NT 10.0; Win64; x64; rv:59.0) Gecko/20100101 Firefox/59.0; 
Time: 18:34:35:425; Method: GET; URl: /register; Cookies: keys: Webstorm-6bd6bd74, values: 8cad0628-0259-4db3-941e-f8f4c757fe05 ; Hostname: localhost; StatusCode: 200; User agent: Mozilla/5.0 (Windows NT 10.0; Win64; x64; rv:59.0) Gecko/20100101 Firefox/59.0; 
Time: 18:34:35:549; Method: GET; URl: /register; Cookies: keys: Webstorm-6bd6bd74, values: 8cad0628-0259-4db3-941e-f8f4c757fe05 ; Hostname: localhost; StatusCode: 200; User agent: Mozilla/5.0 (Windows NT 10.0; Win64; x64; rv:59.0) Gecko/20100101 Firefox/59.0; 
Time: 18:34:35:801; Method: GET; URl: /register; Cookies: keys: Webstorm-6bd6bd74, values: 8cad0628-0259-4db3-941e-f8f4c757fe05 ; Hostname: localhost; StatusCode: 200; User agent: Mozilla/5.0 (Windows NT 10.0; Win64; x64; rv:59.0) Gecko/20100101 Firefox/59.0; 
Time: 18:35:24:185; Method: POST; URl: /register; Cookies: keys: Webstorm-6bd6bd74, values: 8cad0628-0259-4db3-941e-f8f4c757fe05 ; Hostname: localhost; StatusCode: 200; User agent: Mozilla/5.0 (Windows NT 10.0; Win64; x64; rv:59.0) Gecko/20100101 Firefox/59.0; 
Time: 18:35:37:952; Method: GET; URl: /register; Cookies: keys: Webstorm-6bd6bd74, values: 8cad0628-0259-4db3-941e-f8f4c757fe05 ; Hostname: localhost; StatusCode: 200; User agent: Mozilla/5.0 (Windows NT 10.0; Win64; x64; rv:59.0) Gecko/20100101 Firefox/59.0; 
Time: 18:35:42:751; Method: POST; URl: /register; Cookies: keys: Webstorm-6bd6bd74, values: 8cad0628-0259-4db3-941e-f8f4c757fe05 ; Hostname: localhost; StatusCode: 200; User agent: Mozilla/5.0 (Windows NT 10.0; Win64; x64; rv:59.0) Gecko/20100101 Firefox/59.0; 
Time: 18:43:50:945; Method: GET; URl: /register; Cookies: keys: Webstorm-6bd6bd74, values: 8cad0628-0259-4db3-941e-f8f4c757fe05 ; Hostname: localhost; StatusCode: 200; User agent: Mozilla/5.0 (Windows NT 10.0; Win64; x64; rv:59.0) Gecko/20100101 Firefox/59.0; 
Time: 18:43:58:16; Method: POST; URl: /register; Cookies: keys: Webstorm-6bd6bd74, values: 8cad0628-0259-4db3-941e-f8f4c757fe05 ; Hostname: localhost; StatusCode: 200; User agent: Mozilla/5.0 (Windows NT 10.0; Win64; x64; rv:59.0) Gecko/20100101 Firefox/59.0; 
Time: 18:54:7:523; Method: GET; URl: /register; Cookies: keys: Webstorm-6bd6bd74, values: 8cad0628-0259-4db3-941e-f8f4c757fe05 ; Hostname: localhost; StatusCode: 200; User agent: Mozilla/5.0 (Windows NT 10.0; Win64; x64; rv:59.0) Gecko/20100101 Firefox/59.0; 
Time: 18:54:11:32; Method: GET; URl: /login; Cookies: keys: Webstorm-6bd6bd74, values: 8cad0628-0259-4db3-941e-f8f4c757fe05 ; Hostname: localhost; StatusCode: 200; User agent: Mozilla/5.0 (Windows NT 10.0; Win64; x64; rv:59.0) Gecko/20100101 Firefox/59.0; 
Time: 18:54:11:52; Method: GET; URl: /register; Cookies: keys: Webstorm-6bd6bd74, values: 8cad0628-0259-4db3-941e-f8f4c757fe05 ; Hostname: localhost; StatusCode: 200; User agent: Mozilla/5.0 (Windows NT 10.0; Win64; x64; rv:59.0) Gecko/20100101 Firefox/59.0; 
Time: 18:54:13:22; Method: GET; URl: /home; Cookies: keys: Webstorm-6bd6bd74, values: 8cad0628-0259-4db3-941e-f8f4c757fe05 ; Hostname: localhost; StatusCode: 200; User agent: Mozilla/5.0 (Windows NT 10.0; Win64; x64; rv:59.0) Gecko/20100101 Firefox/59.0; 
Time: 18:54:14:355; Method: GET; URl: /; Cookies: keys: Webstorm-6bd6bd74, values: 8cad0628-0259-4db3-941e-f8f4c757fe05 ; Hostname: localhost; StatusCode: 200; User agent: Mozilla/5.0 (Windows NT 10.0; Win64; x64; rv:59.0) Gecko/20100101 Firefox/59.0; 
Time: 18:54:19:620; Method: GET; URl: /register; Cookies: keys: Webstorm-6bd6bd74, values: 8cad0628-0259-4db3-941e-f8f4c757fe05 ; Hostname: localhost; StatusCode: 200; User agent: Mozilla/5.0 (Windows NT 10.0; Win64; x64; rv:59.0) Gecko/20100101 Firefox/59.0; 
Time: 18:54:26:807; Method: GET; URl: /home; Cookies: keys: Webstorm-6bd6bd74, values: 8cad0628-0259-4db3-941e-f8f4c757fe05 ; Hostname: localhost; StatusCode: 200; User agent: Mozilla/5.0 (Windows NT 10.0; Win64; x64; rv:59.0) Gecko/20100101 Firefox/59.0; 
Time: 18:54:27:759; Method: GET; URl: /; Cookies: keys: Webstorm-6bd6bd74, values: 8cad0628-0259-4db3-941e-f8f4c757fe05 ; Hostname: localhost; StatusCode: 200; User agent: Mozilla/5.0 (Windows NT 10.0; Win64; x64; rv:59.0) Gecko/20100101 Firefox/59.0; 
Time: 18:54:29:156; Method: GET; URl: /home; Cookies: keys: Webstorm-6bd6bd74, values: 8cad0628-0259-4db3-941e-f8f4c757fe05 ; Hostname: localhost; StatusCode: 200; User agent: Mozilla/5.0 (Windows NT 10.0; Win64; x64; rv:59.0) Gecko/20100101 Firefox/59.0; 
Time: 18:54:30:259; Method: GET; URl: /; Cookies: keys: Webstorm-6bd6bd74, values: 8cad0628-0259-4db3-941e-f8f4c757fe05 ; Hostname: localhost; StatusCode: 200; User agent: Mozilla/5.0 (Windows NT 10.0; Win64; x64; rv:59.0) Gecko/20100101 Firefox/59.0; 
Time: 18:56:35:616; Method: GET; URl: /log; Cookies: keys: Webstorm-6bd6bd74 isAdmin, values: 8cad0628-0259-4db3-941e-f8f4c757fe05 true ; Hostname: localhost; StatusCode: 200; User agent: Mozilla/5.0 (Windows NT 10.0; Win64; x64; rv:59.0) Gecko/20100101 Firefox/59.0; 
Time: 18:56:38:107; Method: GET; URl: /log; Cookies: keys: Webstorm-6bd6bd74, values: 8cad0628-0259-4db3-941e-f8f4c757fe05 ; Hostname: localhost; StatusCode: 200; User agent: Mozilla/5.0 (Windows NT 10.0; Win64; x64; rv:59.0) Gecko/20100101 Firefox/59.0; 
Time: 18:56:38:865; Method: GET; URl: /register; Cookies: keys: Webstorm-6bd6bd74, values: 8cad0628-0259-4db3-941e-f8f4c757fe05 ; Hostname: localhost; StatusCode: 200; User agent: Mozilla/5.0 (Windows NT 10.0; Win64; x64; rv:59.0) Gecko/20100101 Firefox/59.0; 
